[2015.09.26-11.19.23:035][  0]Log file open, 09/26/15 15:19:23
[2015.09.26-11.19.23:035][  0]LogInit:Display: Running engine for game: Mount
[2015.09.26-11.19.23:035][  0]LogInit:Display: RandInit(-121738119) SRandInit(-121738119).
[2015.09.26-11.19.23:035][  0]LogTaskGraph: Started task graph with 4 named threads and 5 total threads.
[2015.09.26-11.19.23:035][  0]LogStats: Stats thread started at 0.066949
[2015.09.26-11.19.23:035][  0]LogInit: Version: 4.9.1-2689999+++depot+UE4-Releases+4.9
[2015.09.26-11.19.23:035][  0]LogInit: API Version: 2672455
[2015.09.26-11.19.23:035][  0]LogInit: Compiled (64-bit): Sep 14 2015 04:12:03
[2015.09.26-11.19.23:035][  0]LogInit: Compiled with Visual C++: 18.00.21005.01
[2015.09.26-11.19.23:035][  0]LogInit: Build Configuration: Development
[2015.09.26-11.19.23:035][  0]LogInit: Branch Name: ++depot+UE4-Releases+4.9
[2015.09.26-11.19.23:035][  0]LogInit: Command line: 
[2015.09.26-11.19.23:035][  0]LogInit: Base directory: E:/Epic Games/4.9/Engine/Binaries/Win64/
[2015.09.26-11.19.23:035][  0]LogInit: Rocket: 1
[2015.09.26-11.19.23:045][  0]LogInit: Using libcurl 7.41.0
[2015.09.26-11.19.23:045][  0]LogInit:  - built for x86_64-pc-win32
[2015.09.26-11.19.23:045][  0]LogInit:  - supports SSL with WinSSL
[2015.09.26-11.19.23:045][  0]LogInit:  - other features:
[2015.09.26-11.19.23:045][  0]LogInit:      CURL_VERSION_SSL
[2015.09.26-11.19.23:045][  0]LogInit:      CURL_VERSION_IPV6
[2015.09.26-11.19.23:045][  0]LogInit:      CURL_VERSION_ASYNCHDNS
[2015.09.26-11.19.23:045][  0]LogInit:      CURL_VERSION_LARGEFILE
[2015.09.26-11.19.23:045][  0]LogInit:      CURL_VERSION_IDN
[2015.09.26-11.19.23:045][  0]LogInit:  CurlRequestOptions (configurable via config and command line):
[2015.09.26-11.19.23:045][  0]LogInit:  - bVerifyPeer = true  - Libcurl will verify peer certificate
[2015.09.26-11.19.23:045][  0]LogInit:  - bUseHttpProxy = false  - Libcurl will NOT use HTTP proxy
[2015.09.26-11.19.23:045][  0]LogInit:  - bDontReuseConnections = false  - Libcurl will reuse connections
[2015.09.26-11.19.23:045][  0]LogInit:  - CertBundlePath = nullptr  - Libcurl will use whatever was configured at build time.
[2015.09.26-11.19.23:055][  0]LogInit: Presizing for 0 objects not considered by GC, pre-allocating 0 bytes.
[2015.09.26-11.19.23:065][  0]LogInit: Object subsystem initialized
[2015.09.26-11.19.23:066][  0]LogInit: Selected Device Profile: [Windows]
[2015.09.26-11.19.23:066][  0]LogInit: Applying CVar settings loaded from the selected device profile: [Windows]
[2015.09.26-11.19.23:077][  0]LogInit: Computer: HOME-PC
[2015.09.26-11.19.23:077][  0]LogInit: User: Dima
[2015.09.26-11.19.23:077][  0]LogInit: CPU Page size=4096, Cores=2
[2015.09.26-11.19.23:077][  0]LogInit: High frequency timer resolution =3.092093 MHz
[2015.09.26-11.19.23:077][  0]LogMemory: Memory total: Physical=6.0GB (6GB approx)
[2015.09.26-11.19.23:077][  0]LogMemory: Platform Memory Stats for Windows
[2015.09.26-11.19.23:077][  0]LogMemory: Process Physical Memory: 52.07 MB used, 52.07 MB peak
[2015.09.26-11.19.23:077][  0]LogMemory: Process Virtual Memory: 56.71 MB used, 56.71 MB peak
[2015.09.26-11.19.23:077][  0]LogMemory: Physical Memory: 3829.07 MB used, 6142.05 MB total
[2015.09.26-11.19.23:077][  0]LogMemory: Virtual Memory: 343.61 MB used, 134217728.00 MB total
[2015.09.26-11.19.23:107][  0]LogTextLocalizationManager: No translations for ('ru-RU') exist, falling back to 'en' for localization and internationalization data.
[2015.09.26-11.19.24:181][  0]LogD3D11RHI: Found D3D11 adapter 0: ATI Radeon HD 4800 Series (Engineering Sample - WDDM v1.1) (Feature Level 10_0)
[2015.09.26-11.19.24:181][  0]LogD3D11RHI: Adapter has 1014MB of dedicated video memory, 0MB of dedicated system memory, and 2816MB of shared system memory, 1 output[s]
[2015.09.26-11.19.24:182][  0]LogD3D11RHI: Found D3D11 adapter 1: Microsoft Basic Render Driver (Feature Level 11_0)
[2015.09.26-11.19.24:182][  0]LogD3D11RHI: Adapter has 0MB of dedicated video memory, 0MB of dedicated system memory, and 256MB of shared system memory, 0 output[s]
[2015.09.26-11.19.24:182][  0]LogD3D11RHI: Chosen D3D11 Adapter Id = 0
[2015.09.26-11.19.24:187][  0]LogD3D11RHI: !Direct3DDevice
[2015.09.26-11.19.24:187][  0]LogRHI: Texture pool is 710 MB (70% of 1014 MB)
[2015.09.26-11.19.24:205][  0]LogD3D11RHI: Async texture creation disabled: no driver support
[2015.09.26-11.19.24:210][  0]LogShaderCompilers: Guid format shader working directory is 15 characters bigger than the processId version (D:/Unreal Projects/Mount/Intermediate/Shaders/WorkingDirectory/4696/).
[2015.09.26-11.19.24:211][  0]LogShaderCompilers: Cleaned the shader compiler working directory 'D:/Unreal Projects/Mount/Intermediate/Shaders/tmp/4628C4F8437C325AEB988FA736355888/'.
[2015.09.26-11.19.24:211][  0]LogShaderCompilers:Display: Using Local Shader Compiler.
[2015.09.26-11.19.25:593][  0]LogTemp:Display: Loaded TP AllDesktopTargetPlatform
[2015.09.26-11.19.25:601][  0]LogTemp:Display: Loaded TP WindowsClientTargetPlatform
[2015.09.26-11.19.25:607][  0]LogTemp:Display: Loaded TP WindowsNoEditorTargetPlatform
[2015.09.26-11.19.25:614][  0]LogTemp:Display: Loaded TP WindowsServerTargetPlatform
[2015.09.26-11.19.25:620][  0]LogTemp:Display: Loaded TP WindowsTargetPlatform
[2015.09.26-11.19.25:625][  0]LogTemp:Display: Loaded TP AndroidTargetPlatform
[2015.09.26-11.19.25:629][  0]LogTemp:Display: Loaded TP Android_ASTCTargetPlatform
[2015.09.26-11.19.25:633][  0]LogTemp:Display: Loaded TP Android_ATCTargetPlatform
[2015.09.26-11.19.25:637][  0]LogTemp:Display: Loaded TP Android_DXTTargetPlatform
[2015.09.26-11.19.25:642][  0]LogTemp:Display: Loaded TP Android_ETC1TargetPlatform
[2015.09.26-11.19.25:646][  0]LogTemp:Display: Loaded TP Android_ETC2TargetPlatform
[2015.09.26-11.19.25:651][  0]LogTemp:Display: Loaded TP Android_PVRTCTargetPlatform
[2015.09.26-11.19.25:651][  0]LogTemp:Display: Loaded TP HTML5TargetPlatform
[2015.09.26-11.19.25:670][  0]LogTemp:Display: Loaded TP IOSTargetPlatform
[2015.09.26-11.19.25:674][  0]LogTemp:Display: Loaded TP LinuxNoEditorTargetPlatform
[2015.09.26-11.19.25:678][  0]LogTemp:Display: Loaded TP LinuxServerTargetPlatform
[2015.09.26-11.19.25:682][  0]LogTemp:Display: Loaded TP LinuxTargetPlatform
[2015.09.26-11.19.25:682][  0]LogTargetPlatformManager:Display: Building Assets For Windows
[2015.09.26-11.19.25:781][  0]LogDerivedDataCache:Display: Max Cache Size: 512 MB
[2015.09.26-11.19.25:866][  0]LogDerivedDataCache: Loaded boot cache 0.08s 36MB C:/Users/Dima/AppData/Local/UnrealEngine/4.9/DerivedDataCache/Boot.ddc.
[2015.09.26-11.19.25:866][  0]LogDerivedDataCache:Display: Loaded Boot cache: C:/Users/Dima/AppData/Local/UnrealEngine/4.9/DerivedDataCache/Boot.ddc
[2015.09.26-11.19.25:866][  0]LogDerivedDataCache: FDerivedDataBackendGraph:  Pak pak cache file D:/Unreal Projects/Mount/DerivedDataCache/DDC.ddp not found, will not use a pak cache.
[2015.09.26-11.19.25:866][  0]LogDerivedDataCache: Unable to find inner node Pak for hierarchical cache Hierarchy.
[2015.09.26-11.19.25:866][  0]LogDerivedDataCache: FDerivedDataBackendGraph:  CompressedPak pak cache file D:/Unreal Projects/Mount/DerivedDataCache/Compressed.ddp not found, will not use a pak cache.
[2015.09.26-11.19.25:866][  0]LogDerivedDataCache: Unable to find inner node CompressedPak for hierarchical cache Hierarchy.
[2015.09.26-11.19.26:027][  0]LogDerivedDataCache:Display: Pak cache opened for reading ../../../Engine/DerivedDataCache/Compressed.ddp.
[2015.09.26-11.19.26:039][  0]LogDerivedDataCache: Using Local data cache path C:/Users/Dima/AppData/Local/UnrealEngine/Common/DerivedDataCache: Writable
[2015.09.26-11.19.26:272][  0]LogInit: Selected Device Profile: [Windows]
[2015.09.26-11.19.26:277][  0]LogContentStreaming: Texture pool size is 0.000000MB
[2015.09.26-11.19.26:413][  0]LogMeshUtilities: No automatic mesh reduction module available
[2015.09.26-11.19.26:413][  0]LogMeshUtilities: No automatic mesh merging module available
[2015.09.26-11.19.26:769][  0]LogInit: WinSock: version 1.1 (2.2), MaxSocks=32767, MaxUdp=65467
[2015.09.26-11.19.27:710][  0]UdpMessaging: Initializing bridge on interface 0.0.0.0:0 to multicast group 230.0.0.1:6666.
[2015.09.26-11.19.27:816][  0]LogAssetRegistry: FAssetRegistry took 0.0112 seconds to start up
[2015.09.26-11.19.28:010][  0]SourceControl: Info Source control is disabled
[2015.09.26-11.19.28:021][  0]SourceControl: Info Source control is disabled
[2015.09.26-11.19.28:033][  0]SourceControl: Info Source control is disabled
[2015.09.26-11.19.28:046][  0]SourceControl: Info Source control is disabled
[2015.09.26-11.19.28:229][  0]LogLinker:Warning: Asset '../../../Engine/Plugins/Runtime/LeapMotionController/Content/LM_PassthroughMaterial.uasset' has been saved with empty engine version. The asset will be loaded but may be incompatible.
[2015.09.26-11.19.28:324][  0]LogObj: 28361 objects as part of root set at end of initial load.
[2015.09.26-11.19.28:324][  0]LogUObjectAllocator: 6038864 out of 0 bytes used by permanent object pool.
[2015.09.26-11.19.28:392][  0]LogEngine: Initializing Engine...
[2015.09.26-11.19.28:394][  0]LogHMD: Can't find Oculus library dev build: is proper Runtime installed? Version: 0.7.0.0
[2015.09.26-11.19.28:395][  0]LogHMD: SteamVR failed to initialize.  Err: 110
[2015.09.26-11.19.28:539][  0]LogAIModule: Creating AISystem for world NewWorld
[2015.09.26-11.19.28:547][  0]LogInit: XAudio2 using 'Динамики (Устройство с поддержкой High Definition Audio)' : 2 channels at 44.1 kHz using 16 bits per sample (channel mask 0x3)
[2015.09.26-11.19.28:563][  0]LogInit: FAudioDevice initialized.
[2015.09.26-11.19.28:598][  0]LogDerivedDataCache: Saved boot cache 0.03s 36MB C:/Users/Dima/AppData/Local/UnrealEngine/4.9/DerivedDataCache/Boot.ddc.
[2015.09.26-11.19.28:614][  0]LogInit: Texture streaming: Enabled
[2015.09.26-11.19.28:621][  0]LogAnalytics: Creating configured Analytics provider AnalyticsET
[2015.09.26-11.19.28:621][  0]LogAnalytics: [UEEditor.Rocket.Release] APIServer = http://et2.epicgames.com/ET2/. AppVersion = 4.9.1-2689999+++depot+UE4-Releases+4.9
[2015.09.26-11.19.28:622][  0]LogAnalytics: [UEEditor.Rocket.Release] SetUserId 43b2b92f40fd89f5f59b00a7dd5b4531|ad35640b2cea4448bd26c779f4aa1f40|c2aa0f81-c9e6-4b47-aeb3-6305f92e1b8c
[2015.09.26-11.19.28:622][  0]LogAnalytics: [UEEditor.Rocket.Release] AnalyticsET::StartSession
[2015.09.26-11.19.28:631][  0]LogWindowsTextInputMethodSystem:Display: IME system now deactivated.
[2015.09.26-11.19.28:646][  0]LogInit: Transaction tracking system initialized
[2015.09.26-11.19.28:683][  0]BlueprintLog: New page: Editor Load
[2015.09.26-11.19.28:779][  0]LocalizationService: Info Localization service is disabled
[2015.09.26-11.19.28:870][  0]LogConsoleResponse:Display: 
[2015.09.26-11.19.29:046][  0]LogCook:Display: Done creating registry. It took  0.00s.
[2015.09.26-11.19.29:131][  0]LogFileCache: Scanning file cache for directory 'D:/Unreal Projects/Mount/Content/' took 0.03s
[2015.09.26-11.19.29:131][  0]SourceControl: Info Source control is disabled
[2015.09.26-11.19.29:131][  0]Cmd: MAP LOAD FILE="D:/Unreal Projects/Mount/Content/StarterContent/Maps/Minimal_Default.umap" TEMPLATE=0 SHOWPROGRESS=1 FEATURELEVEL=2
[2015.09.26-11.19.29:132][  0]LightingResults: New page: Lighting Build
[2015.09.26-11.19.29:136][  0]MapCheck: New page: Map Check
[2015.09.26-11.19.29:136][  0]LightingResults: New page: Lighting Build
[2015.09.26-11.19.29:161][  0]LogParticles: Destroying 0 GPU particle simulations for FXSystem 0x000000265D2B7420
[2015.09.26-11.19.29:527][  0]LogMaterial: Missing cached shader map for material M_StatueGlass, compiling. 
[2015.09.26-11.19.29:742][  0]LogAIModule: Creating AISystem for world Minimal_Default
[2015.09.26-11.19.29:752][  0]LogStaticMesh:Warning: Cached component instance data transform did not match!  Discarding cached lighting data which will cause lighting to be unbuilt.
/Game/StarterContent/Maps/Minimal_Default.Minimal_Default:PersistentLevel.BP_Sky_Sphere_C_2.Sky Sphere mesh
Current X=0.000000 Y=0.000000 Z=0.000000 Cached X=0.000000 Y=0.000000 Z=0.000000
[2015.09.26-11.19.29:753][  0]LogEditorServer: Finished looking for orphan Actors (0.000 secs)
[2015.09.26-11.19.29:754][  0]Cmd: MAP CHECKDEP NOCLEARLOG
[2015.09.26-11.19.29:852][  0]MapCheck: Info Map check complete: 0 Error(s), 0 Warning(s), took 97.782ms to complete.
[2015.09.26-11.19.29:852][  0]LogFileHelpers: Loading map 'Minimal_Default' took 0.721
[2015.09.26-11.19.30:125][  0]LogCollectionManager: Loaded 0 collections in 0.002803 seconds
[2015.09.26-11.19.30:261][  0]LogFileCache: Scanning file cache for directory 'D:/Unreal Projects/Mount/Saved/Collections/' took 0.04s
[2015.09.26-11.19.30:261][  0]LogFileCache: Scanning file cache for directory 'D:/Unreal Projects/Mount/Content/Developers/Dima/Collections/' took 0.04s
[2015.09.26-11.19.30:261][  0]LogFileCache: Scanning file cache for directory 'D:/Unreal Projects/Mount/Content/Collections/' took 0.04s
[2015.09.26-11.19.30:261][  0]LogContentBrowser: Native class hierarchy populated in 0.0105 seconds. Added 1867 classes and 333 folders.
[2015.09.26-11.19.30:284][  0]LogCollectionManager: Rebuilt the GUID cache for 0 collections in 0.000003 seconds
[2015.09.26-11.19.30:361][  0]LogContentBrowser: Native class hierarchy updated for 'WidgetCarousel' in 0.0004 seconds. Added 0 classes and 0 folders.
[2015.09.26-11.19.30:452][  0]LogContentBrowser: Native class hierarchy updated for 'AddContentDialog' in 0.0004 seconds. Added 0 classes and 0 folders.
[2015.09.26-11.19.30:465][  0]LogContentBrowser: Native class hierarchy updated for 'SceneOutliner' in 0.0004 seconds. Added 1 classes and 2 folders.
[2015.09.26-11.19.30:586][  0]LogCrashTracker: Crashtracker disabled due to settings.
[2015.09.26-11.19.30:625][  0]LogUObjectGlobals:Warning: Failed to find object 'Class None.'
[2015.09.26-11.19.30:709][  0]LogLoad: Full Startup: 8.26 seconds (BP compile: 0.06 seconds)
[2015.09.26-11.19.30:803][  0]LogContentStreaming: Texture pool size now 1000 MB
[2015.09.26-11.19.30:992][  0]LogRenderer: Reallocating scene render targets to support 1208x576 (Frame:2).
[2015.09.26-11.19.31:720][  4]LogAssetRegistry: Asset discovery search completed in 3.9151 seconds
[2015.09.26-11.19.31:720][  4]LogCollectionManager: Rebuilt the object cache for 0 collections in 0.000001 seconds (found 0 objects)
[2015.09.26-11.19.31:720][  4]LogCollectionManager: Fixed up redirectors for 0 collections in 0.000028 seconds (updated 0 objects)
[2015.09.26-11.19.41:369][555]LogBlueprintUserMessages: Early PlayInEditor Detection: Level '/Game/StarterContent/Maps/Minimal_Default.Minimal_Default:PersistentLevel' has LevelScriptBlueprint '/Game/StarterContent/Maps/Minimal_Default.Minimal_Default:PersistentLevel.Minimal_Default' with GeneratedClass '/Game/StarterContent/Maps/Minimal_Default.Minimal_Default_C' with ClassGeneratedBy '/Game/StarterContent/Maps/Minimal_Default.Minimal_Default:PersistentLevel.Minimal_Default'
[2015.09.26-11.19.41:369][555]LogPlayLevel: PlayLevel: No blueprints needed recompiling
[2015.09.26-11.19.41:370][555]PIE: New page: PIE session: Minimal_Default (Sep 26, 2015, 7:19:41 PM)
[2015.09.26-11.19.41:370][555]LogPlayLevel: Creating play world package: /Game/StarterContent/Maps/UEDPIE_0_Minimal_Default
[2015.09.26-11.19.41:395][555]LogPlayLevel: PIE: StaticDuplicateObject took: (0.025058s)
[2015.09.26-11.19.41:396][555]LogAIModule: Creating AISystem for world Minimal_Default
[2015.09.26-11.19.41:396][555]LogPlayLevel: PIE: World Init took: (0.000947s)
[2015.09.26-11.19.41:396][555]LogPlayLevel: PIE: Created PIE world by copying editor world from /Game/StarterContent/Maps/Minimal_Default.Minimal_Default to /Game/StarterContent/Maps/UEDPIE_0_Minimal_Default.Minimal_Default (0.026202s)
[2015.09.26-11.19.41:435][555]LogInit: XAudio2 using 'Динамики (Устройство с поддержкой High Definition Audio)' : 2 channels at 44.1 kHz using 16 bits per sample (channel mask 0x3)
[2015.09.26-11.19.41:453][555]LogInit: FAudioDevice initialized.
[2015.09.26-11.19.41:509][555]LogWorld: Game class is 'GameMode'
[2015.09.26-11.19.41:513][555]LogWorld: Bringing World /Game/StarterContent/Maps/UEDPIE_0_Minimal_Default.Minimal_Default up for play (max tick rate 0) at 2015.09.26-15.19.41
[2015.09.26-11.19.41:513][555]LogActor:Warning: GameSession /Game/StarterContent/Maps/UEDPIE_0_Minimal_Default.Minimal_Default:PersistentLevel.GameSession_0 has natively added scene component(s), but none of them were set as the actor's RootComponent - picking one arbitrarily
[2015.09.26-11.19.41:513][555]LogActor:Warning: GameNetworkManager /Game/StarterContent/Maps/UEDPIE_0_Minimal_Default.Minimal_Default:PersistentLevel.GameNetworkManager_0 has natively added scene component(s), but none of them were set as the actor's RootComponent - picking one arbitrarily
[2015.09.26-11.19.41:513][555]LogWorld: Bringing up level for play took: 0.002753
[2015.09.26-11.19.41:540][555]PIE: Info Play in editor start time for /Game/StarterContent/Maps/UEDPIE_0_Minimal_Default -0.399
[2015.09.26-11.19.41:540][555]LogBlueprintUserMessages: Late PlayInEditor Detection: Level '/Game/StarterContent/Maps/Minimal_Default.Minimal_Default:PersistentLevel' has LevelScriptBlueprint '/Game/StarterContent/Maps/Minimal_Default.Minimal_Default:PersistentLevel.Minimal_Default' with GeneratedClass '/Game/StarterContent/Maps/Minimal_Default.Minimal_Default_C' with ClassGeneratedBy '/Game/StarterContent/Maps/Minimal_Default.Minimal_Default:PersistentLevel.Minimal_Default'
[2015.09.26-11.19.41:659][556]LogRenderer: Reallocating scene render targets to support 1280x720 (Frame:545).
[2015.09.26-11.19.44:368][727]LogBlueprintUserMessages: Early EndPlayMap Detection: Level '/Game/StarterContent/Maps/Minimal_Default.Minimal_Default:PersistentLevel' has LevelScriptBlueprint '/Game/StarterContent/Maps/Minimal_Default.Minimal_Default:PersistentLevel.Minimal_Default' with GeneratedClass '/Game/StarterContent/Maps/Minimal_Default.Minimal_Default_C' with ClassGeneratedBy '/Game/StarterContent/Maps/Minimal_Default.Minimal_Default:PersistentLevel.Minimal_Default'
[2015.09.26-11.19.44:418][727]LogBlueprintUserMessages: Late EndPlayMap Detection: Level '/Game/StarterContent/Maps/Minimal_Default.Minimal_Default:PersistentLevel' has LevelScriptBlueprint '/Game/StarterContent/Maps/Minimal_Default.Minimal_Default:PersistentLevel.Minimal_Default' with GeneratedClass '/Game/StarterContent/Maps/Minimal_Default.Minimal_Default_C' with ClassGeneratedBy '/Game/StarterContent/Maps/Minimal_Default.Minimal_Default:PersistentLevel.Minimal_Default'
[2015.09.26-11.19.44:447][727]LogParticles: Destroying 0 GPU particle simulations for FXSystem 0x00000026640A09A0
[2015.09.26-11.19.45:908][818]LogLinker:Warning: Asset '../../../Engine/Content/ArtTools/RenderToTexture/Macros/RenderToTextureMacros.uasset' has been saved with empty engine version. The asset will be loaded but may be incompatible.
[2015.09.26-11.19.46:601][818]LogContentBrowser: Native class hierarchy updated for 'BlueprintGraph' in 0.0010 seconds. Added 107 classes and 0 folders.
[2015.09.26-11.20.12:007][ 23]LogShaderCompilers:Warning: Failed to compile Material /Game/StarterContent/Props/Materials/M_StatueGlass.M_StatueGlass for platform PCD3D_SM4, Default Material will be used in game.
[2015.09.26-11.20.30:571][183]BlueprintLog: New page: Compile MainMenu
[2015.09.26-11.20.30:679][183]LogParticles: Destroying 0 GPU particle simulations for FXSystem 0x000000265D663560
[2015.09.26-11.20.30:681][183]LogParticles: Destroying 0 GPU particle simulations for FXSystem 0x0000002662318680
[2015.09.26-11.20.30:695][183]BlueprintEditorCompileResults: Info [0068.25] Compile of MainMenu successful! [in 124 ms]
[2015.09.26-11.20.31:189][236]Cmd: OBJ SAVEPACKAGE PACKAGE="/Game/StarterContent/MainMenu/MainMenu" FILE="D:/Unreal Projects/Mount/Content/StarterContent/MainMenu/MainMenu.uasset" SILENT=true
[2015.09.26-11.20.31:233][236]LogSavePackage: Save=39.127865ms
[2015.09.26-11.20.31:234][236]LogSavePackage: Moving 'D:/Unreal Projects/Mount/Saved/MainMenu8FA59CB64E6E2F076ECF8699E179036A.tmp' to 'D:/Unreal Projects/Mount/Content/StarterContent/MainMenu/MainMenu.uasset'
[2015.09.26-11.20.31:235][236]LogSavePackage: Total save time: 45.284864ms
[2015.09.26-11.20.31:235][236]LogSavePackage:Warning: Finished SavePackage D:/Unreal Projects/Mount/Content/StarterContent/MainMenu/MainMenu.uasset
[2015.09.26-11.20.34:169][458]LogActor:Warning: GameNetworkManager /Engine/Transient.World_6:PersistentLevel.GameNetworkManager_1 has natively added scene component(s), but none of them were set as the actor's RootComponent - picking one arbitrarily
[2015.09.26-11.21.03:974][949]LogEditorViewport: Clicking on Actor (LMB): PlayerStart (Player Start)
[2015.09.26-11.21.05:943][ 61]LogNavigationPoint: PostEditMove Clear paths rebuilt
[2015.09.26-11.21.29:605][770]LogEditorViewport: Clicking on Actor (LMB): StaticMeshActor (Floor)
[2015.09.26-11.21.31:617][865]LogParticles: Destroying 0 GPU particle simulations for FXSystem 0x000000266E03BC40
[2015.09.26-11.21.31:618][865]LogParticles: Destroying 0 GPU particle simulations for FXSystem 0x000000266DF87600
[2015.09.26-11.21.31:620][865]LogParticles: Destroying 0 GPU particle simulations for FXSystem 0x000000266FE8C900
[2015.09.26-11.21.31:621][865]LogParticles: Destroying 0 GPU particle simulations for FXSystem 0x000000265D662200
[2015.09.26-11.21.31:623][865]LogParticles: Destroying 0 GPU particle simulations for FXSystem 0x00000026705AA8E0
[2015.09.26-11.21.31:624][865]LogParticles: Destroying 0 GPU particle simulations for FXSystem 0x000000266FF6C5E0
[2015.09.26-11.21.31:625][865]LogParticles: Destroying 0 GPU particle simulations for FXSystem 0x000000266DE6DEE0
[2015.09.26-11.21.31:627][865]LogParticles: Destroying 0 GPU particle simulations for FXSystem 0x000000266DE6E980
[2015.09.26-11.21.31:738][865]Cmd: OBJ SAVEPACKAGE PACKAGE="/Game/StarterContent/Maps/Minimal_Default" FILE="D:/Unreal Projects/Mount/Content/StarterContent/Maps/Minimal_Default.umap" SILENT=true AUTOSAVING=false KEEPDIRTY=false
[2015.09.26-11.21.31:963][865]LogSavePackage: Save=165.816818ms
[2015.09.26-11.21.31:963][865]LogSavePackage: Moving 'D:/Unreal Projects/Mount/Saved/Minimal_Default3D3ACBF1420F78B50E705386991A315D.tmp' to 'D:/Unreal Projects/Mount/Content/StarterContent/Maps/Minimal_Default.umap'
[2015.09.26-11.21.31:964][865]LogSavePackage: Total save time: 172.002263ms
[2015.09.26-11.21.31:964][865]LogSavePackage:Warning: Finished SavePackage D:/Unreal Projects/Mount/Content/StarterContent/Maps/Minimal_Default.umap
[2015.09.26-11.21.31:998][865]LogFileHelpers: Saving map 'Minimal_Default' took 0.342
[2015.09.26-11.21.32:382][889]Cmd: OBJ SAVEPACKAGE PACKAGE="/Game/StarterContent/Maps/Minimal_Default" FILE="D:/Unreal Projects/Mount/Content/StarterContent/Maps/Minimal_Default.umap" SILENT=true AUTOSAVING=false KEEPDIRTY=false
[2015.09.26-11.21.32:594][889]LogSavePackage: Save=158.053131ms
[2015.09.26-11.21.32:594][889]LogSavePackage: Moving 'D:/Unreal Projects/Mount/Saved/Minimal_Default8D7A6EC44A38B03EE5401E9B3B0C1CBD.tmp' to 'D:/Unreal Projects/Mount/Content/StarterContent/Maps/Minimal_Default.umap'
[2015.09.26-11.21.32:595][889]LogSavePackage: Total save time: 160.188586ms
[2015.09.26-11.21.32:595][889]LogSavePackage:Warning: Finished SavePackage D:/Unreal Projects/Mount/Content/StarterContent/Maps/Minimal_Default.umap
[2015.09.26-11.21.45:245][797]Cmd: MAP LOAD FILE="../../../Engine/Content/Maps/Templates/Template_Default.umap" TEMPLATE=1 SHOWPROGRESS=1 FEATURELEVEL=2
[2015.09.26-11.21.45:269][797]LightingResults: New page: Lighting Build
[2015.09.26-11.21.45:287][797]LoadErrors: New page: Loading map: Template_Default.umap
[2015.09.26-11.21.45:288][797]MapCheck: New page: Map Check
[2015.09.26-11.21.45:288][797]LightingResults: New page: Lighting Build
[2015.09.26-11.21.45:336][797]LogParticles: Destroying 0 GPU particle simulations for FXSystem 0x000000264F60A700
[2015.09.26-11.21.45:340][797]LogParticles: Destroying 0 GPU particle simulations for FXSystem 0x000000266DBA2F20
[2015.09.26-11.21.45:390][797]LogAIModule: Creating AISystem for world Untitled_1
[2015.09.26-11.21.45:464][797]LogEditorServer: Finished looking for orphan Actors (0.000 secs)
[2015.09.26-11.21.45:476][797]Cmd: MAP CHECKDEP NOCLEARLOG
[2015.09.26-11.21.45:550][797]MapCheck: Info Map check complete: 0 Error(s), 0 Warning(s), took 73.554ms to complete.
[2015.09.26-11.21.45:550][797]LogFileHelpers: Loading map 'Template_Default' took 0.306
[2015.09.26-11.21.49:648][ 83]LogEditorViewport: Clicking on Actor (LMB): PlayerStart (Player Start)
[2015.09.26-11.21.51:605][216]LogNavigationPoint: PostEditMove Clear paths rebuilt
[2015.09.26-11.21.52:177][253]LogEditorViewport: Clicking on Actor (LMB): DirectionalLight (Light Source)
[2015.09.26-11.22.29:854][699]Cmd: OBJ SAVEPACKAGE PACKAGE="/Game/StarterContent/Maps/NewMap" FILE="D:/Unreal Projects/Mount/Content/StarterContent/Maps/NewMap.umap" SILENT=true AUTOSAVING=false KEEPDIRTY=false
[2015.09.26-11.22.29:943][699]LogSavePackage: Save=35.876671ms
[2015.09.26-11.22.29:943][699]LogSavePackage: Moving 'D:/Unreal Projects/Mount/Saved/NewMapEB4F2A4249C9C3E2EB881ABA319B58F8.tmp' to 'D:/Unreal Projects/Mount/Content/StarterContent/Maps/NewMap.umap'
[2015.09.26-11.22.29:944][699]LogSavePackage: Total save time: 37.345257ms
[2015.09.26-11.22.29:944][699]LogSavePackage:Warning: Finished SavePackage D:/Unreal Projects/Mount/Content/StarterContent/Maps/NewMap.umap
[2015.09.26-11.22.29:979][699]LogFileHelpers: Saving map 'NewMap' took 1.280
[2015.09.26-11.22.32:262][857]LogPlayLevel: PlayLevel: No blueprints needed recompiling
[2015.09.26-11.22.32:262][857]PIE: New page: PIE session: NewMap (Sep 26, 2015, 7:22:32 PM)
[2015.09.26-11.22.32:262][857]LogPlayLevel: Creating play world package: /Game/StarterContent/Maps/UEDPIE_0_NewMap
[2015.09.26-11.22.32:265][857]LogPlayLevel: PIE: StaticDuplicateObject took: (0.002741s)
[2015.09.26-11.22.32:266][857]LogAIModule: Creating AISystem for world NewMap
[2015.09.26-11.22.32:266][857]LogPlayLevel: PIE: World Init took: (0.001060s)
[2015.09.26-11.22.32:266][857]LogPlayLevel: PIE: Created PIE world by copying editor world from /Game/StarterContent/Maps/NewMap.NewMap to /Game/StarterContent/Maps/UEDPIE_0_NewMap.NewMap (0.004105s)
[2015.09.26-11.22.32:323][857]LogInit: XAudio2 using 'Динамики (Устройство с поддержкой High Definition Audio)' : 2 channels at 44.1 kHz using 16 bits per sample (channel mask 0x3)
[2015.09.26-11.22.32:329][857]LogInit: FAudioDevice initialized.
[2015.09.26-11.22.32:366][857]LogWorld: Game class is 'GameMode'
[2015.09.26-11.22.32:368][857]LogWorld: Bringing World /Game/StarterContent/Maps/UEDPIE_0_NewMap.NewMap up for play (max tick rate 0) at 2015.09.26-15.22.32
[2015.09.26-11.22.32:368][857]LogActor:Warning: GameSession /Game/StarterContent/Maps/UEDPIE_0_NewMap.NewMap:PersistentLevel.GameSession_1 has natively added scene component(s), but none of them were set as the actor's RootComponent - picking one arbitrarily
[2015.09.26-11.22.32:369][857]LogActor:Warning: GameNetworkManager /Game/StarterContent/Maps/UEDPIE_0_NewMap.NewMap:PersistentLevel.GameNetworkManager_2 has natively added scene component(s), but none of them were set as the actor's RootComponent - picking one arbitrarily
[2015.09.26-11.22.32:369][857]LogWorld: Bringing up level for play took: 0.002011
[2015.09.26-11.22.32:392][857]PIE: Info Play in editor start time for /Game/StarterContent/Maps/UEDPIE_0_NewMap 0.453
[2015.09.26-11.22.35:465][ 65]LogParticles: Destroying 0 GPU particle simulations for FXSystem 0x000000266D74BC40
[2015.09.26-11.22.38:506][337]LogPlayLevel: PlayLevel: No blueprints needed recompiling
[2015.09.26-11.22.38:506][337]PIE: New page: PIE session: NewMap (Sep 26, 2015, 7:22:38 PM)
[2015.09.26-11.22.38:506][337]LogPlayLevel: Creating play world package: /Game/StarterContent/Maps/UEDPIE_0_NewMap
[2015.09.26-11.22.38:509][337]LogPlayLevel: PIE: StaticDuplicateObject took: (0.002465s)
[2015.09.26-11.22.38:510][337]LogAIModule: Creating AISystem for world NewMap
[2015.09.26-11.22.38:510][337]LogPlayLevel: PIE: World Init took: (0.001126s)
[2015.09.26-11.22.38:510][337]LogPlayLevel: PIE: Created PIE world by copying editor world from /Game/StarterContent/Maps/NewMap.NewMap to /Game/StarterContent/Maps/UEDPIE_0_NewMap.NewMap (0.003801s)
[2015.09.26-11.22.38:567][337]LogInit: XAudio2 using 'Динамики (Устройство с поддержкой High Definition Audio)' : 2 channels at 44.1 kHz using 16 bits per sample (channel mask 0x3)
[2015.09.26-11.22.38:572][337]LogInit: FAudioDevice initialized.
[2015.09.26-11.22.38:603][337]LogWorld: Game class is 'GameMode'
[2015.09.26-11.22.38:605][337]LogWorld: Bringing World /Game/StarterContent/Maps/UEDPIE_0_NewMap.NewMap up for play (max tick rate 0) at 2015.09.26-15.22.38
[2015.09.26-11.22.38:605][337]LogActor:Warning: GameSession /Game/StarterContent/Maps/UEDPIE_0_NewMap.NewMap:PersistentLevel.GameSession_2 has natively added scene component(s), but none of them were set as the actor's RootComponent - picking one arbitrarily
[2015.09.26-11.22.38:606][337]LogActor:Warning: GameNetworkManager /Game/StarterContent/Maps/UEDPIE_0_NewMap.NewMap:PersistentLevel.GameNetworkManager_3 has natively added scene component(s), but none of them were set as the actor's RootComponent - picking one arbitrarily
[2015.09.26-11.22.38:606][337]LogWorld: Bringing up level for play took: 0.002179
[2015.09.26-11.22.38:629][337]PIE: Info Play in editor start time for /Game/StarterContent/Maps/UEDPIE_0_NewMap 0.69
[2015.09.26-11.22.40:067][432]LogParticles: Destroying 0 GPU particle simulations for FXSystem 0x000000266D7C9080
[2015.09.26-11.23.00:715][597]LogPlayLevel: PlayLevel: No blueprints needed recompiling
[2015.09.26-11.23.00:716][597]PIE: New page: PIE session: NewMap (Sep 26, 2015, 7:23:00 PM)
[2015.09.26-11.23.00:716][597]LogPlayLevel: Creating play world package: /Game/StarterContent/Maps/UEDPIE_0_NewMap
[2015.09.26-11.23.00:718][597]LogPlayLevel: PIE: StaticDuplicateObject took: (0.002522s)
[2015.09.26-11.23.00:719][597]LogAIModule: Creating AISystem for world NewMap
[2015.09.26-11.23.00:719][597]LogPlayLevel: PIE: World Init took: (0.001009s)
[2015.09.26-11.23.00:720][597]LogPlayLevel: PIE: Created PIE world by copying editor world from /Game/StarterContent/Maps/NewMap.NewMap to /Game/StarterContent/Maps/UEDPIE_0_NewMap.NewMap (0.003814s)
[2015.09.26-11.23.00:778][597]LogInit: XAudio2 using 'Динамики (Устройство с поддержкой High Definition Audio)' : 2 channels at 44.1 kHz using 16 bits per sample (channel mask 0x3)
[2015.09.26-11.23.00:784][597]LogInit: FAudioDevice initialized.
[2015.09.26-11.23.00:818][597]LogWorld: Game class is 'GameMode'
[2015.09.26-11.23.00:820][597]LogWorld: Bringing World /Game/StarterContent/Maps/UEDPIE_0_NewMap.NewMap up for play (max tick rate 0) at 2015.09.26-15.23.00
[2015.09.26-11.23.00:820][597]LogActor:Warning: GameSession /Game/StarterContent/Maps/UEDPIE_0_NewMap.NewMap:PersistentLevel.GameSession_3 has natively added scene component(s), but none of them were set as the actor's RootComponent - picking one arbitrarily
[2015.09.26-11.23.00:821][597]LogActor:Warning: GameNetworkManager /Game/StarterContent/Maps/UEDPIE_0_NewMap.NewMap:PersistentLevel.GameNetworkManager_4 has natively added scene component(s), but none of them were set as the actor's RootComponent - picking one arbitrarily
[2015.09.26-11.23.00:821][597]LogWorld: Bringing up level for play took: 0.002181
[2015.09.26-11.23.00:839][597]PIE: Info Play in editor start time for /Game/StarterContent/Maps/UEDPIE_0_NewMap 0.899
[2015.09.26-11.23.03:454][771]LogParticles: Destroying 0 GPU particle simulations for FXSystem 0x000000266D6AE2A0
[2015.09.26-11.23.27:275][438]LogAIModule: Creating AISystem for world Minimal_Default
[2015.09.26-11.23.27:276][438]LogStaticMesh:Warning: Cached component instance data transform did not match!  Discarding cached lighting data which will cause lighting to be unbuilt.
/Game/StarterContent/Maps/Minimal_Default.Minimal_Default:PersistentLevel.BP_Sky_Sphere_C_2.Sky Sphere mesh
Current X=0.000000 Y=0.000000 Z=0.000000 Cached X=0.000000 Y=0.000000 Z=0.000000
[2015.09.26-11.23.27:333][438]Cmd: MAP LOAD FILE="D:/Unreal Projects/Mount/Content/StarterContent/Maps/Minimal_Default.umap" TEMPLATE=0 SHOWPROGRESS=1 FEATURELEVEL=2
[2015.09.26-11.23.27:333][438]LightingResults: New page: Lighting Build
[2015.09.26-11.23.27:350][438]LoadErrors: New page: Loading map: Minimal_Default.umap
[2015.09.26-11.23.27:351][438]MapCheck: New page: Map Check
[2015.09.26-11.23.27:351][438]LightingResults: New page: Lighting Build
[2015.09.26-11.23.27:406][438]LogParticles: Destroying 0 GPU particle simulations for FXSystem 0x0000002663082F20
[2015.09.26-11.23.27:407][438]LogStaticMesh:Warning: Cached component instance data transform did not match!  Discarding cached lighting data which will cause lighting to be unbuilt.
/Game/StarterContent/Maps/Minimal_Default.Minimal_Default:PersistentLevel.BP_Sky_Sphere_C_2.Sky Sphere mesh
Current X=0.000000 Y=0.000000 Z=0.000000 Cached X=0.000000 Y=0.000000 Z=0.000000
[2015.09.26-11.23.27:493][438]LogEditorServer: Finished looking for orphan Actors (0.000 secs)
[2015.09.26-11.23.27:530][438]Cmd: MAP CHECKDEP NOCLEARLOG
[2015.09.26-11.23.27:602][438]MapCheck: Info Map check complete: 0 Error(s), 0 Warning(s), took 71.825ms to complete.
[2015.09.26-11.23.27:602][438]LogFileHelpers: Loading map 'Minimal_Default' took 0.270
[2015.09.26-11.23.29:085][533]LogAIModule: Creating AISystem for world NewMap
[2015.09.26-11.23.29:144][533]Cmd: MAP LOAD FILE="D:/Unreal Projects/Mount/Content/StarterContent/Maps/NewMap.umap" TEMPLATE=0 SHOWPROGRESS=1 FEATURELEVEL=2
[2015.09.26-11.23.29:144][533]LightingResults: New page: Lighting Build
[2015.09.26-11.23.29:161][533]LoadErrors: New page: Loading map: NewMap.umap
[2015.09.26-11.23.29:161][533]MapCheck: New page: Map Check
[2015.09.26-11.23.29:161][533]LightingResults: New page: Lighting Build
[2015.09.26-11.23.29:210][533]LogParticles: Destroying 0 GPU particle simulations for FXSystem 0x0000002669517B00
[2015.09.26-11.23.29:321][533]LogEditorServer: Finished looking for orphan Actors (0.000 secs)
[2015.09.26-11.23.29:358][533]Cmd: MAP CHECKDEP NOCLEARLOG
[2015.09.26-11.23.29:429][533]MapCheck: Info Map check complete: 0 Error(s), 0 Warning(s), took 71.473ms to complete.
[2015.09.26-11.23.29:429][533]LogFileHelpers: Loading map 'NewMap' took 0.286
[2015.09.26-11.23.58:796][443]LogBlueprintUserMessages: CustomizeDetails for Blueprint 'MainMenu', cached variable property's owner is '/Game/StarterContent/MainMenu/MainMenu.SKEL_MainMenu_C'
[2015.09.26-11.25.54:948][389]LogActor:Warning: GameNetworkManager /Engine/Transient.World_21:PersistentLevel.GameNetworkManager_5 has natively added scene component(s), but none of them were set as the actor's RootComponent - picking one arbitrarily
[2015.09.26-11.26.13:302][188]BlueprintLog: New page: Compile MM_GameMode
[2015.09.26-11.26.13:400][188]LogParticles: Destroying 0 GPU particle simulations for FXSystem 0x000000266DEBC2C0
[2015.09.26-11.26.13:402][188]LogParticles: Destroying 0 GPU particle simulations for FXSystem 0x000000266F29C220
[2015.09.26-11.26.13:405][188]LogParticles: Destroying 0 GPU particle simulations for FXSystem 0x000000264DAD8720
[2015.09.26-11.26.13:406][188]LogParticles: Destroying 0 GPU particle simulations for FXSystem 0x000000266F29C4A0
[2015.09.26-11.26.13:407][188]LogParticles: Destroying 0 GPU particle simulations for FXSystem 0x000000266CF825C0
[2015.09.26-11.26.13:420][188]LogParticles: Destroying 0 GPU particle simulations for FXSystem 0x000000266CF82F20
[2015.09.26-11.26.13:420][188]BlueprintEditorCompileResults: Info [0410.97] Compile of MM_GameMode successful! [in 117 ms]
[2015.09.26-11.26.13:756][225]Cmd: OBJ SAVEPACKAGE PACKAGE="/Game/StarterContent/MainMenu/MM_GameMode" FILE="D:/Unreal Projects/Mount/Content/StarterContent/MainMenu/MM_GameMode.uasset" SILENT=true
[2015.09.26-11.26.13:776][225]LogSavePackage: Save=14.392193ms
[2015.09.26-11.26.13:776][225]LogSavePackage: Moving 'D:/Unreal Projects/Mount/Saved/MM_GameMode4CBAE7C04F0CEE52E1457B9369542EC3.tmp' to 'D:/Unreal Projects/Mount/Content/StarterContent/MainMenu/MM_GameMode.uasset'
[2015.09.26-11.26.13:777][225]LogSavePackage: Total save time: 20.385545ms
[2015.09.26-11.26.13:777][225]LogSavePackage:Warning: Finished SavePackage D:/Unreal Projects/Mount/Content/StarterContent/MainMenu/MM_GameMode.uasset
[2015.09.26-11.26.18:184][619]BlueprintLog: New page: Compile MainMenu
[2015.09.26-11.26.18:300][619]BlueprintEditorCompileResults: Info [0415.85] Compile of MainMenu successful! [in 116 ms]
[2015.09.26-11.26.18:644][657]Cmd: OBJ SAVEPACKAGE PACKAGE="/Game/StarterContent/MainMenu/MainMenu" FILE="D:/Unreal Projects/Mount/Content/StarterContent/MainMenu/MainMenu.uasset" SILENT=true
[2015.09.26-11.26.18:688][657]LogSavePackage: Save=38.342636ms
[2015.09.26-11.26.18:688][657]LogSavePackage: Moving 'D:/Unreal Projects/Mount/Saved/MainMenu4D913BB349FC7A9C31829E8E641F3C63.tmp' to 'D:/Unreal Projects/Mount/Content/StarterContent/MainMenu/MainMenu.uasset'
[2015.09.26-11.26.18:689][657]LogSavePackage: Total save time: 43.742213ms
[2015.09.26-11.26.18:689][657]LogSavePackage:Warning: Finished SavePackage D:/Unreal Projects/Mount/Content/StarterContent/MainMenu/MainMenu.uasset
[2015.09.26-11.26.22:069][959]BlueprintLog: New page: Compile LoadingScreen
[2015.09.26-11.26.22:166][959]LogParticles: Destroying 0 GPU particle simulations for FXSystem 0x000000266DD30B80
[2015.09.26-11.26.22:178][959]LogParticles: Destroying 0 GPU particle simulations for FXSystem 0x000000266DD30E00
[2015.09.26-11.26.22:178][959]BlueprintEditorCompileResults: Info [0419.73] Compile of LoadingScreen successful! [in 109 ms]
[2015.09.26-11.26.22:547][  1]Cmd: OBJ SAVEPACKAGE PACKAGE="/Game/StarterContent/MainMenu/LoadingScreen" FILE="D:/Unreal Projects/Mount/Content/StarterContent/MainMenu/LoadingScreen.uasset" SILENT=true
[2015.09.26-11.26.22:563][  1]LogSavePackage: Save=10.609965ms
[2015.09.26-11.26.22:563][  1]LogSavePackage: Moving 'D:/Unreal Projects/Mount/Saved/LoadingScreen769411674BB59E5A0E9DA5A9306B7312.tmp' to 'D:/Unreal Projects/Mount/Content/StarterContent/MainMenu/LoadingScreen.uasset'
[2015.09.26-11.26.22:563][  1]LogSavePackage: Total save time: 15.354328ms
[2015.09.26-11.26.22:563][  1]LogSavePackage:Warning: Finished SavePackage D:/Unreal Projects/Mount/Content/StarterContent/MainMenu/LoadingScreen.uasset
[2015.09.26-11.26.49:034][534]LogPlayLevel: PlayLevel: No blueprints needed recompiling
[2015.09.26-11.26.49:034][534]PIE: New page: PIE session: NewMap (Sep 26, 2015, 7:26:49 PM)
[2015.09.26-11.26.49:034][534]LogPlayLevel: Creating play world package: /Game/StarterContent/Maps/UEDPIE_0_NewMap
[2015.09.26-11.26.49:038][534]LogPlayLevel: PIE: StaticDuplicateObject took: (0.003368s)
[2015.09.26-11.26.49:039][534]LogAIModule: Creating AISystem for world NewMap
[2015.09.26-11.26.49:039][534]LogPlayLevel: PIE: World Init took: (0.001250s)
[2015.09.26-11.26.49:039][534]LogPlayLevel: PIE: Created PIE world by copying editor world from /Game/StarterContent/Maps/NewMap.NewMap to /Game/StarterContent/Maps/UEDPIE_0_NewMap.NewMap (0.004837s)
[2015.09.26-11.26.49:087][534]LogParticles: Destroying 0 GPU particle simulations for FXSystem 0x0000002677C4D080
[2015.09.26-11.26.49:099][534]LogParticles: Destroying 0 GPU particle simulations for FXSystem 0x0000002677C4F560
[2015.09.26-11.26.49:099][534]LogInit: XAudio2 using 'Динамики (Устройство с поддержкой High Definition Audio)' : 2 channels at 44.1 kHz using 16 bits per sample (channel mask 0x3)
[2015.09.26-11.26.49:105][534]LogInit: FAudioDevice initialized.
[2015.09.26-11.26.49:142][534]LogWorld: Game class is 'GameMode'
[2015.09.26-11.26.49:144][534]LogWorld: Bringing World /Game/StarterContent/Maps/UEDPIE_0_NewMap.NewMap up for play (max tick rate 0) at 2015.09.26-15.26.49
[2015.09.26-11.26.49:144][534]LogActor:Warning: GameSession /Game/StarterContent/Maps/UEDPIE_0_NewMap.NewMap:PersistentLevel.GameSession_4 has natively added scene component(s), but none of them were set as the actor's RootComponent - picking one arbitrarily
[2015.09.26-11.26.49:145][534]LogActor:Warning: GameNetworkManager /Game/StarterContent/Maps/UEDPIE_0_NewMap.NewMap:PersistentLevel.GameNetworkManager_6 has natively added scene component(s), but none of them were set as the actor's RootComponent - picking one arbitrarily
[2015.09.26-11.26.49:145][534]LogWorld: Bringing up level for play took: 0.002110
[2015.09.26-11.26.49:170][534]PIE: Info Play in editor start time for /Game/StarterContent/Maps/UEDPIE_0_NewMap -0.77
[2015.09.26-11.26.50:494][622]LogParticles: Destroying 0 GPU particle simulations for FXSystem 0x0000002677C0BB00
[2015.09.26-11.27.17:193][302]LogSlate:Warning: Prevented a slow task dialog from being summoned while a context menu was open
[2015.09.26-11.27.33:318][961]BlueprintLog: New page: Compile NewMap
[2015.09.26-11.27.33:425][961]BlueprintEditorCompileResults: Info [0490.98] Compile of NewMap successful! [in 106 ms]
[2015.09.26-11.27.35:909][192]LogBlueprintUserMessages: Early PlayInEditor Detection: Level '/Game/StarterContent/Maps/NewMap.NewMap:PersistentLevel' has LevelScriptBlueprint '/Game/StarterContent/Maps/NewMap.NewMap:PersistentLevel.NewMap' with GeneratedClass '/Game/StarterContent/Maps/NewMap.NewMap_C' with ClassGeneratedBy '/Game/StarterContent/Maps/NewMap.NewMap:PersistentLevel.NewMap'
[2015.09.26-11.27.35:909][192]LogPlayLevel: PlayLevel: No blueprints needed recompiling
[2015.09.26-11.27.35:909][192]PIE: New page: PIE session: NewMap (Sep 26, 2015, 7:27:35 PM)
[2015.09.26-11.27.35:910][192]LogPlayLevel: Creating play world package: /Game/StarterContent/Maps/UEDPIE_0_NewMap
[2015.09.26-11.27.35:915][192]LogPlayLevel: PIE: StaticDuplicateObject took: (0.005139s)
[2015.09.26-11.27.35:916][192]LogAIModule: Creating AISystem for world NewMap
[2015.09.26-11.27.35:916][192]LogPlayLevel: PIE: World Init took: (0.001137s)
[2015.09.26-11.27.35:916][192]LogPlayLevel: PIE: Created PIE world by copying editor world from /Game/StarterContent/Maps/NewMap.NewMap to /Game/StarterContent/Maps/UEDPIE_0_NewMap.NewMap (0.006499s)
[2015.09.26-11.27.35:964][192]LogParticles: Destroying 0 GPU particle simulations for FXSystem 0x000000266DBA27A0
[2015.09.26-11.27.35:975][192]LogInit: XAudio2 using 'Динамики (Устройство с поддержкой High Definition Audio)' : 2 channels at 44.1 kHz using 16 bits per sample (channel mask 0x3)
[2015.09.26-11.27.35:980][192]LogInit: FAudioDevice initialized.
[2015.09.26-11.27.36:017][192]LogWorld: Game class is 'GameMode'
[2015.09.26-11.27.36:019][192]LogWorld: Bringing World /Game/StarterContent/Maps/UEDPIE_0_NewMap.NewMap up for play (max tick rate 0) at 2015.09.26-15.27.36
[2015.09.26-11.27.36:019][192]LogActor:Warning: GameSession /Game/StarterContent/Maps/UEDPIE_0_NewMap.NewMap:PersistentLevel.GameSession_5 has natively added scene component(s), but none of them were set as the actor's RootComponent - picking one arbitrarily
[2015.09.26-11.27.36:020][192]LogActor:Warning: GameNetworkManager /Game/StarterContent/Maps/UEDPIE_0_NewMap.NewMap:PersistentLevel.GameNetworkManager_7 has natively added scene component(s), but none of them were set as the actor's RootComponent - picking one arbitrarily
[2015.09.26-11.27.36:020][192]LogWorld: Bringing up level for play took: 0.002264
[2015.09.26-11.27.36:046][192]PIE: Info Play in editor start time for /Game/StarterContent/Maps/UEDPIE_0_NewMap 0.106
[2015.09.26-11.27.36:046][192]LogBlueprintUserMessages: Late PlayInEditor Detection: Level '/Game/StarterContent/Maps/NewMap.NewMap:PersistentLevel' has LevelScriptBlueprint '/Game/StarterContent/Maps/NewMap.NewMap:PersistentLevel.NewMap' with GeneratedClass '/Game/StarterContent/Maps/NewMap.NewMap_C' with ClassGeneratedBy '/Game/StarterContent/Maps/NewMap.NewMap:PersistentLevel.NewMap'
[2015.09.26-11.27.39:160][413]LogBlueprintUserMessages: Early EndPlayMap Detection: Level '/Game/StarterContent/Maps/NewMap.NewMap:PersistentLevel' has LevelScriptBlueprint '/Game/StarterContent/Maps/NewMap.NewMap:PersistentLevel.NewMap' with GeneratedClass '/Game/StarterContent/Maps/NewMap.NewMap_C' with ClassGeneratedBy '/Game/StarterContent/Maps/NewMap.NewMap:PersistentLevel.NewMap'
[2015.09.26-11.27.39:216][413]LogBlueprintUserMessages: Late EndPlayMap Detection: Level '/Game/StarterContent/Maps/NewMap.NewMap:PersistentLevel' has LevelScriptBlueprint '/Game/StarterContent/Maps/NewMap.NewMap:PersistentLevel.NewMap' with GeneratedClass '/Game/StarterContent/Maps/NewMap.NewMap_C' with ClassGeneratedBy '/Game/StarterContent/Maps/NewMap.NewMap:PersistentLevel.NewMap'
[2015.09.26-11.27.39:302][414]LogParticles: Destroying 0 GPU particle simulations for FXSystem 0x000000266E006D40
[2015.09.26-11.27.45:778][936]LogSlate:Warning: Prevented a slow task dialog from being summoned while a context menu was open
[2015.09.26-11.27.46:780][ 46]Cmd: UpdateLandscapeSetup
[2015.09.26-11.27.50:505][294]LogBlueprintUserMessages: Early PlayInEditor Detection: Level '/Game/StarterContent/Maps/NewMap.NewMap:PersistentLevel' has LevelScriptBlueprint '/Game/StarterContent/Maps/NewMap.NewMap:PersistentLevel.NewMap' with GeneratedClass '/Game/StarterContent/Maps/NewMap.NewMap_C' with ClassGeneratedBy '/Game/StarterContent/Maps/NewMap.NewMap:PersistentLevel.NewMap'
[2015.09.26-11.27.50:505][294]LogPlayLevel: PlayLevel: No blueprints needed recompiling
[2015.09.26-11.27.50:505][294]PIE: New page: PIE session: NewMap (Sep 26, 2015, 7:27:50 PM)
[2015.09.26-11.27.50:505][294]LogPlayLevel: Creating play world package: /Game/StarterContent/Maps/UEDPIE_0_NewMap
[2015.09.26-11.27.50:510][294]LogPlayLevel: PIE: StaticDuplicateObject took: (0.004984s)
[2015.09.26-11.27.50:512][294]LogAIModule: Creating AISystem for world NewMap
[2015.09.26-11.27.50:512][294]LogPlayLevel: PIE: World Init took: (0.001722s)
[2015.09.26-11.27.50:512][294]LogPlayLevel: PIE: Created PIE world by copying editor world from /Game/StarterContent/Maps/NewMap.NewMap to /Game/StarterContent/Maps/UEDPIE_0_NewMap.NewMap (0.006925s)
[2015.09.26-11.27.50:570][294]LogInit: XAudio2 using 'Динамики (Устройство с поддержкой High Definition Audio)' : 2 channels at 44.1 kHz using 16 bits per sample (channel mask 0x3)
[2015.09.26-11.27.50:576][294]LogInit: FAudioDevice initialized.
[2015.09.26-11.27.50:611][294]LogWorld: Game class is 'MM_GameMode_C'
[2015.09.26-11.27.50:613][294]LogWorld: Bringing World /Game/StarterContent/Maps/UEDPIE_0_NewMap.NewMap up for play (max tick rate 0) at 2015.09.26-15.27.50
[2015.09.26-11.27.50:614][294]LogActor:Warning: GameSession /Game/StarterContent/Maps/UEDPIE_0_NewMap.NewMap:PersistentLevel.GameSession_6 has natively added scene component(s), but none of them were set as the actor's RootComponent - picking one arbitrarily
[2015.09.26-11.27.50:614][294]LogActor:Warning: GameNetworkManager /Game/StarterContent/Maps/UEDPIE_0_NewMap.NewMap:PersistentLevel.GameNetworkManager_8 has natively added scene component(s), but none of them were set as the actor's RootComponent - picking one arbitrarily
[2015.09.26-11.27.50:614][294]LogWorld: Bringing up level for play took: 0.002008
[2015.09.26-11.27.50:634][294]PIE: Info Play in editor start time for /Game/StarterContent/Maps/UEDPIE_0_NewMap 0.695
[2015.09.26-11.27.50:634][294]LogBlueprintUserMessages: Late PlayInEditor Detection: Level '/Game/StarterContent/Maps/NewMap.NewMap:PersistentLevel' has LevelScriptBlueprint '/Game/StarterContent/Maps/NewMap.NewMap:PersistentLevel.NewMap' with GeneratedClass '/Game/StarterContent/Maps/NewMap.NewMap_C' with ClassGeneratedBy '/Game/StarterContent/Maps/NewMap.NewMap:PersistentLevel.NewMap'
[2015.09.26-11.27.58:569][863]LogPackageName: SearchForPackageOnDisk took   0.073s to resolve Minimal_Default.umap.
[2015.09.26-11.27.58:652][864]LogPackageName: SearchForPackageOnDisk took   0.073s to resolve Minimal_Default.umap.
[2015.09.26-11.27.58:652][864]LogNet: Browse: /Game/StarterContent/Maps/Minimal_Default
[2015.09.26-11.27.58:664][864]LogLoad: LoadMap: /Game/StarterContent/Maps/Minimal_Default
[2015.09.26-11.27.58:751][864]LogParticles: Destroying 0 GPU particle simulations for FXSystem 0x000000264DAD8900
[2015.09.26-11.27.58:758][864]LogParticles: Destroying 0 GPU particle simulations for FXSystem 0x00000026702C54E0
[2015.09.26-11.27.58:758][864]Cmd: MEM
[2015.09.26-11.27.58:842][864]LogMemory: Platform Memory Stats for Windows
[2015.09.26-11.27.58:842][864]LogMemory: Process Physical Memory: 839.07 MB used, 846.44 MB peak
[2015.09.26-11.27.58:842][864]LogMemory: Process Virtual Memory: 764.53 MB used, 764.71 MB peak
[2015.09.26-11.27.58:842][864]LogMemory: Physical Memory: 3604.02 MB used, 6142.05 MB total
[2015.09.26-11.27.58:843][864]LogMemory: Virtual Memory: 1376.19 MB used, 134217728.00 MB total
[2015.09.26-11.27.58:843][864]LogMemory: 
[2015.09.26-11.27.58:843][864]Allocator Stats for TBB: (not implemented)
[2015.09.26-11.27.58:929][864]LogAIModule: Creating AISystem for world Minimal_Default
[2015.09.26-11.27.58:929][864]LogWorld: Game class is 'GameMode'
[2015.09.26-11.27.58:932][864]LogStaticMesh:Warning: Cached component instance data transform did not match!  Discarding cached lighting data which will cause lighting to be unbuilt.
/Game/StarterContent/Maps/UEDPIE_0_Minimal_Default.Minimal_Default:PersistentLevel.BP_Sky_Sphere_C_2.Sky Sphere mesh
Current X=0.000000 Y=0.000000 Z=0.000000 Cached X=0.000000 Y=0.000000 Z=0.000000
[2015.09.26-11.27.58:933][864]LogWorld: Bringing World /Game/StarterContent/Maps/UEDPIE_0_Minimal_Default.Minimal_Default up for play (max tick rate 0) at 2015.09.26-15.27.58
[2015.09.26-11.27.58:933][864]LogActor:Warning: GameSession /Game/StarterContent/Maps/UEDPIE_0_Minimal_Default.Minimal_Default:PersistentLevel.GameSession_7 has natively added scene component(s), but none of them were set as the actor's RootComponent - picking one arbitrarily
[2015.09.26-11.27.58:933][864]LogActor:Warning: GameNetworkManager /Game/StarterContent/Maps/UEDPIE_0_Minimal_Default.Minimal_Default:PersistentLevel.GameNetworkManager_9 has natively added scene component(s), but none of them were set as the actor's RootComponent - picking one arbitrarily
[2015.09.26-11.27.58:933][864]LogWorld: Bringing up level for play took: 0.003220
[2015.09.26-11.28.03:137][133]LogBlueprintUserMessages: Early EndPlayMap Detection: Level '/Game/StarterContent/Maps/NewMap.NewMap:PersistentLevel' has LevelScriptBlueprint '/Game/StarterContent/Maps/NewMap.NewMap:PersistentLevel.NewMap' with GeneratedClass '/Game/StarterContent/Maps/NewMap.NewMap_C' with ClassGeneratedBy '/Game/StarterContent/Maps/NewMap.NewMap:PersistentLevel.NewMap'
[2015.09.26-11.28.03:194][133]LogBlueprintUserMessages: Late EndPlayMap Detection: Level '/Game/StarterContent/Maps/NewMap.NewMap:PersistentLevel' has LevelScriptBlueprint '/Game/StarterContent/Maps/NewMap.NewMap:PersistentLevel.NewMap' with GeneratedClass '/Game/StarterContent/Maps/NewMap.NewMap_C' with ClassGeneratedBy '/Game/StarterContent/Maps/NewMap.NewMap:PersistentLevel.NewMap'
[2015.09.26-11.28.03:271][134]LogParticles: Destroying 0 GPU particle simulations for FXSystem 0x000000266CFBB4C0
[2015.09.26-11.28.05:699][327]LogBlueprintUserMessages: Early PlayInEditor Detection: Level '/Game/StarterContent/Maps/NewMap.NewMap:PersistentLevel' has LevelScriptBlueprint '/Game/StarterContent/Maps/NewMap.NewMap:PersistentLevel.NewMap' with GeneratedClass '/Game/StarterContent/Maps/NewMap.NewMap_C' with ClassGeneratedBy '/Game/StarterContent/Maps/NewMap.NewMap:PersistentLevel.NewMap'
[2015.09.26-11.28.05:699][327]LogPlayLevel: PlayLevel: No blueprints needed recompiling
[2015.09.26-11.28.05:699][327]PIE: New page: PIE session: NewMap (Sep 26, 2015, 7:28:05 PM)
[2015.09.26-11.28.05:699][327]LogPlayLevel: Creating play world package: /Game/StarterContent/Maps/UEDPIE_0_NewMap
[2015.09.26-11.28.05:704][327]LogPlayLevel: PIE: StaticDuplicateObject took: (0.004552s)
[2015.09.26-11.28.05:705][327]LogAIModule: Creating AISystem for world NewMap
[2015.09.26-11.28.05:705][327]LogPlayLevel: PIE: World Init took: (0.000983s)
[2015.09.26-11.28.05:705][327]LogPlayLevel: PIE: Created PIE world by copying editor world from /Game/StarterContent/Maps/NewMap.NewMap to /Game/StarterContent/Maps/UEDPIE_0_NewMap.NewMap (0.005754s)
[2015.09.26-11.28.05:762][327]LogInit: XAudio2 using 'Динамики (Устройство с поддержкой High Definition Audio)' : 2 channels at 44.1 kHz using 16 bits per sample (channel mask 0x3)
[2015.09.26-11.28.05:768][327]LogInit: FAudioDevice initialized.
[2015.09.26-11.28.05:801][327]LogWorld: Game class is 'MM_GameMode_C'
[2015.09.26-11.28.05:803][327]LogWorld: Bringing World /Game/StarterContent/Maps/UEDPIE_0_NewMap.NewMap up for play (max tick rate 0) at 2015.09.26-15.28.05
[2015.09.26-11.28.05:803][327]LogActor:Warning: GameSession /Game/StarterContent/Maps/UEDPIE_0_NewMap.NewMap:PersistentLevel.GameSession_8 has natively added scene component(s), but none of them were set as the actor's RootComponent - picking one arbitrarily
[2015.09.26-11.28.05:804][327]LogActor:Warning: GameNetworkManager /Game/StarterContent/Maps/UEDPIE_0_NewMap.NewMap:PersistentLevel.GameNetworkManager_10 has natively added scene component(s), but none of them were set as the actor's RootComponent - picking one arbitrarily
[2015.09.26-11.28.05:804][327]LogWorld: Bringing up level for play took: 0.002165
[2015.09.26-11.28.05:823][327]PIE: Info Play in editor start time for /Game/StarterContent/Maps/UEDPIE_0_NewMap -0.115
[2015.09.26-11.28.05:824][327]LogBlueprintUserMessages: Late PlayInEditor Detection: Level '/Game/StarterContent/Maps/NewMap.NewMap:PersistentLevel' has LevelScriptBlueprint '/Game/StarterContent/Maps/NewMap.NewMap:PersistentLevel.NewMap' with GeneratedClass '/Game/StarterContent/Maps/NewMap.NewMap_C' with ClassGeneratedBy '/Game/StarterContent/Maps/NewMap.NewMap:PersistentLevel.NewMap'
[2015.09.26-11.28.18:817][270]LogBlueprintUserMessages: Early EndPlayMap Detection: Level '/Game/StarterContent/Maps/NewMap.NewMap:PersistentLevel' has LevelScriptBlueprint '/Game/StarterContent/Maps/NewMap.NewMap:PersistentLevel.NewMap' with GeneratedClass '/Game/StarterContent/Maps/NewMap.NewMap_C' with ClassGeneratedBy '/Game/StarterContent/Maps/NewMap.NewMap:PersistentLevel.NewMap'
[2015.09.26-11.28.18:872][270]LogBlueprintUserMessages: Late EndPlayMap Detection: Level '/Game/StarterContent/Maps/NewMap.NewMap:PersistentLevel' has LevelScriptBlueprint '/Game/StarterContent/Maps/NewMap.NewMap:PersistentLevel.NewMap' with GeneratedClass '/Game/StarterContent/Maps/NewMap.NewMap_C' with ClassGeneratedBy '/Game/StarterContent/Maps/NewMap.NewMap:PersistentLevel.NewMap'
[2015.09.26-11.28.18:945][271]LogParticles: Destroying 0 GPU particle simulations for FXSystem 0x00000026705ABD80
[2015.09.26-11.29.07:116][560]BlueprintLog: New page: Compile MainMenu
[2015.09.26-11.29.07:240][560]BlueprintEditorCompileResults: Info [0584.79] Compile of MainMenu successful! [in 124 ms]
[2015.09.26-11.29.07:977][644]Cmd: OBJ SAVEPACKAGE PACKAGE="/Game/StarterContent/MainMenu/MainMenu" FILE="D:/Unreal Projects/Mount/Content/StarterContent/MainMenu/MainMenu.uasset" SILENT=true
[2015.09.26-11.29.08:017][644]LogSavePackage: Save=37.679008ms
[2015.09.26-11.29.08:017][644]LogSavePackage: Moving 'D:/Unreal Projects/Mount/Saved/MainMenuE7EE2FDA44CC544419E31B984F9910CF.tmp' to 'D:/Unreal Projects/Mount/Content/StarterContent/MainMenu/MainMenu.uasset'
[2015.09.26-11.29.08:018][644]LogSavePackage: Total save time: 40.512040ms
[2015.09.26-11.29.08:018][644]LogSavePackage:Warning: Finished SavePackage D:/Unreal Projects/Mount/Content/StarterContent/MainMenu/MainMenu.uasset
[2015.09.26-11.29.09:607][768]LogBlueprintUserMessages: Early PlayInEditor Detection: Level '/Game/StarterContent/Maps/NewMap.NewMap:PersistentLevel' has LevelScriptBlueprint '/Game/StarterContent/Maps/NewMap.NewMap:PersistentLevel.NewMap' with GeneratedClass '/Game/StarterContent/Maps/NewMap.NewMap_C' with ClassGeneratedBy '/Game/StarterContent/Maps/NewMap.NewMap:PersistentLevel.NewMap'
[2015.09.26-11.29.09:607][768]LogPlayLevel: PlayLevel: No blueprints needed recompiling
[2015.09.26-11.29.09:607][768]PIE: New page: PIE session: NewMap (Sep 26, 2015, 7:29:09 PM)
[2015.09.26-11.29.09:607][768]LogPlayLevel: Creating play world package: /Game/StarterContent/Maps/UEDPIE_0_NewMap
[2015.09.26-11.29.09:612][768]LogPlayLevel: PIE: StaticDuplicateObject took: (0.004807s)
[2015.09.26-11.29.09:613][768]LogAIModule: Creating AISystem for world NewMap
[2015.09.26-11.29.09:613][768]LogPlayLevel: PIE: World Init took: (0.001211s)
[2015.09.26-11.29.09:613][768]LogPlayLevel: PIE: Created PIE world by copying editor world from /Game/StarterContent/Maps/NewMap.NewMap to /Game/StarterContent/Maps/UEDPIE_0_NewMap.NewMap (0.006230s)
[2015.09.26-11.29.09:672][768]LogInit: XAudio2 using 'Динамики (Устройство с поддержкой High Definition Audio)' : 2 channels at 44.1 kHz using 16 bits per sample (channel mask 0x3)
[2015.09.26-11.29.09:678][768]LogInit: FAudioDevice initialized.
[2015.09.26-11.29.09:714][768]LogWorld: Game class is 'MM_GameMode_C'
[2015.09.26-11.29.09:717][768]LogWorld: Bringing World /Game/StarterContent/Maps/UEDPIE_0_NewMap.NewMap up for play (max tick rate 0) at 2015.09.26-15.29.09
[2015.09.26-11.29.09:717][768]LogActor:Warning: GameSession /Game/StarterContent/Maps/UEDPIE_0_NewMap.NewMap:PersistentLevel.GameSession_9 has natively added scene component(s), but none of them were set as the actor's RootComponent - picking one arbitrarily
[2015.09.26-11.29.09:717][768]LogActor:Warning: GameNetworkManager /Game/StarterContent/Maps/UEDPIE_0_NewMap.NewMap:PersistentLevel.GameNetworkManager_11 has natively added scene component(s), but none of them were set as the actor's RootComponent - picking one arbitrarily
[2015.09.26-11.29.09:717][768]LogWorld: Bringing up level for play took: 0.002122
[2015.09.26-11.29.09:741][768]PIE: Info Play in editor start time for /Game/StarterContent/Maps/UEDPIE_0_NewMap -0.198
[2015.09.26-11.29.09:741][768]LogBlueprintUserMessages: Late PlayInEditor Detection: Level '/Game/StarterContent/Maps/NewMap.NewMap:PersistentLevel' has LevelScriptBlueprint '/Game/StarterContent/Maps/NewMap.NewMap:PersistentLevel.NewMap' with GeneratedClass '/Game/StarterContent/Maps/NewMap.NewMap_C' with ClassGeneratedBy '/Game/StarterContent/Maps/NewMap.NewMap:PersistentLevel.NewMap'
[2015.09.26-11.29.14:216][ 87]LogPackageName: SearchForPackageOnDisk took   0.070s to resolve Minimal_Default.umap.
[2015.09.26-11.29.14:296][ 88]LogPackageName: SearchForPackageOnDisk took   0.070s to resolve Minimal_Default.umap.
[2015.09.26-11.29.14:296][ 88]LogNet: Browse: /Game/StarterContent/Maps/Minimal_Default
[2015.09.26-11.29.14:296][ 88]LogLoad: LoadMap: /Game/StarterContent/Maps/Minimal_Default
[2015.09.26-11.29.14:354][ 88]LogParticles: Destroying 0 GPU particle simulations for FXSystem 0x00000026779465C0
[2015.09.26-11.29.14:354][ 88]Cmd: MEM
[2015.09.26-11.29.14:407][ 88]LogMemory: Platform Memory Stats for Windows
[2015.09.26-11.29.14:407][ 88]LogMemory: Process Physical Memory: 855.60 MB used, 872.32 MB peak
[2015.09.26-11.29.14:407][ 88]LogMemory: Process Virtual Memory: 782.57 MB used, 787.68 MB peak
[2015.09.26-11.29.14:407][ 88]LogMemory: Physical Memory: 3617.47 MB used, 6142.05 MB total
[2015.09.26-11.29.14:407][ 88]LogMemory: Virtual Memory: 1393.46 MB used, 134217728.00 MB total
[2015.09.26-11.29.14:407][ 88]LogMemory: 
[2015.09.26-11.29.14:407][ 88]Allocator Stats for TBB: (not implemented)
[2015.09.26-11.29.14:558][ 88]LogAIModule: Creating AISystem for world Minimal_Default
[2015.09.26-11.29.14:559][ 88]LogWorld: Game class is 'GameMode'
[2015.09.26-11.29.14:562][ 88]LogStaticMesh:Warning: Cached component instance data transform did not match!  Discarding cached lighting data which will cause lighting to be unbuilt.
/Game/StarterContent/Maps/UEDPIE_0_Minimal_Default.Minimal_Default:PersistentLevel.BP_Sky_Sphere_C_2.Sky Sphere mesh
Current X=0.000000 Y=0.000000 Z=0.000000 Cached X=0.000000 Y=0.000000 Z=0.000000
[2015.09.26-11.29.14:562][ 88]LogWorld: Bringing World /Game/StarterContent/Maps/UEDPIE_0_Minimal_Default.Minimal_Default up for play (max tick rate 0) at 2015.09.26-15.29.14
[2015.09.26-11.29.14:562][ 88]LogActor:Warning: GameSession /Game/StarterContent/Maps/UEDPIE_0_Minimal_Default.Minimal_Default:PersistentLevel.GameSession_10 has natively added scene component(s), but none of them were set as the actor's RootComponent - picking one arbitrarily
[2015.09.26-11.29.14:562][ 88]LogActor:Warning: GameNetworkManager /Game/StarterContent/Maps/UEDPIE_0_Minimal_Default.Minimal_Default:PersistentLevel.GameNetworkManager_12 has natively added scene component(s), but none of them were set as the actor's RootComponent - picking one arbitrarily
[2015.09.26-11.29.14:563][ 88]LogWorld: Bringing up level for play took: 0.003373
[2015.09.26-11.29.16:600][227]LogBlueprintUserMessages: Early EndPlayMap Detection: Level '/Game/StarterContent/Maps/NewMap.NewMap:PersistentLevel' has LevelScriptBlueprint '/Game/StarterContent/Maps/NewMap.NewMap:PersistentLevel.NewMap' with GeneratedClass '/Game/StarterContent/Maps/NewMap.NewMap_C' with ClassGeneratedBy '/Game/StarterContent/Maps/NewMap.NewMap:PersistentLevel.NewMap'
[2015.09.26-11.29.16:636][227]LogBlueprintUserMessages: Late EndPlayMap Detection: Level '/Game/StarterContent/Maps/NewMap.NewMap:PersistentLevel' has LevelScriptBlueprint '/Game/StarterContent/Maps/NewMap.NewMap:PersistentLevel.NewMap' with GeneratedClass '/Game/StarterContent/Maps/NewMap.NewMap_C' with ClassGeneratedBy '/Game/StarterContent/Maps/NewMap.NewMap:PersistentLevel.NewMap'
[2015.09.26-11.29.16:710][228]LogParticles: Destroying 0 GPU particle simulations for FXSystem 0x0000002671160180
[2015.09.26-11.29.18:438][342]LogBlueprintUserMessages: Early PlayInEditor Detection: Level '/Game/StarterContent/Maps/NewMap.NewMap:PersistentLevel' has LevelScriptBlueprint '/Game/StarterContent/Maps/NewMap.NewMap:PersistentLevel.NewMap' with GeneratedClass '/Game/StarterContent/Maps/NewMap.NewMap_C' with ClassGeneratedBy '/Game/StarterContent/Maps/NewMap.NewMap:PersistentLevel.NewMap'
[2015.09.26-11.29.18:438][342]LogPlayLevel: PlayLevel: No blueprints needed recompiling
[2015.09.26-11.29.18:438][342]PIE: New page: PIE session: NewMap (Sep 26, 2015, 7:29:18 PM)
[2015.09.26-11.29.18:438][342]LogPlayLevel: Creating play world package: /Game/StarterContent/Maps/UEDPIE_0_NewMap
[2015.09.26-11.29.18:443][342]LogPlayLevel: PIE: StaticDuplicateObject took: (0.004463s)
[2015.09.26-11.29.18:444][342]LogAIModule: Creating AISystem for world NewMap
[2015.09.26-11.29.18:444][342]LogPlayLevel: PIE: World Init took: (0.000963s)
[2015.09.26-11.29.18:444][342]LogPlayLevel: PIE: Created PIE world by copying editor world from /Game/StarterContent/Maps/NewMap.NewMap to /Game/StarterContent/Maps/UEDPIE_0_NewMap.NewMap (0.005639s)
[2015.09.26-11.29.18:502][342]LogInit: XAudio2 using 'Динамики (Устройство с поддержкой High Definition Audio)' : 2 channels at 44.1 kHz using 16 bits per sample (channel mask 0x3)
[2015.09.26-11.29.18:508][342]LogInit: FAudioDevice initialized.
[2015.09.26-11.29.18:540][342]LogWorld: Game class is 'MM_GameMode_C'
[2015.09.26-11.29.18:543][342]LogWorld: Bringing World /Game/StarterContent/Maps/UEDPIE_0_NewMap.NewMap up for play (max tick rate 0) at 2015.09.26-15.29.18
[2015.09.26-11.29.18:543][342]LogActor:Warning: GameSession /Game/StarterContent/Maps/UEDPIE_0_NewMap.NewMap:PersistentLevel.GameSession_11 has natively added scene component(s), but none of them were set as the actor's RootComponent - picking one arbitrarily
[2015.09.26-11.29.18:543][342]LogActor:Warning: GameNetworkManager /Game/StarterContent/Maps/UEDPIE_0_NewMap.NewMap:PersistentLevel.GameNetworkManager_13 has natively added scene component(s), but none of them were set as the actor's RootComponent - picking one arbitrarily
[2015.09.26-11.29.18:543][342]LogWorld: Bringing up level for play took: 0.002305
[2015.09.26-11.29.18:565][342]PIE: Info Play in editor start time for /Game/StarterContent/Maps/UEDPIE_0_NewMap 0.625
[2015.09.26-11.29.18:565][342]LogBlueprintUserMessages: Late PlayInEditor Detection: Level '/Game/StarterContent/Maps/NewMap.NewMap:PersistentLevel' has LevelScriptBlueprint '/Game/StarterContent/Maps/NewMap.NewMap:PersistentLevel.NewMap' with GeneratedClass '/Game/StarterContent/Maps/NewMap.NewMap_C' with ClassGeneratedBy '/Game/StarterContent/Maps/NewMap.NewMap:PersistentLevel.NewMap'
[2015.09.26-11.29.21:708][568]LogBlueprintUserMessages: Early EndPlayMap Detection: Level '/Game/StarterContent/Maps/NewMap.NewMap:PersistentLevel' has LevelScriptBlueprint '/Game/StarterContent/Maps/NewMap.NewMap:PersistentLevel.NewMap' with GeneratedClass '/Game/StarterContent/Maps/NewMap.NewMap_C' with ClassGeneratedBy '/Game/StarterContent/Maps/NewMap.NewMap:PersistentLevel.NewMap'
[2015.09.26-11.29.21:737][568]LogBlueprintUserMessages: Late EndPlayMap Detection: Level '/Game/StarterContent/Maps/NewMap.NewMap:PersistentLevel' has LevelScriptBlueprint '/Game/StarterContent/Maps/NewMap.NewMap:PersistentLevel.NewMap' with GeneratedClass '/Game/StarterContent/Maps/NewMap.NewMap_C' with ClassGeneratedBy '/Game/StarterContent/Maps/NewMap.NewMap:PersistentLevel.NewMap'
[2015.09.26-11.29.21:813][569]LogParticles: Destroying 0 GPU particle simulations for FXSystem 0x000000267B03F420
[2015.09.26-11.29.23:493][680]Cmd: OBJ SAVEPACKAGE PACKAGE="/Game/StarterContent/Maps/NewMap" FILE="D:/Unreal Projects/Mount/Content/StarterContent/Maps/NewMap.umap" SILENT=true AUTOSAVING=false KEEPDIRTY=false
[2015.09.26-11.29.23:656][680]LogSavePackage: Save=105.359383ms
[2015.09.26-11.29.23:656][680]LogSavePackage: Moving 'D:/Unreal Projects/Mount/Saved/NewMapCB185AAB469FD5B2351E979059DFB41F.tmp' to 'D:/Unreal Projects/Mount/Content/StarterContent/Maps/NewMap.umap'
[2015.09.26-11.29.23:658][680]LogSavePackage: Total save time: 111.617278ms
[2015.09.26-11.29.23:658][680]LogSavePackage:Warning: Finished SavePackage D:/Unreal Projects/Mount/Content/StarterContent/Maps/NewMap.umap
[2015.09.26-11.32.27:971][763]LogBlueprintUserMessages: Early PlayInEditor Detection: Level '/Game/StarterContent/Maps/NewMap.NewMap:PersistentLevel' has LevelScriptBlueprint '/Game/StarterContent/Maps/NewMap.NewMap:PersistentLevel.NewMap' with GeneratedClass '/Game/StarterContent/Maps/NewMap.NewMap_C' with ClassGeneratedBy '/Game/StarterContent/Maps/NewMap.NewMap:PersistentLevel.NewMap'
[2015.09.26-11.32.27:971][763]LogPlayLevel: PlayLevel: No blueprints needed recompiling
[2015.09.26-11.32.27:971][763]PIE: New page: PIE session: NewMap (Sep 26, 2015, 7:32:27 PM)
[2015.09.26-11.32.27:971][763]LogPlayLevel: Creating play world package: /Game/StarterContent/Maps/UEDPIE_0_NewMap
[2015.09.26-11.32.27:976][763]LogPlayLevel: PIE: StaticDuplicateObject took: (0.004664s)
[2015.09.26-11.32.27:977][763]LogAIModule: Creating AISystem for world NewMap
[2015.09.26-11.32.27:977][763]LogPlayLevel: PIE: World Init took: (0.001178s)
[2015.09.26-11.32.27:977][763]LogPlayLevel: PIE: Created PIE world by copying editor world from /Game/StarterContent/Maps/NewMap.NewMap to /Game/StarterContent/Maps/UEDPIE_0_NewMap.NewMap (0.006059s)
[2015.09.26-11.32.28:036][763]LogInit: XAudio2 using 'Динамики (Устройство с поддержкой High Definition Audio)' : 2 channels at 44.1 kHz using 16 bits per sample (channel mask 0x3)
[2015.09.26-11.32.28:042][763]LogInit: FAudioDevice initialized.
[2015.09.26-11.32.28:078][763]LogWorld: Game class is 'MM_GameMode_C'
[2015.09.26-11.32.28:080][763]LogWorld: Bringing World /Game/StarterContent/Maps/UEDPIE_0_NewMap.NewMap up for play (max tick rate 0) at 2015.09.26-15.32.28
[2015.09.26-11.32.28:080][763]LogActor:Warning: GameSession /Game/StarterContent/Maps/UEDPIE_0_NewMap.NewMap:PersistentLevel.GameSession_12 has natively added scene component(s), but none of them were set as the actor's RootComponent - picking one arbitrarily
[2015.09.26-11.32.28:081][763]LogActor:Warning: GameNetworkManager /Game/StarterContent/Maps/UEDPIE_0_NewMap.NewMap:PersistentLevel.GameNetworkManager_14 has natively added scene component(s), but none of them were set as the actor's RootComponent - picking one arbitrarily
[2015.09.26-11.32.28:081][763]LogWorld: Bringing up level for play took: 0.002031
[2015.09.26-11.32.28:100][763]PIE: Info Play in editor start time for /Game/StarterContent/Maps/UEDPIE_0_NewMap 0.161
[2015.09.26-11.32.28:100][763]LogBlueprintUserMessages: Late PlayInEditor Detection: Level '/Game/StarterContent/Maps/NewMap.NewMap:PersistentLevel' has LevelScriptBlueprint '/Game/StarterContent/Maps/NewMap.NewMap:PersistentLevel.NewMap' with GeneratedClass '/Game/StarterContent/Maps/NewMap.NewMap_C' with ClassGeneratedBy '/Game/StarterContent/Maps/NewMap.NewMap:PersistentLevel.NewMap'
[2015.09.26-11.32.33:974][187]LogBlueprintUserMessages: Early EndPlayMap Detection: Level '/Game/StarterContent/Maps/NewMap.NewMap:PersistentLevel' has LevelScriptBlueprint '/Game/StarterContent/Maps/NewMap.NewMap:PersistentLevel.NewMap' with GeneratedClass '/Game/StarterContent/Maps/NewMap.NewMap_C' with ClassGeneratedBy '/Game/StarterContent/Maps/NewMap.NewMap:PersistentLevel.NewMap'
[2015.09.26-11.32.34:005][187]LogBlueprintUserMessages: Late EndPlayMap Detection: Level '/Game/StarterContent/Maps/NewMap.NewMap:PersistentLevel' has LevelScriptBlueprint '/Game/StarterContent/Maps/NewMap.NewMap:PersistentLevel.NewMap' with GeneratedClass '/Game/StarterContent/Maps/NewMap.NewMap_C' with ClassGeneratedBy '/Game/StarterContent/Maps/NewMap.NewMap:PersistentLevel.NewMap'
[2015.09.26-11.32.34:056][187]LogParticles: Destroying 0 GPU particle simulations for FXSystem 0x000000266CF80C20
[2015.09.26-11.33.07:301][505]LogMetaData: Removing '/Game/StarterContent/Maps/MM_Map.SKEL_MM_Map_C' ref from Metadata '/Game/StarterContent/Maps/NewMap.PackageMetaData'
[2015.09.26-11.33.07:301][505]LogMetaData: Removing '/Game/StarterContent/Maps/MM_Map.MM_Map_C' ref from Metadata '/Game/StarterContent/Maps/NewMap.PackageMetaData'
[2015.09.26-11.33.07:301][505]LogMetaData: Removing '/Game/StarterContent/Maps/MM_Map.MM_Map:PersistentLevel.MM_Map.EventGraph.K2Node_Event_136' ref from Metadata '/Game/StarterContent/Maps/NewMap.PackageMetaData'
[2015.09.26-11.33.07:301][505]LogMetaData: Removing '/Game/StarterContent/Maps/MM_Map.MM_Map:PersistentLevel.MM_Map.EventGraph.K2Node_Event_137' ref from Metadata '/Game/StarterContent/Maps/NewMap.PackageMetaData'
[2015.09.26-11.33.07:402][505]Cmd: OBJ SAVEPACKAGE PACKAGE="/Game/StarterContent/Maps/MM_Map" FILE="D:/Unreal Projects/Mount/Content/StarterContent/Maps/MM_Map.umap" SILENT=true AUTOSAVING=false KEEPDIRTY=false
[2015.09.26-11.33.07:554][505]LogSavePackage: Save=98.746063ms
[2015.09.26-11.33.07:554][505]LogSavePackage: Moving 'D:/Unreal Projects/Mount/Saved/MM_Map7B817E014C847B5A0ADBD09483F3E84B.tmp' to 'D:/Unreal Projects/Mount/Content/StarterContent/Maps/MM_Map.umap'
[2015.09.26-11.33.07:555][505]LogSavePackage: Total save time: 100.244720ms
[2015.09.26-11.33.07:555][505]LogSavePackage:Warning: Finished SavePackage D:/Unreal Projects/Mount/Content/StarterContent/Maps/MM_Map.umap
[2015.09.26-11.33.07:587][505]LogFileHelpers: Saving map 'MM_Map' took 0.264
[2015.09.26-11.33.08:925][573]LogAIModule: Creating AISystem for world Minimal_Default
[2015.09.26-11.33.08:927][573]LogStaticMesh:Warning: Cached component instance data transform did not match!  Discarding cached lighting data which will cause lighting to be unbuilt.
/Game/StarterContent/Maps/Minimal_Default.Minimal_Default:PersistentLevel.BP_Sky_Sphere_C_2.Sky Sphere mesh
Current X=0.000000 Y=0.000000 Z=0.000000 Cached X=0.000000 Y=0.000000 Z=0.000000
[2015.09.26-11.33.13:953][959]LogMetaData: Removing '/Game/StarterContent/Maps/GameMap.GameMap_C' ref from Metadata '/Game/StarterContent/Maps/Minimal_Default.PackageMetaData'
[2015.09.26-11.33.13:953][959]LogMetaData: Removing '/Game/StarterContent/Maps/GameMap.SKEL_GameMap_C' ref from Metadata '/Game/StarterContent/Maps/Minimal_Default.PackageMetaData'
[2015.09.26-11.33.14:055][959]Cmd: OBJ SAVEPACKAGE PACKAGE="/Game/StarterContent/Maps/GameMap" FILE="D:/Unreal Projects/Mount/Content/StarterContent/Maps/GameMap.umap" SILENT=true AUTOSAVING=false KEEPDIRTY=false
[2015.09.26-11.33.14:059][959]LogStaticMesh:Warning: Cached component instance data transform did not match!  Discarding cached lighting data which will cause lighting to be unbuilt.
/Game/StarterContent/Maps/GameMap.GameMap:PersistentLevel.BP_Sky_Sphere_C_2.Sky Sphere mesh
Current X=0.000000 Y=0.000000 Z=0.000000 Cached X=0.000000 Y=0.000000 Z=0.000000
[2015.09.26-11.33.14:265][959]LogSavePackage: Save=152.588226ms
[2015.09.26-11.33.14:265][959]LogSavePackage: Moving 'D:/Unreal Projects/Mount/Saved/GameMap5A36645E42B785D0F7E407880938ADA0.tmp' to 'D:/Unreal Projects/Mount/Content/StarterContent/Maps/GameMap.umap'
[2015.09.26-11.33.14:266][959]LogSavePackage: Total save time: 154.140580ms
[2015.09.26-11.33.14:266][959]LogSavePackage:Warning: Finished SavePackage D:/Unreal Projects/Mount/Content/StarterContent/Maps/GameMap.umap
[2015.09.26-11.33.14:268][959]LogFileHelpers: Saving map 'GameMap' took 0.288
[2015.09.26-11.33.17:072][134]Cmd: OBJ SAVEPACKAGE PACKAGE="/Game/StarterContent/Maps/MM_Map" FILE="D:/Unreal Projects/Mount/Content/StarterContent/Maps/MM_Map.umap" SILENT=true AUTOSAVING=false KEEPDIRTY=false
[2015.09.26-11.33.17:220][134]LogSavePackage: Save=90.278976ms
[2015.09.26-11.33.17:220][134]LogSavePackage: Moving 'D:/Unreal Projects/Mount/Saved/MM_MapC5DB71614DA1A8EB8C056892A980557A.tmp' to 'D:/Unreal Projects/Mount/Content/StarterContent/Maps/MM_Map.umap'
[2015.09.26-11.33.17:221][134]LogSavePackage: Total save time: 96.107718ms
[2015.09.26-11.33.17:221][134]LogSavePackage:Warning: Finished SavePackage D:/Unreal Projects/Mount/Content/StarterContent/Maps/MM_Map.umap
[2015.09.26-11.33.27:209][914]LogParticles: Destroying 0 GPU particle simulations for FXSystem 0x00000026703E2C00
[2015.09.26-11.33.27:211][914]LogParticles: Destroying 0 GPU particle simulations for FXSystem 0x00000026703E2700
[2015.09.26-11.33.27:696][915]Cmd: QUIT_EDITOR
[2015.09.26-11.33.27:882][915]LogWindowsTextInputMethodSystem:Display: IME system now deactivated.
[2015.09.26-11.33.28:048][915]LogExit: Preparing to exit.
[2015.09.26-11.33.29:119][915]LogExit: Editor shut down
[2015.09.26-11.33.29:121][915]LogExit: Transaction tracking system shut down
[2015.09.26-11.33.29:125][915]LogParticles: Destroying 0 GPU particle simulations for FXSystem 0x000000266319A660
[2015.09.26-11.33.29:126][915]LogParticles: Destroying 0 GPU particle simulations for FXSystem 0x0000002662319C60
[2015.09.26-11.33.29:133][915]LogParticles: Destroying 0 GPU particle simulations for FXSystem 0x000000266E0396C0
[2015.09.26-11.33.29:135][915]LogParticles: Destroying 0 GPU particle simulations for FXSystem 0x000000266E03A160
[2015.09.26-11.33.29:135][915]LogParticles: Destroying 0 GPU particle simulations for FXSystem 0x000000267663B240
[2015.09.26-11.33.29:582][915]LogExit: Object subsystem successfully closed.
[2015.09.26-11.33.29:591][915]LogD3D11RHI: Shutdown
[2015.09.26-11.33.29:591][915]LogD3D11RHI: CleanupD3DDevice
[2015.09.26-11.33.29:639][915]LogD3D11RHI: ~FD3D11DynamicRHI
[2015.09.26-11.33.29:666][915]LogModuleManager: Shutting down and abandoning module NewLevelDialog (200)
[2015.09.26-11.33.29:666][915]LogModuleManager: Shutting down and abandoning module SequencerWidgets (199)
[2015.09.26-11.33.29:666][915]LogModuleManager: Shutting down and abandoning module BlueprintGraph (198)
[2015.09.26-11.33.29:666][915]LogModuleManager: Shutting down and abandoning module CrashTracker (197)
[2015.09.26-11.33.29:666][915]LogModuleManager: Shutting down and abandoning module SceneOutliner (196)
[2015.09.26-11.33.29:666][915]LogModuleManager: Shutting down and abandoning module SuperSearch (195)
[2015.09.26-11.33.29:666][915]LogModuleManager: Shutting down and abandoning module WidgetCarousel (194)
[2015.09.26-11.33.29:666][915]LogModuleManager: Shutting down and abandoning module AddContentDialog (193)
[2015.09.26-11.33.29:668][915]LogModuleManager: Shutting down and abandoning module EditorWidgets (192)
[2015.09.26-11.33.29:668][915]LogModuleManager: Shutting down and abandoning module CollectionManager (191)
[2015.09.26-11.33.29:669][915]LogModuleManager: Shutting down and abandoning module StatsViewer (190)
[2015.09.26-11.33.29:669][915]LogModuleManager: Shutting down and abandoning module FoliageEdit (189)
[2015.09.26-11.33.29:669][915]LogModuleManager: Shutting down and abandoning module LandscapeEditor (188)
[2015.09.26-11.33.29:669][915]LogModuleManager: Shutting down and abandoning module ActorPickerMode (187)
[2015.09.26-11.33.29:669][915]LogModuleManager: Shutting down and abandoning module GeometryMode (186)
[2015.09.26-11.33.29:669][915]LogModuleManager: Shutting down and abandoning module TextureAlignMode (185)
[2015.09.26-11.33.29:669][915]LogModuleManager: Shutting down and abandoning module BspMode (184)
[2015.09.26-11.33.29:669][915]LogModuleManager: Shutting down and abandoning module PlacementMode (183)
[2015.09.26-11.33.29:669][915]LogModuleManager: Shutting down and abandoning module AutomationWorker (182)
[2015.09.26-11.33.29:669][915]LogModuleManager: Shutting down and abandoning module CharacterAI (181)
[2015.09.26-11.33.29:669][915]LogModuleManager: Shutting down and abandoning module SmartSnapping (180)
[2015.09.26-11.33.29:669][915]LogModuleManager: Shutting down and abandoning module ViewportSnapping (179)
[2015.09.26-11.33.29:669][915]LogModuleManager: Shutting down and abandoning module LogVisualizer (178)
[2015.09.26-11.33.29:670][915]LogModuleManager: Shutting down and abandoning module GameProjectGeneration (177)
[2015.09.26-11.33.29:670][915]LogModuleManager: Shutting down and abandoning module IntroTutorials (176)
[2015.09.26-11.33.29:670][915]LogModuleManager: Shutting down and abandoning module EditorLiveStreaming (175)
[2015.09.26-11.33.29:670][915]LogModuleManager: Shutting down and abandoning module IOSPlatformEditor (174)
[2015.09.26-11.33.29:670][915]LogModuleManager: Shutting down and abandoning module HTML5PlatformEditor (173)
[2015.09.26-11.33.29:670][915]LogModuleManager: Shutting down and abandoning module AndroidDeviceDetection (172)
[2015.09.26-11.33.30:640][915]LogModuleManager: Shutting down and abandoning module AndroidPlatformEditor (171)
[2015.09.26-11.33.30:640][915]LogModuleManager: Shutting down and abandoning module IOSRuntimeSettings (170)
[2015.09.26-11.33.30:640][915]LogModuleManager: Shutting down and abandoning module AndroidRuntimeSettings (169)
[2015.09.26-11.33.30:640][915]LogModuleManager: Shutting down and abandoning module MergeActors (168)
[2015.09.26-11.33.30:640][915]LogModuleManager: Shutting down and abandoning module SizeMap (167)
[2015.09.26-11.33.30:640][915]LogModuleManager: Shutting down and abandoning module TreeMap (166)
[2015.09.26-11.33.30:640][915]LogModuleManager: Shutting down and abandoning module ReferenceViewer (165)
[2015.09.26-11.33.30:640][915]LogModuleManager: Shutting down and abandoning module LocalizationService (164)
[2015.09.26-11.33.30:640][915]LogModuleManager: Shutting down and abandoning module LocalizationDashboard (163)
[2015.09.26-11.33.30:640][915]LogModuleManager: Shutting down and abandoning module HardwareTargeting (162)
[2015.09.26-11.33.30:640][915]LogModuleManager: Shutting down and abandoning module DeviceProfileEditor (161)
[2015.09.26-11.33.30:640][915]LogModuleManager: Shutting down and abandoning module UndoHistory (160)
[2015.09.26-11.33.30:640][915]LogModuleManager: Shutting down and abandoning module GameplayTagsEditor (159)
[2015.09.26-11.33.30:640][915]LogModuleManager: Shutting down and abandoning module UserFeedback (158)
[2015.09.26-11.33.30:640][915]LogModuleManager: Shutting down and abandoning module XmlParser (157)
[2015.09.26-11.33.30:640][915]LogModuleManager: Shutting down and abandoning module Blutility (156)
[2015.09.26-11.33.30:640][915]LogModuleManager: Shutting down and abandoning module ProjectTargetPlatformEditor (155)
[2015.09.26-11.33.30:640][915]LogModuleManager: Shutting down and abandoning module ProjectSettingsViewer (154)
[2015.09.26-11.33.30:640][915]LogModuleManager: Shutting down and abandoning module InputBindingEditor (153)
[2015.09.26-11.33.30:640][915]LogModuleManager: Shutting down and abandoning module EditorSettingsViewer (152)
[2015.09.26-11.33.30:640][915]LogModuleManager: Shutting down and abandoning module SettingsEditor (151)
[2015.09.26-11.33.30:640][915]LogModuleManager: Shutting down and abandoning module ProjectLauncher (150)
[2015.09.26-11.33.30:640][915]LogModuleManager: Shutting down and abandoning module SessionFrontend (149)
[2015.09.26-11.33.30:640][915]LogModuleManager: Shutting down and abandoning module ProfilerClient (148)
[2015.09.26-11.33.30:640][915]LogModuleManager: Shutting down and abandoning module TargetDeviceServices (147)
[2015.09.26-11.33.30:641][915]LogModuleManager: Shutting down and abandoning module DeviceManager (146)
[2015.09.26-11.33.30:641][915]LogModuleManager: Shutting down and abandoning module AutomationController (145)
[2015.09.26-11.33.30:641][915]LogModuleManager: Shutting down and abandoning module AutomationWindow (144)
[2015.09.26-11.33.30:641][915]LogModuleManager: Shutting down and abandoning module Layers (143)
[2015.09.26-11.33.30:641][915]LogModuleManager: Shutting down and abandoning module ComponentVisualizers (142)
[2015.09.26-11.33.30:641][915]LogModuleManager: Shutting down and abandoning module DetailCustomizations (141)
[2015.09.26-11.33.30:641][915]LogModuleManager: Shutting down and abandoning module PackagesDialog (140)
[2015.09.26-11.33.30:641][915]LogModuleManager: Shutting down and abandoning module Persona (139)
[2015.09.26-11.33.30:641][915]LogModuleManager: Shutting down and abandoning module Kismet (138)
[2015.09.26-11.33.30:641][915]LogModuleManager: Shutting down and abandoning module GraphEditor (137)
[2015.09.26-11.33.30:641][915]LogModuleManager: Shutting down and abandoning module ClassViewer (136)
[2015.09.26-11.33.30:643][915]LogModuleManager: Shutting down and abandoning module Toolbox (135)
[2015.09.26-11.33.30:643][915]LogModuleManager: Shutting down and abandoning module ModuleUI (134)
[2015.09.26-11.33.30:643][915]LogModuleManager: Shutting down and abandoning module MovieSceneTools (133)
[2015.09.26-11.33.30:643][915]LogModuleManager: Shutting down and abandoning module OutputLog (132)
[2015.09.26-11.33.30:643][915]LogModuleManager: Shutting down and abandoning module GammaUI (131)
[2015.09.26-11.33.30:643][915]LogModuleManager: Shutting down and abandoning module Documentation (130)
[2015.09.26-11.33.30:643][915]LogModuleManager: Shutting down and abandoning module GameLiveStreaming (129)
[2015.09.26-11.33.30:643][915]LogModuleManager: Shutting down and abandoning module StreamingPauseRendering (128)
[2015.09.26-11.33.30:643][915]LogModuleManager: Shutting down and abandoning module AnalyticsET (127)
[2015.09.26-11.33.30:643][915]LogModuleManager: Shutting down and abandoning module Analytics (126)
[2015.09.26-11.33.30:643][915]LogModuleManager: Shutting down and abandoning module AITestSuite (125)
[2015.09.26-11.33.30:643][915]LogModuleManager: Shutting down and abandoning module GameplayDebugger (124)
[2015.09.26-11.33.30:643][915]LogModuleManager: Shutting down and abandoning module AIModule (123)
[2015.09.26-11.33.30:643][915]LogModuleManager: Shutting down and abandoning module ProfilerService (122)
[2015.09.26-11.33.30:792][915]LogModuleManager: Shutting down and abandoning module TaskGraph (121)
[2015.09.26-11.33.30:792][915]LogModuleManager: Shutting down and abandoning module SlateRemote (120)
[2015.09.26-11.33.30:792][915]LogModuleManager: Shutting down and abandoning module SteamVRController (119)
[2015.09.26-11.33.30:792][915]LogModuleManager: Shutting down and abandoning module SteamVR (118)
[2015.09.26-11.33.30:792][915]LogModuleManager: Shutting down and abandoning module ProceduralMeshComponent (117)
[2015.09.26-11.33.30:792][915]LogModuleManager: Shutting down and abandoning module OculusRift (116)
[2015.09.26-11.33.30:792][915]LogModuleManager: Shutting down and abandoning module OculusLibrary (115)
[2015.09.26-11.33.30:792][915]LogModuleManager: Shutting down and abandoning module LeapMotionController (114)
[2015.09.26-11.33.30:803][915]LogModuleManager: Shutting down and abandoning module CustomMeshComponent (113)
[2015.09.26-11.33.30:803][915]LogModuleManager: Shutting down and abandoning module CableComponent (112)
[2015.09.26-11.33.30:803][915]LogModuleManager: Shutting down and abandoning module ArchVisCharacter (111)
[2015.09.26-11.33.30:803][915]LogModuleManager: Shutting down and abandoning module MessagingDebugger (110)
[2015.09.26-11.33.30:803][915]LogModuleManager: Shutting down and abandoning module MediaPlayerEditor (109)
[2015.09.26-11.33.30:803][915]LogModuleManager: Shutting down and abandoning module HTML5Networking (108)
[2015.09.26-11.33.30:803][915]LogModuleManager: Shutting down and abandoning module SpeedTreeImporter (107)
[2015.09.26-11.33.30:804][915]LogModuleManager: Shutting down and abandoning module PluginBrowser (106)
[2015.09.26-11.33.30:804][915]LogModuleManager: Shutting down and abandoning module EpicSurvey (105)
[2015.09.26-11.33.30:804][915]LogModuleManager: Shutting down and abandoning module DesktopPlatform (104)
[2015.09.26-11.33.30:804][915]LogModuleManager: Shutting down and abandoning module VisualStudioSourceCodeAccess (103)
[2015.09.26-11.33.30:804][915]LogModuleManager: Shutting down and abandoning module UObjectPlugin (102)
[2015.09.26-11.33.30:804][915]LogModuleManager: Shutting down and abandoning module SubversionSourceControl (101)
[2015.09.26-11.33.30:804][915]LogModuleManager: Shutting down and abandoning module PerforceSourceControl (100)
[2015.09.26-11.33.30:804][915]LogModuleManager: Shutting down and abandoning module SourceControl (99)
[2015.09.26-11.33.30:804][915]LogModuleManager: Shutting down and abandoning module GitSourceControl (98)
[2015.09.26-11.33.30:804][915]LogModuleManager: Shutting down and abandoning module LightPropagationVolumeEditor (97)
[2015.09.26-11.33.30:804][915]LogModuleManager: Shutting down and abandoning module PaperTiledImporter (96)
[2015.09.26-11.33.30:804][915]LogModuleManager: Shutting down and abandoning module PaperSpriteSheetImporter (95)
[2015.09.26-11.33.30:804][915]LogModuleManager: Shutting down and abandoning module MeshPaint (94)
[2015.09.26-11.33.30:804][915]LogModuleManager: Shutting down and abandoning module SlateReflector (93)
[2015.09.26-11.33.30:804][915]LogModuleManager: Shutting down and abandoning module HotReload (92)
[2015.09.26-11.33.30:804][915]LogModuleManager: Shutting down and abandoning module MainFrame (91)
[2015.09.26-11.33.30:804][915]LogModuleManager: Shutting down and abandoning module LevelEditor (90)
[2015.09.26-11.33.30:806][915]LogModuleManager: Shutting down and abandoning module DirectoryWatcher (89)
[2015.09.26-11.33.30:808][915]LogModuleManager: Shutting down and abandoning module AssetRegistry (88)
[2015.09.26-11.33.30:908][915]LogModuleManager: Shutting down and abandoning module ContentBrowser (87)
[2015.09.26-11.33.30:908][915]LogModuleManager: Shutting down and abandoning module Paper2DEditor (86)
[2015.09.26-11.33.30:909][915]LogModuleManager: Shutting down and abandoning module UdpMessaging (85)
[2015.09.26-11.33.31:010][915]LogModuleManager: Shutting down and abandoning module LightPropagationVolumeRuntime (84)
[2015.09.26-11.33.31:010][915]LogModuleManager: Shutting down and abandoning module Paper2D (83)
[2015.09.26-11.33.31:010][915]LogModuleManager: Shutting down and abandoning module WindowsMoviePlayer (82)
[2015.09.26-11.33.31:015][915]LogModuleManager: Shutting down and abandoning module Media (81)
[2015.09.26-11.33.31:015][915]LogModuleManager: Shutting down and abandoning module WmfMedia (80)
[2015.09.26-11.33.31:015][915]LogModuleManager: Shutting down and abandoning module OnlineBlueprintSupport (79)
[2015.09.26-11.33.31:015][915]LogModuleManager: Shutting down and abandoning module GameplayTasksEditor (78)
[2015.09.26-11.33.31:015][915]LogModuleManager: Shutting down and abandoning module PropertyEditor (77)
[2015.09.26-11.33.31:015][915]LogModuleManager: Shutting down and abandoning module BehaviorTreeEditor (76)
[2015.09.26-11.33.31:015][915]LogModuleManager: Shutting down and abandoning module FunctionalTesting (75)
[2015.09.26-11.33.31:015][915]LogModuleManager: Shutting down and abandoning module CollisionAnalyzer (74)
[2015.09.26-11.33.31:016][915]LogModuleManager: Shutting down and abandoning module WorkspaceMenuStructure (73)
[2015.09.26-11.33.31:016][915]LogModuleManager: Shutting down and abandoning module MessageLog (72)
[2015.09.26-11.33.31:016][915]LogModuleManager: Shutting down and abandoning module Sequencer (71)
[2015.09.26-11.33.31:016][915]LogModuleManager: Shutting down and abandoning module AssetTools (70)
[2015.09.26-11.33.31:016][915]LogModuleManager: Shutting down and abandoning module UMGEditor (69)
[2015.09.26-11.33.31:016][915]LogModuleManager: Shutting down and abandoning module UMG (68)
[2015.09.26-11.33.31:016][915]LogModuleManager: Shutting down and abandoning module Slate (67)
[2015.09.26-11.33.31:016][915]LogModuleManager: Shutting down and abandoning module EditorStyle (66)
[2015.09.26-11.33.31:020][915]LogModuleManager: Shutting down and abandoning module SessionServices (65)
[2015.09.26-11.33.31:020][915]LogModuleManager: Shutting down and abandoning module SourceCodeAccess (64)
[2015.09.26-11.33.31:020][915]LogModuleManager: Shutting down and abandoning module HeadMountedDisplay (63)
[2015.09.26-11.33.31:020][915]LogModuleManager: Shutting down and abandoning module XAudio2 (62)
[2015.09.26-11.33.31:020][915]LogModuleManager: Shutting down and abandoning module Networking (60)
[2015.09.26-11.33.31:020][915]LogModuleManager: Shutting down and abandoning module Core (59)
[2015.09.26-11.33.31:020][915]LogModuleManager: Shutting down and abandoning module KismetCompiler (58)
[2015.09.26-11.33.31:020][915]LogModuleManager: Shutting down and abandoning module PhysXFormats (57)
[2015.09.26-11.33.31:020][915]LogModuleManager: Shutting down and abandoning module MeshUtilities (56)
[2015.09.26-11.33.31:020][915]LogModuleManager: Shutting down and abandoning module CookingStats (55)
[2015.09.26-11.33.31:022][915]LogModuleManager: Shutting down and abandoning module DerivedDataCache (54)
[2015.09.26-11.33.31:119][915]LogDerivedDataCache: Shutdown
[2015.09.26-11.33.31:119][915]LogModuleManager: Shutting down and abandoning module ShaderFormatOpenGL (53)
[2015.09.26-11.33.31:119][915]LogModuleManager: Shutting down and abandoning module ShaderFormatD3D (52)
[2015.09.26-11.33.31:119][915]LogModuleManager: Shutting down and abandoning module MetalShaderFormat (51)
[2015.09.26-11.33.31:119][915]LogModuleManager: Shutting down and abandoning module TextureFormatUncompressed (50)
[2015.09.26-11.33.31:119][915]LogModuleManager: Shutting down and abandoning module TextureFormatPVR (49)
[2015.09.26-11.33.31:119][915]LogModuleManager: Shutting down and abandoning module TextureFormatIntelISPCTexComp (48)
[2015.09.26-11.33.31:119][915]LogModuleManager: Shutting down and abandoning module TextureFormatDXT (47)
[2015.09.26-11.33.31:119][915]LogModuleManager: Shutting down and abandoning module ImageWrapper (46)
[2015.09.26-11.33.31:119][915]LogModuleManager: Shutting down and abandoning module TextureFormatASTC (45)
[2015.09.26-11.33.31:119][915]LogModuleManager: Shutting down and abandoning module TextureFormatAndroid (44)
[2015.09.26-11.33.31:119][915]LogModuleManager: Shutting down and abandoning module AudioFormatOpus (43)
[2015.09.26-11.33.31:119][915]LogModuleManager: Shutting down and abandoning module AudioFormatOgg (42)
[2015.09.26-11.33.31:119][915]LogModuleManager: Shutting down and abandoning module AudioFormatADPCM (41)
[2015.09.26-11.33.31:119][915]LogModuleManager: Shutting down and abandoning module LinuxTargetPlatform (40)
[2015.09.26-11.33.31:119][915]LogModuleManager: Shutting down and abandoning module LinuxServerTargetPlatform (39)
[2015.09.26-11.33.31:119][915]LogModuleManager: Shutting down and abandoning module LinuxNoEditorTargetPlatform (38)
[2015.09.26-11.33.31:119][915]LogModuleManager: Shutting down and abandoning module Messaging (37)
[2015.09.26-11.33.31:119][915]LogModuleManager: Shutting down and abandoning module IOSTargetPlatform (36)
[2015.09.26-11.33.31:119][915]LogModuleManager: Shutting down and abandoning module HTML5TargetPlatform (35)
[2015.09.26-11.33.31:119][915]LogModuleManager: Shutting down and abandoning module Android_PVRTCTargetPlatform (34)
[2015.09.26-11.33.31:119][915]LogModuleManager: Shutting down and abandoning module Android_ETC2TargetPlatform (33)
[2015.09.26-11.33.31:119][915]LogModuleManager: Shutting down and abandoning module Android_ETC1TargetPlatform (32)
[2015.09.26-11.33.31:119][915]LogModuleManager: Shutting down and abandoning module Android_DXTTargetPlatform (31)
[2015.09.26-11.33.31:119][915]LogModuleManager: Shutting down and abandoning module Android_ATCTargetPlatform (30)
[2015.09.26-11.33.31:119][915]LogModuleManager: Shutting down and abandoning module Android_ASTCTargetPlatform (29)
[2015.09.26-11.33.31:119][915]LogModuleManager: Shutting down and abandoning module AndroidTargetPlatform (28)
[2015.09.26-11.33.31:119][915]LogModuleManager: Shutting down and abandoning module WindowsTargetPlatform (27)
[2015.09.26-11.33.31:119][915]LogModuleManager: Shutting down and abandoning module WindowsServerTargetPlatform (26)
[2015.09.26-11.33.31:119][915]LogModuleManager: Shutting down and abandoning module WindowsNoEditorTargetPlatform (25)
[2015.09.26-11.33.31:119][915]LogModuleManager: Shutting down and abandoning module WindowsClientTargetPlatform (24)
[2015.09.26-11.33.31:119][915]LogModuleManager: Shutting down and abandoning module AllDesktopTargetPlatform (23)
[2015.09.26-11.33.31:119][915]LogModuleManager: Shutting down and abandoning module TargetPlatform (22)
[2015.09.26-11.33.31:119][915]LogModuleManager: Shutting down and abandoning module InputCore (21)
[2015.09.26-11.33.31:120][915]LogModuleManager: Shutting down and abandoning module Settings (20)
[2015.09.26-11.33.31:120][915]LogModuleManager: Shutting down and abandoning module OnlineSubsystem (18)
[2015.09.26-11.33.31:120][915]LogModuleManager: Shutting down and abandoning module HTTP (17)
[2015.09.26-11.33.33:124][915]LogModuleManager: Shutting down and abandoning module XMPP (16)
[2015.09.26-11.33.33:124][915]LogModuleManager: Shutting down and abandoning module ExampleDeviceProfileSelector (15)
[2015.09.26-11.33.33:124][915]LogModuleManager: Shutting down and abandoning module TextureCompressor (14)
[2015.09.26-11.33.33:124][915]LogModuleManager: Shutting down and abandoning module ShaderCore (13)
[2015.09.26-11.33.33:124][915]LogModuleManager: Shutting down and abandoning module Landscape (12)
[2015.09.26-11.33.33:124][915]LogModuleManager: Shutting down and abandoning module SlateRHIRenderer (11)
[2015.09.26-11.33.33:132][915]LogModuleManager: Shutting down and abandoning module OpenGLDrv (10)
[2015.09.26-11.33.33:132][915]LogModuleManager: Shutting down and abandoning module D3D11RHI (9)
[2015.09.26-11.33.33:132][915]LogModuleManager: Shutting down and abandoning module AnimGraphRuntime (8)
[2015.09.26-11.33.33:132][915]LogModuleManager: Shutting down and abandoning module Renderer (7)
[2015.09.26-11.33.33:132][915]LogModuleManager: Shutting down and abandoning module Engine (6)
[2015.09.26-11.33.33:132][915]LogModuleManager: Shutting down and abandoning module CoreUObject (5)
[2015.09.26-11.33.33:132][915]LogModuleManager: Shutting down and abandoning module NetworkFile (4)
[2015.09.26-11.33.33:132][915]LogModuleManager: Shutting down and abandoning module StreamingFile (3)
[2015.09.26-11.33.33:132][915]LogModuleManager: Shutting down and abandoning module SandboxFile (2)
[2015.09.26-11.33.33:132][915]LogModuleManager: Shutting down and abandoning module PakFile (1)
[2015.09.26-11.33.33:133][915]LogExit: Exiting.
[2015.09.26-11.33.33:153][915]Log file closed, 09/26/15 15:33:33
