[2015.09.27-13.41.54:990][  0]Log file open, 09/27/15 17:41:54
[2015.09.27-13.41.54:990][  0]LogInit:Display: Running engine for game: Mount
[2015.09.27-13.41.54:990][  0]LogInit:Display: RandInit(1373388626) SRandInit(1373388626).
[2015.09.27-13.41.54:990][  0]LogTaskGraph: Started task graph with 4 named threads and 5 total threads.
[2015.09.27-13.41.54:990][  0]LogStats: Stats thread started at 0.298555
[2015.09.27-13.41.54:990][  0]LogInit: Version: 4.9.1-2689999+++depot+UE4-Releases+4.9
[2015.09.27-13.41.54:990][  0]LogInit: API Version: 2672455
[2015.09.27-13.41.54:990][  0]LogInit: Compiled (64-bit): Sep 14 2015 04:12:03
[2015.09.27-13.41.54:990][  0]LogInit: Compiled with Visual C++: 18.00.21005.01
[2015.09.27-13.41.54:990][  0]LogInit: Build Configuration: Development
[2015.09.27-13.41.54:990][  0]LogInit: Branch Name: ++depot+UE4-Releases+4.9
[2015.09.27-13.41.54:990][  0]LogInit: Command line:  
[2015.09.27-13.41.54:990][  0]LogInit: Base directory: E:/Epic Games/4.9/Engine/Binaries/Win64/
[2015.09.27-13.41.54:990][  0]LogInit: Rocket: 1
[2015.09.27-13.41.55:063][  0]LogInit: Using libcurl 7.41.0
[2015.09.27-13.41.55:063][  0]LogInit:  - built for x86_64-pc-win32
[2015.09.27-13.41.55:063][  0]LogInit:  - supports SSL with WinSSL
[2015.09.27-13.41.55:063][  0]LogInit:  - other features:
[2015.09.27-13.41.55:063][  0]LogInit:      CURL_VERSION_SSL
[2015.09.27-13.41.55:063][  0]LogInit:      CURL_VERSION_IPV6
[2015.09.27-13.41.55:063][  0]LogInit:      CURL_VERSION_ASYNCHDNS
[2015.09.27-13.41.55:063][  0]LogInit:      CURL_VERSION_LARGEFILE
[2015.09.27-13.41.55:063][  0]LogInit:      CURL_VERSION_IDN
[2015.09.27-13.41.55:063][  0]LogInit:  CurlRequestOptions (configurable via config and command line):
[2015.09.27-13.41.55:063][  0]LogInit:  - bVerifyPeer = true  - Libcurl will verify peer certificate
[2015.09.27-13.41.55:063][  0]LogInit:  - bUseHttpProxy = false  - Libcurl will NOT use HTTP proxy
[2015.09.27-13.41.55:063][  0]LogInit:  - bDontReuseConnections = false  - Libcurl will reuse connections
[2015.09.27-13.41.55:063][  0]LogInit:  - CertBundlePath = nullptr  - Libcurl will use whatever was configured at build time.
[2015.09.27-13.41.55:076][  0]LogInit: Presizing for 0 objects not considered by GC, pre-allocating 0 bytes.
[2015.09.27-13.41.55:086][  0]LogInit: Object subsystem initialized
[2015.09.27-13.41.55:113][  0]LogInit: Selected Device Profile: [Windows]
[2015.09.27-13.41.55:113][  0]LogInit: Applying CVar settings loaded from the selected device profile: [Windows]
[2015.09.27-13.41.55:231][  0]LogInit: Computer: HOME-PC
[2015.09.27-13.41.55:231][  0]LogInit: User: Dima
[2015.09.27-13.41.55:231][  0]LogInit: CPU Page size=4096, Cores=2
[2015.09.27-13.41.55:231][  0]LogInit: High frequency timer resolution =3.092096 MHz
[2015.09.27-13.41.55:231][  0]LogMemory: Memory total: Physical=6.0GB (6GB approx)
[2015.09.27-13.41.55:232][  0]LogMemory: Platform Memory Stats for Windows
[2015.09.27-13.41.55:232][  0]LogMemory: Process Physical Memory: 52.06 MB used, 52.06 MB peak
[2015.09.27-13.41.55:232][  0]LogMemory: Process Virtual Memory: 56.66 MB used, 56.66 MB peak
[2015.09.27-13.41.55:232][  0]LogMemory: Physical Memory: 1077.63 MB used, 6142.05 MB total
[2015.09.27-13.41.55:232][  0]LogMemory: Virtual Memory: 343.60 MB used, 134217728.00 MB total
[2015.09.27-13.41.55:338][  0]LogTextLocalizationManager: No translations for ('ru-RU') exist, falling back to 'en' for localization and internationalization data.
[2015.09.27-13.41.56:321][  0]LogD3D11RHI: Found D3D11 adapter 0: ATI Radeon HD 4800 Series (Engineering Sample - WDDM v1.1) (Feature Level 10_0)
[2015.09.27-13.41.56:321][  0]LogD3D11RHI: Adapter has 1014MB of dedicated video memory, 0MB of dedicated system memory, and 2816MB of shared system memory, 1 output[s]
[2015.09.27-13.41.56:337][  0]LogD3D11RHI: Found D3D11 adapter 1: Microsoft Basic Render Driver (Feature Level 11_0)
[2015.09.27-13.41.56:337][  0]LogD3D11RHI: Adapter has 0MB of dedicated video memory, 0MB of dedicated system memory, and 256MB of shared system memory, 0 output[s]
[2015.09.27-13.41.56:337][  0]LogD3D11RHI: Chosen D3D11 Adapter Id = 0
[2015.09.27-13.41.56:342][  0]LogD3D11RHI: !Direct3DDevice
[2015.09.27-13.41.56:342][  0]LogRHI: Texture pool is 710 MB (70% of 1014 MB)
[2015.09.27-13.41.56:363][  0]LogD3D11RHI: Async texture creation disabled: no driver support
[2015.09.27-13.41.56:369][  0]LogShaderCompilers: Guid format shader working directory is 15 characters bigger than the processId version (D:/Unreal Projects/Mount/Intermediate/Shaders/WorkingDirectory/2848/).
[2015.09.27-13.41.56:369][  0]LogShaderCompilers: Cleaned the shader compiler working directory 'D:/Unreal Projects/Mount/Intermediate/Shaders/tmp/40B393B64C9D6A59F0996F9296C5CB3E/'.
[2015.09.27-13.41.56:369][  0]LogShaderCompilers:Display: Using Local Shader Compiler.
[2015.09.27-13.42.01:840][  0]LogTemp:Display: Loaded TP AllDesktopTargetPlatform
[2015.09.27-13.42.01:852][  0]LogTemp:Display: Loaded TP WindowsClientTargetPlatform
[2015.09.27-13.42.01:863][  0]LogTemp:Display: Loaded TP WindowsNoEditorTargetPlatform
[2015.09.27-13.42.01:874][  0]LogTemp:Display: Loaded TP WindowsServerTargetPlatform
[2015.09.27-13.42.01:911][  0]LogTemp:Display: Loaded TP WindowsTargetPlatform
[2015.09.27-13.42.01:918][  0]LogTemp:Display: Loaded TP AndroidTargetPlatform
[2015.09.27-13.42.01:924][  0]LogTemp:Display: Loaded TP Android_ASTCTargetPlatform
[2015.09.27-13.42.01:929][  0]LogTemp:Display: Loaded TP Android_ATCTargetPlatform
[2015.09.27-13.42.01:935][  0]LogTemp:Display: Loaded TP Android_DXTTargetPlatform
[2015.09.27-13.42.01:942][  0]LogTemp:Display: Loaded TP Android_ETC1TargetPlatform
[2015.09.27-13.42.01:948][  0]LogTemp:Display: Loaded TP Android_ETC2TargetPlatform
[2015.09.27-13.42.01:954][  0]LogTemp:Display: Loaded TP Android_PVRTCTargetPlatform
[2015.09.27-13.42.01:973][  0]LogTemp:Display: Loaded TP HTML5TargetPlatform
[2015.09.27-13.42.02:082][  0]LogTemp:Display: Loaded TP IOSTargetPlatform
[2015.09.27-13.42.02:090][  0]LogTemp:Display: Loaded TP LinuxNoEditorTargetPlatform
[2015.09.27-13.42.02:100][  0]LogTemp:Display: Loaded TP LinuxServerTargetPlatform
[2015.09.27-13.42.02:109][  0]LogTemp:Display: Loaded TP LinuxTargetPlatform
[2015.09.27-13.42.02:109][  0]LogTargetPlatformManager:Display: Building Assets For Windows
[2015.09.27-13.42.02:883][  0]LogDerivedDataCache:Display: Max Cache Size: 512 MB
[2015.09.27-13.42.03:368][  0]LogDerivedDataCache: Loaded boot cache 0.47s 36MB C:/Users/Dima/AppData/Local/UnrealEngine/4.9/DerivedDataCache/Boot.ddc.
[2015.09.27-13.42.03:369][  0]LogDerivedDataCache:Display: Loaded Boot cache: C:/Users/Dima/AppData/Local/UnrealEngine/4.9/DerivedDataCache/Boot.ddc
[2015.09.27-13.42.03:369][  0]LogDerivedDataCache: FDerivedDataBackendGraph:  Pak pak cache file D:/Unreal Projects/Mount/DerivedDataCache/DDC.ddp not found, will not use a pak cache.
[2015.09.27-13.42.03:369][  0]LogDerivedDataCache: Unable to find inner node Pak for hierarchical cache Hierarchy.
[2015.09.27-13.42.03:369][  0]LogDerivedDataCache: FDerivedDataBackendGraph:  CompressedPak pak cache file D:/Unreal Projects/Mount/DerivedDataCache/Compressed.ddp not found, will not use a pak cache.
[2015.09.27-13.42.03:369][  0]LogDerivedDataCache: Unable to find inner node CompressedPak for hierarchical cache Hierarchy.
[2015.09.27-13.42.03:626][  0]LogDerivedDataCache:Display: Pak cache opened for reading ../../../Engine/DerivedDataCache/Compressed.ddp.
[2015.09.27-13.42.03:638][  0]LogDerivedDataCache: Using Local data cache path C:/Users/Dima/AppData/Local/UnrealEngine/Common/DerivedDataCache: Writable
[2015.09.27-13.42.10:911][  0]LogInit: Selected Device Profile: [Windows]
[2015.09.27-13.42.11:058][  0]LogContentStreaming: Texture pool size is 0.000000MB
[2015.09.27-13.42.12:852][  0]LogMeshUtilities: No automatic mesh reduction module available
[2015.09.27-13.42.12:852][  0]LogMeshUtilities: No automatic mesh merging module available
[2015.09.27-13.42.16:897][  0]LogInit: WinSock: version 1.1 (2.2), MaxSocks=32767, MaxUdp=65467
[2015.09.27-13.42.25:272][  0]UdpMessaging: Initializing bridge on interface 0.0.0.0:0 to multicast group 230.0.0.1:6666.
[2015.09.27-13.42.25:737][  0]LogAssetRegistry: FAssetRegistry took 0.0136 seconds to start up
[2015.09.27-13.42.28:717][  0]SourceControl: Info Source control is disabled
[2015.09.27-13.42.29:034][  0]SourceControl: Info Source control is disabled
[2015.09.27-13.42.29:080][  0]SourceControl: Info Source control is disabled
[2015.09.27-13.42.29:128][  0]SourceControl: Info Source control is disabled
[2015.09.27-13.42.30:296][  0]LogLinker:Warning: Asset '../../../Engine/Plugins/Runtime/LeapMotionController/Content/LM_PassthroughMaterial.uasset' has been saved with empty engine version. The asset will be loaded but may be incompatible.
[2015.09.27-13.42.30:763][  0]LogObj: 28361 objects as part of root set at end of initial load.
[2015.09.27-13.42.30:763][  0]LogUObjectAllocator: 6038872 out of 0 bytes used by permanent object pool.
[2015.09.27-13.42.33:206][  0]LogAutomationTest:Warning: Smoke tests took > 1s to run: 1.53s
[2015.09.27-13.42.33:339][  0]LogEngine: Initializing Engine...
[2015.09.27-13.42.33:394][  0]LogHMD: Can't find Oculus library dev build: is proper Runtime installed? Version: 0.7.0.0
[2015.09.27-13.42.33:473][  0]LogHMD: SteamVR failed to initialize.  Err: 110
[2015.09.27-13.42.35:224][  0]LogAIModule: Creating AISystem for world NewWorld
[2015.09.27-13.42.35:966][  0]LogInit: XAudio2 using 'Динамики (Устройство с поддержкой High Definition Audio)' : 2 channels at 44.1 kHz using 16 bits per sample (channel mask 0x3)
[2015.09.27-13.42.36:106][  0]LogInit: FAudioDevice initialized.
[2015.09.27-13.42.36:140][  0]LogDerivedDataCache:Error: Could not save memory cache C:/Users/Dima/AppData/Local/UnrealEngine/4.9/DerivedDataCache/Boot.ddc.
[2015.09.27-13.42.36:180][  0]LogInit: Texture streaming: Enabled
[2015.09.27-13.42.36:399][  0]LogAnalytics: Creating configured Analytics provider AnalyticsET
[2015.09.27-13.42.36:403][  0]LogAnalytics: [UEEditor.Rocket.Release] APIServer = http://et2.epicgames.com/ET2/. AppVersion = 4.9.1-2689999+++depot+UE4-Releases+4.9
[2015.09.27-13.42.36:417][  0]LogAnalytics: [UEEditor.Rocket.Release] SetUserId 43b2b92f40fd89f5f59b00a7dd5b4531|ad35640b2cea4448bd26c779f4aa1f40|c2aa0f81-c9e6-4b47-aeb3-6305f92e1b8c
[2015.09.27-13.42.36:418][  0]LogAnalytics: [UEEditor.Rocket.Release] AnalyticsET::StartSession
[2015.09.27-13.42.38:453][  0]LogInit: Transaction tracking system initialized
[2015.09.27-13.42.43:368][  0]BlueprintLog: New page: Editor Load
[2015.09.27-13.42.46:162][  0]LocalizationService: Info Localization service is disabled
[2015.09.27-13.42.47:179][  0]LogConsoleResponse:Display: 
[2015.09.27-13.42.49:634][  0]LogFileCache: Scanning file cache for directory 'D:/Unreal Projects/Mount/Content/' took 0.04s
[2015.09.27-13.42.49:634][  0]LogCook:Display: Done creating registry. It took  0.00s.
[2015.09.27-13.42.51:361][  0]SourceControl: Info Source control is disabled
[2015.09.27-13.42.51:438][  0]Cmd: MAP LOAD FILE="D:/Unreal Projects/Mount/Content/StarterContent/Maps/Minimal_Default.umap" TEMPLATE=0 SHOWPROGRESS=1 FEATURELEVEL=2
[2015.09.27-13.42.51:439][  0]LogEditorServer:Warning: Can't find file 'D:/Unreal Projects/Mount/Content/StarterContent/Maps/Minimal_Default.umap'
[2015.09.27-13.42.51:442][  0]Cmd: MAP CHECKDEP NOCLEARLOG
[2015.09.27-13.42.51:541][  0]MapCheck: Info Map check complete: 0 Error(s), 0 Warning(s), took 98.905ms to complete.
[2015.09.27-13.42.51:541][  0]LogFileHelpers: Loading map 'Minimal_Default' took 0.131
[2015.09.27-13.42.54:123][  0]LogCollectionManager: Loaded 0 collections in 0.014199 seconds
[2015.09.27-13.42.54:235][  0]LogFileCache: Scanning file cache for directory 'D:/Unreal Projects/Mount/Saved/Collections/' took 0.01s
[2015.09.27-13.42.54:235][  0]LogFileCache: Scanning file cache for directory 'D:/Unreal Projects/Mount/Content/Developers/Dima/Collections/' took 0.00s
[2015.09.27-13.42.54:235][  0]LogFileCache: Scanning file cache for directory 'D:/Unreal Projects/Mount/Content/Collections/' took 0.00s
[2015.09.27-13.42.54:235][  0]LogContentBrowser: Native class hierarchy populated in 0.0299 seconds. Added 1867 classes and 333 folders.
[2015.09.27-13.42.54:358][  0]LogCollectionManager: Rebuilt the GUID cache for 0 collections in 0.000005 seconds
[2015.09.27-13.42.54:481][  0]LogContentBrowser: Native class hierarchy updated for 'WidgetCarousel' in 0.0006 seconds. Added 0 classes and 0 folders.
[2015.09.27-13.42.55:311][  0]LogContentBrowser: Native class hierarchy updated for 'AddContentDialog' in 0.0006 seconds. Added 0 classes and 0 folders.
[2015.09.27-13.42.55:387][  0]LogContentBrowser: Native class hierarchy updated for 'SceneOutliner' in 0.0006 seconds. Added 1 classes and 2 folders.
[2015.09.27-13.42.55:864][  0]LogCrashTracker: Crashtracker disabled due to settings.
[2015.09.27-13.42.56:049][  0]LogUObjectGlobals:Warning: Failed to find object 'Class None.'
[2015.09.27-13.42.56:129][  0]LogLoad: Full Startup: 63.00 seconds (BP compile: 0.49 seconds)
[2015.09.27-13.42.57:354][  0]LogContentStreaming: Texture pool size now 1000 MB
[2015.09.27-13.42.58:306][  0]LogRenderer: Reallocating scene render targets to support 1208x576 (Frame:2).
[2015.09.27-13.42.59:762][  3]LogAssetRegistry: Asset discovery search completed in 34.0375 seconds
[2015.09.27-13.42.59:762][  3]LogCollectionManager: Rebuilt the object cache for 0 collections in 0.000002 seconds (found 0 objects)
[2015.09.27-13.42.59:762][  3]LogCollectionManager: Fixed up redirectors for 0 collections in 0.000040 seconds (updated 0 objects)
[2015.09.27-13.46.00:331][969]LogAIModule: Creating AISystem for world MM_Map
[2015.09.27-13.46.00:857][969]Cmd: MAP LOAD FILE="D:/Unreal Projects/Mount/Content/StarterContent/Maps/MM_Map.umap" TEMPLATE=0 SHOWPROGRESS=1 FEATURELEVEL=2
[2015.09.27-13.46.00:858][969]LightingResults: New page: Lighting Build
[2015.09.27-13.46.01:056][969]LogContentBrowser: Native class hierarchy updated for 'StatsViewer' in 0.0007 seconds. Added 5 classes and 0 folders.
[2015.09.27-13.46.01:081][969]LoadErrors: New page: Loading map: MM_Map.umap
[2015.09.27-13.46.01:081][969]MapCheck: New page: Map Check
[2015.09.27-13.46.01:081][969]LightingResults: New page: Lighting Build
[2015.09.27-13.46.01:107][969]LogParticles: Destroying 0 GPU particle simulations for FXSystem 0x000000B6ECBAF420
[2015.09.27-13.46.01:119][969]LogEditorServer: Finished looking for orphan Actors (0.000 secs)
[2015.09.27-13.46.01:250][969]Cmd: MAP CHECKDEP NOCLEARLOG
[2015.09.27-13.46.01:312][969]MapCheck: Info Map check complete: 0 Error(s), 0 Warning(s), took 61.205ms to complete.
[2015.09.27-13.46.01:313][969]LogFileHelpers: Loading map 'MM_Map' took 0.457
[2015.09.27-13.46.10:342][ 65]LogAIModule: Creating AISystem for world GameMap
[2015.09.27-13.46.10:662][ 65]Cmd: MAP LOAD FILE="D:/Unreal Projects/Mount/Content/StarterContent/Maps/GameMap.umap" TEMPLATE=0 SHOWPROGRESS=1 FEATURELEVEL=2
[2015.09.27-13.46.10:662][ 65]LightingResults: New page: Lighting Build
[2015.09.27-13.46.10:680][ 65]LoadErrors: New page: Loading map: GameMap.umap
[2015.09.27-13.46.10:681][ 65]MapCheck: New page: Map Check
[2015.09.27-13.46.10:681][ 65]LightingResults: New page: Lighting Build
[2015.09.27-13.46.10:742][ 65]LogParticles: Destroying 0 GPU particle simulations for FXSystem 0x000000B6EDE41F80
[2015.09.27-13.46.18:029][ 65]LogEditorServer: Finished looking for orphan Actors (0.000 secs)
[2015.09.27-13.46.18:070][ 65]Cmd: MAP CHECKDEP NOCLEARLOG
[2015.09.27-13.46.18:137][ 65]MapCheck: Info Map check complete: 0 Error(s), 0 Warning(s), took 66.229ms to complete.
[2015.09.27-13.46.18:137][ 65]LogFileHelpers: Loading map 'GameMap' took 7.476
[2015.09.27-13.46.18:178][ 66]Cmd: UpdateLandscapeEditorData -warnings
[2015.09.27-13.46.18:311][ 66]Cmd: UpdateLandscapeEditorData
[2015.09.27-13.47.38:441][654]LogWindowsTextInputMethodSystem:Display: IME system now deactivated.
[2015.09.27-13.47.38:441][654]LogWindowsTextInputMethodSystem:Display: IME system now deactivated.
[2015.09.27-13.47.44:151][918]Cmd: DELETE
[2015.09.27-13.47.44:151][918]Cmd: ACTOR DELETE
[2015.09.27-13.47.44:156][918]LogEditorActor: Deleted Actor: TextRenderActor
[2015.09.27-13.47.44:156][918]LogActorComponent: UnregisterComponent: (/Engine/Transient.MovementComponent0) Not registered. Aborting.
[2015.09.27-13.47.44:201][918]LogEditorActor: Deleted 1 Actors (0.050 secs)
[2015.09.27-13.47.47:552][ 67]LogEditorViewport: Clicking on Actor (LMB): BP_Sky_Sphere_C (BP_Sky_Sphere)
[2015.09.27-13.47.48:323][ 95]LogEditorViewport: Clicking on Actor (LMB): BP_Sky_Sphere_C (BP_Sky_Sphere)
[2015.09.27-13.47.49:601][143]LogEditorViewport: Clicking on Actor (LMB): BP_Sky_Sphere_C (BP_Sky_Sphere)
[2015.09.27-13.47.52:362][235]LogEditorViewport: Clicking on Actor (LMB): BP_Sky_Sphere_C (BP_Sky_Sphere)
[2015.09.27-13.49.17:187][656]LogWindowsTextInputMethodSystem:Display: IME system now deactivated.
[2015.09.27-13.49.17:187][656]LogWindowsTextInputMethodSystem:Display: IME system now deactivated.
[2015.09.27-13.49.21:438][876]LogWindowsTextInputMethodSystem:Display: IME system now deactivated.
[2015.09.27-13.49.21:438][876]LogWindowsTextInputMethodSystem:Display: IME system now deactivated.
[2015.09.27-13.49.25:972][ 51]LogEditorViewport: Clicking on Actor (LMB): Landscape (Landscape2)
[2015.09.27-13.56.03:359][887]Cmd: OBJ SAVEPACKAGE PACKAGE="/Game/StarterContent/Maps/GameMap" FILE="D:/Unreal Projects/Mount/Saved/Autosaves/Game/StarterContent/Maps/GameMap_Auto1.umap" SILENT=true AUTOSAVING=true KEEPDIRTY=false
[2015.09.27-13.56.09:917][887]LogSavePackage: Save=6492.610840ms
[2015.09.27-13.56.09:917][887]LogSavePackage: Moving 'D:/Unreal Projects/Mount/Saved/GameMap_Auto106604B6C4BC6BE06EBDBB3A7650AF43F.tmp' to 'D:/Unreal Projects/Mount/Saved/Autosaves/Game/StarterContent/Maps/GameMap_Auto1.umap'
[2015.09.27-13.56.09:919][887]LogSavePackage: Total save time: 6556.517974ms
[2015.09.27-13.56.09:919][887]LogSavePackage:Warning: Finished SavePackage D:/Unreal Projects/Mount/Saved/Autosaves/Game/StarterContent/Maps/GameMap_Auto1.umap
[2015.09.27-13.56.09:921][887]LogFileHelpers: Editor autosave (incl. sublevels) for '/Game/StarterContent/Maps/GameMap' took 6.620
[2015.09.27-13.56.09:921][887]LogFileHelpers: Editor autosave (incl. sublevels) for all levels took 6.620
[2015.09.27-14.02.34:982][ 41]LogWindowsTextInputMethodSystem:Display: IME system now deactivated.
[2015.09.27-14.02.34:982][ 41]LogWindowsTextInputMethodSystem:Display: IME system now deactivated.
[2015.09.27-14.14.47:471][801]Cmd: BRUSH ADD SELECTNEWBRUSH
[2015.09.27-14.15.40:238][ 88]LogEditorViewport: Clicking on Actor (LMB): Brush (Cone Brush)
[2015.09.27-14.16.17:639][754]Cmd: OBJ SAVEPACKAGE PACKAGE="/Game/StarterContent/Maps/GameMap" FILE="D:/Unreal Projects/Mount/Saved/Autosaves/Game/StarterContent/Maps/GameMap_Auto2.umap" SILENT=true AUTOSAVING=true KEEPDIRTY=false
[2015.09.27-14.17.01:054][754]LogSavePackage: Save=43391.167969ms
[2015.09.27-14.17.01:054][754]LogSavePackage: Moving 'D:/Unreal Projects/Mount/Saved/GameMap_Auto2E564FA7F437439DE647864945D81CA87.tmp' to 'D:/Unreal Projects/Mount/Saved/Autosaves/Game/StarterContent/Maps/GameMap_Auto2.umap'
[2015.09.27-14.17.01:076][754]LogSavePackage: Total save time: 43434.975501ms
[2015.09.27-14.17.01:076][754]LogSavePackage:Warning: Finished SavePackage D:/Unreal Projects/Mount/Saved/Autosaves/Game/StarterContent/Maps/GameMap_Auto2.umap
[2015.09.27-14.17.01:080][754]LogFileHelpers: Editor autosave (incl. sublevels) for '/Game/StarterContent/Maps/GameMap' took 43.511
[2015.09.27-14.17.01:080][754]LogFileHelpers: Editor autosave (incl. sublevels) for all levels took 43.511
[2015.09.27-14.17.39:276][929]LogEditorViewport: Clicking on Actor (LMB): Landscape (Landscape2)
[2015.09.27-14.21.06:413][933]LogEditorViewport: Clicking on Actor (LMB): Landscape (Landscape2)
[2015.09.27-14.21.18:952][330]Cmd: BRUSH ADD SELECTNEWBRUSH
[2015.09.27-14.21.42:232][943]LogEditorViewport: Clicking on Actor (LMB): Landscape (Landscape2)
[2015.09.27-14.21.43:076][968]LogEditorViewport: Clicking on Actor (LMB): Landscape (Landscape2)
[2015.09.27-14.22.03:424][638]LogEditorViewport: Clicking on Actor (LMB): Landscape (Landscape2)
[2015.09.27-14.22.07:611][767]LogWindowsTextInputMethodSystem:Display: IME system now deactivated.
[2015.09.27-14.22.07:611][767]LogWindowsTextInputMethodSystem:Display: IME system now deactivated.
[2015.09.27-14.22.12:565][939]Cmd: DELETE
[2015.09.27-14.22.12:565][939]Cmd: ACTOR DELETE
[2015.09.27-14.22.12:570][939]LogEditorActor: Deleted Actor: TextRenderActor
[2015.09.27-14.22.12:570][939]LogActorComponent: UnregisterComponent: (/Engine/Transient.MovementComponent0) Not registered. Aborting.
[2015.09.27-14.22.12:653][939]LogEditorActor: Deleted 1 Actors (0.087 secs)
[2015.09.27-14.22.14:791][ 55]LogEditorViewport: Clicking on Actor (LMB): TextRenderActor (TextRenderActor)
[2015.09.27-14.22.27:763][747]LogEditorViewport: Clicking on Actor (context menu): Landscape (Landscape2)
[2015.09.27-14.22.27:977][748]LogEditorViewport: Clicking on Actor (LMB): Landscape (Landscape2)
[2015.09.27-14.22.33:620][992]LogEditorViewport: Clicking on Actor (LMB): TextRenderActor (TextRenderActor3)
[2015.09.27-14.22.42:985][454]LogEditorViewport: Clicking on Actor (LMB): Landscape (Landscape2)
[2015.09.27-14.22.44:827][543]LogEditorViewport: Clicking on Actor (LMB): TextRenderActor (TextRenderActor3)
[2015.09.27-14.22.50:435][849]LogEditorViewport: Clicking on Actor (LMB): Landscape (Landscape2)
[2015.09.27-14.26.51:180][764]LogWindowsTextInputMethodSystem:Display: IME system now deactivated.
[2015.09.27-14.26.51:181][764]LogWindowsTextInputMethodSystem:Display: IME system now deactivated.
[2015.09.27-14.26.52:536][817]LogEditorViewport: Clicking on Actor (LMB): Landscape (Landscape2)
[2015.09.27-14.27.12:082][598]Cmd: DELETE
[2015.09.27-14.27.12:082][598]Cmd: ACTOR DELETE
[2015.09.27-14.27.12:088][598]LogEditorActor: Deleted Actor: TextRenderActor
[2015.09.27-14.27.12:163][598]LogEditorActor: Deleted 1 Actors (0.080 secs)
[2015.09.27-14.27.14:196][702]LogEditorViewport: Clicking on Actor (LMB): TextRenderActor (TextRenderActor3)
[2015.09.27-14.27.45:629][523]LogWindowsTextInputMethodSystem:Display: IME system now deactivated.
[2015.09.27-14.27.45:629][523]LogWindowsTextInputMethodSystem:Display: IME system now deactivated.
[2015.09.27-14.27.47:780][611]LogEditorViewport: Clicking on Actor (LMB): BP_Sky_Sphere_C (BP_Sky_Sphere)
[2015.09.27-14.27.49:186][695]LogEditorViewport: Clicking on Actor (LMB): BP_Sky_Sphere_C (BP_Sky_Sphere)
[2015.09.27-14.27.50:016][743]LogEditorViewport: Clicking on Actor (LMB): BP_Sky_Sphere_C (BP_Sky_Sphere)
[2015.09.27-14.27.50:484][768]LogEditorViewport: Clicking on Actor (LMB): BP_Sky_Sphere_C (BP_Sky_Sphere)
[2015.09.27-14.27.50:960][793]LogEditorViewport: Clicking on Component (LMB): StaticMeshComponent (Sky Sphere mesh)
[2015.09.27-14.27.51:574][821]LogEditorViewport: Clicking on Actor (LMB): TextRenderActor (TextRenderActor4)
[2015.09.27-14.27.54:057][965]LogEditorViewport: Clicking on Actor (LMB): Landscape (Landscape2)
[2015.09.27-14.28.07:018][639]Cmd: BRUSH ADD SELECTNEWBRUSH
[2015.09.27-14.28.56:159][641]LogEditorViewport: Clicking on Actor (LMB): Landscape (Landscape2)
[2015.09.27-14.29.03:524][869]Cmd: DELETE
[2015.09.27-14.29.03:524][869]Cmd: ACTOR DELETE
[2015.09.27-14.29.03:531][869]LogEditorActor: Deleted Actor: Brush
[2015.09.27-14.29.05:484][869]LogEditorActor: Deleted 1 Actors (1.957 secs)
[2015.09.27-14.29.30:764][967]Cmd: OBJ SAVEPACKAGE PACKAGE="/Game/StarterContent/Maps/GameMap" FILE="D:/Unreal Projects/Mount/Saved/Autosaves/Game/StarterContent/Maps/GameMap_Auto3.umap" SILENT=true AUTOSAVING=true KEEPDIRTY=false
[2015.09.27-14.30.00:115][967]LogSavePackage: Save=29311.246094ms
[2015.09.27-14.30.00:115][967]LogSavePackage: Moving 'D:/Unreal Projects/Mount/Saved/GameMap_Auto3F4EFB43B45B894B5DEFDC3A480D688C7.tmp' to 'D:/Unreal Projects/Mount/Saved/Autosaves/Game/StarterContent/Maps/GameMap_Auto3.umap'
[2015.09.27-14.30.00:117][967]LogSavePackage: Total save time: 29349.819995ms
[2015.09.27-14.30.00:117][967]LogSavePackage:Warning: Finished SavePackage D:/