[2015.09.27-12.47.17:558][  0]Log file open, 09/27/15 16:47:17
[2015.09.27-12.47.17:558][  0]LogInit:Display: Running engine for game: Mount
[2015.09.27-12.47.17:558][  0]LogInit:Display: RandInit(-167624884) SRandInit(-167624884).
[2015.09.27-12.47.17:558][  0]LogTaskGraph: Started task graph with 4 named threads and 5 total threads.
[2015.09.27-12.47.17:558][  0]LogStats: Stats thread started at 0.064956
[2015.09.27-12.47.17:558][  0]LogInit: Version: 4.9.1-2689999+++depot+UE4-Releases+4.9
[2015.09.27-12.47.17:558][  0]LogInit: API Version: 2672455
[2015.09.27-12.47.17:558][  0]LogInit: Compiled (64-bit): Sep 14 2015 04:12:03
[2015.09.27-12.47.17:558][  0]LogInit: Compiled with Visual C++: 18.00.21005.01
[2015.09.27-12.47.17:558][  0]LogInit: Build Configuration: Development
[2015.09.27-12.47.17:558][  0]LogInit: Branch Name: ++depot+UE4-Releases+4.9
[2015.09.27-12.47.17:558][  0]LogInit: Command line:  
[2015.09.27-12.47.17:558][  0]LogInit: Base directory: E:/Epic Games/4.9/Engine/Binaries/Win64/
[2015.09.27-12.47.17:558][  0]LogInit: Rocket: 1
[2015.09.27-12.47.17:568][  0]LogInit: Using libcurl 7.41.0
[2015.09.27-12.47.17:568][  0]LogInit:  - built for x86_64-pc-win32
[2015.09.27-12.47.17:568][  0]LogInit:  - supports SSL with WinSSL
[2015.09.27-12.47.17:568][  0]LogInit:  - other features:
[2015.09.27-12.47.17:568][  0]LogInit:      CURL_VERSION_SSL
[2015.09.27-12.47.17:568][  0]LogInit:      CURL_VERSION_IPV6
[2015.09.27-12.47.17:568][  0]LogInit:      CURL_VERSION_ASYNCHDNS
[2015.09.27-12.47.17:568][  0]LogInit:      CURL_VERSION_LARGEFILE
[2015.09.27-12.47.17:568][  0]LogInit:      CURL_VERSION_IDN
[2015.09.27-12.47.17:569][  0]LogInit:  CurlRequestOptions (configurable via config and command line):
[2015.09.27-12.47.17:569][  0]LogInit:  - bVerifyPeer = true  - Libcurl will verify peer certificate
[2015.09.27-12.47.17:569][  0]LogInit:  - bUseHttpProxy = false  - Libcurl will NOT use HTTP proxy
[2015.09.27-12.47.17:569][  0]LogInit:  - bDontReuseConnections = false  - Libcurl will reuse connections
[2015.09.27-12.47.17:569][  0]LogInit:  - CertBundlePath = nullptr  - Libcurl will use whatever was configured at build time.
[2015.09.27-12.47.17:578][  0]LogInit: Presizing for 0 objects not considered by GC, pre-allocating 0 bytes.
[2015.09.27-12.47.17:588][  0]LogInit: Object subsystem initialized
[2015.09.27-12.47.17:589][  0]LogInit: Selected Device Profile: [Windows]
[2015.09.27-12.47.17:589][  0]LogInit: Applying CVar settings loaded from the selected device profile: [Windows]
[2015.09.27-12.47.17:600][  0]LogInit: Computer: HOME-PC
[2015.09.27-12.47.17:600][  0]LogInit: User: Dima
[2015.09.27-12.47.17:600][  0]LogInit: CPU Page size=4096, Cores=2
[2015.09.27-12.47.17:600][  0]LogInit: High frequency timer resolution =3.092096 MHz
[2015.09.27-12.47.17:600][  0]LogMemory: Memory total: Physical=6.0GB (6GB approx)
[2015.09.27-12.47.17:600][  0]LogMemory: Platform Memory Stats for Windows
[2015.09.27-12.47.17:600][  0]LogMemory: Process Physical Memory: 52.07 MB used, 52.07 MB peak
[2015.09.27-12.47.17:600][  0]LogMemory: Process Virtual Memory: 56.66 MB used, 56.66 MB peak
[2015.09.27-12.47.17:600][  0]LogMemory: Physical Memory: 2043.82 MB used, 6142.05 MB total
[2015.09.27-12.47.17:600][  0]LogMemory: Virtual Memory: 343.60 MB used, 134217728.00 MB total
[2015.09.27-12.47.17:630][  0]LogTextLocalizationManager: No translations for ('ru-RU') exist, falling back to 'en' for localization and internationalization data.
[2015.09.27-12.47.18:468][  0]LogD3D11RHI: Found D3D11 adapter 0: ATI Radeon HD 4800 Series (Engineering Sample - WDDM v1.1) (Feature Level 10_0)
[2015.09.27-12.47.18:468][  0]LogD3D11RHI: Adapter has 1014MB of dedicated video memory, 0MB of dedicated system memory, and 2816MB of shared system memory, 1 output[s]
[2015.09.27-12.47.18:469][  0]LogD3D11RHI: Found D3D11 adapter 1: Microsoft Basic Render Driver (Feature Level 11_0)
[2015.09.27-12.47.18:469][  0]LogD3D11RHI: Adapter has 0MB of dedicated video memory, 0MB of dedicated system memory, and 256MB of shared system memory, 0 output[s]
[2015.09.27-12.47.18:469][  0]LogD3D11RHI: Chosen D3D11 Adapter Id = 0
[2015.09.27-12.47.18:474][  0]LogD3D11RHI: !Direct3DDevice
[2015.09.27-12.47.18:474][  0]LogRHI: Texture pool is 710 MB (70% of 1014 MB)
[2015.09.27-12.47.18:500][  0]LogD3D11RHI: Async texture creation disabled: no driver support
[2015.09.27-12.47.18:506][  0]LogShaderCompilers: Guid format shader working directory is 15 characters bigger than the processId version (D:/Unreal Projects/Mount/Intermediate/Shaders/WorkingDirectory/7524/).
[2015.09.27-12.47.18:506][  0]LogShaderCompilers: Cleaned the shader compiler working directory 'D:/Unreal Projects/Mount/Intermediate/Shaders/tmp/03014EDD4BCB890AAC326CAB89591102/'.
[2015.09.27-12.47.18:506][  0]LogShaderCompilers:Display: Using Local Shader Compiler.
[2015.09.27-12.47.21:644][  0]LogTemp:Display: Loaded TP AllDesktopTargetPlatform
[2015.09.27-12.47.21:652][  0]LogTemp:Display: Loaded TP WindowsClientTargetPlatform
[2015.09.27-12.47.21:659][  0]LogTemp:Display: Loaded TP WindowsNoEditorTargetPlatform
[2015.09.27-12.47.21:667][  0]LogTemp:Display: Loaded TP WindowsServerTargetPlatform
[2015.09.27-12.47.21:675][  0]LogTemp:Display: Loaded TP WindowsTargetPlatform
[2015.09.27-12.47.21:680][  0]LogTemp:Display: Loaded TP AndroidTargetPlatform
[2015.09.27-12.47.21:686][  0]LogTemp:Display: Loaded TP Android_ASTCTargetPlatform
[2015.09.27-12.47.21:691][  0]LogTemp:Display: Loaded TP Android_ATCTargetPlatform
[2015.09.27-12.47.21:695][  0]LogTemp:Display: Loaded TP Android_DXTTargetPlatform
[2015.09.27-12.47.21:701][  0]LogTemp:Display: Loaded TP Android_ETC1TargetPlatform
[2015.09.27-12.47.21:706][  0]LogTemp:Display: Loaded TP Android_ETC2TargetPlatform
[2015.09.27-12.47.21:710][  0]LogTemp:Display: Loaded TP Android_PVRTCTargetPlatform
[2015.09.27-12.47.21:712][  0]LogTemp:Display: Loaded TP HTML5TargetPlatform
[2015.09.27-12.47.21:732][  0]LogTemp:Display: Loaded TP IOSTargetPlatform
[2015.09.27-12.47.21:736][  0]LogTemp:Display: Loaded TP LinuxNoEditorTargetPlatform
[2015.09.27-12.47.21:741][  0]LogTemp:Display: Loaded TP LinuxServerTargetPlatform
[2015.09.27-12.47.21:745][  0]LogTemp:Display: Loaded TP LinuxTargetPlatform
[2015.09.27-12.47.21:745][  0]LogTargetPlatformManager:Display: Building Assets For Windows
[2015.09.27-12.47.21:850][  0]LogDerivedDataCache:Display: Max Cache Size: 512 MB
[2015.09.27-12.47.21:943][  0]LogDerivedDataCache: Loaded boot cache 0.09s 36MB C:/Users/Dima/AppData/Local/UnrealEngine/4.9/DerivedDataCache/Boot.ddc.
[2015.09.27-12.47.21:943][  0]LogDerivedDataCache:Display: Loaded Boot cache: C:/Users/Dima/AppData/Local/UnrealEngine/4.9/DerivedDataCache/Boot.ddc
[2015.09.27-12.47.21:943][  0]LogDerivedDataCache: FDerivedDataBackendGraph:  Pak pak cache file D:/Unreal Projects/Mount/DerivedDataCache/DDC.ddp not found, will not use a pak cache.
[2015.09.27-12.47.21:943][  0]LogDerivedDataCache: Unable to find inner node Pak for hierarchical cache Hierarchy.
[2015.09.27-12.47.21:943][  0]LogDerivedDataCache: FDerivedDataBackendGraph:  CompressedPak pak cache file D:/Unreal Projects/Mount/DerivedDataCache/Compressed.ddp not found, will not use a pak cache.
[2015.09.27-12.47.21:943][  0]LogDerivedDataCache: Unable to find inner node CompressedPak for hierarchical cache Hierarchy.
[2015.09.27-12.47.22:113][  0]LogDerivedDataCache:Display: Pak cache opened for reading ../../../Engine/DerivedDataCache/Compressed.ddp.
[2015.09.27-12.47.22:125][  0]LogDerivedDataCache: Using Local data cache path C:/Users/Dima/AppData/Local/UnrealEngine/Common/DerivedDataCache: Writable
[2015.09.27-12.47.22:365][  0]LogInit: Selected Device Profile: [Windows]
[2015.09.27-12.47.22:371][  0]LogContentStreaming: Texture pool size is 0.000000MB
[2015.09.27-12.47.22:520][  0]LogMeshUtilities: No automatic mesh reduction module available
[2015.09.27-12.47.22:521][  0]LogMeshUtilities: No automatic mesh merging module available
[2015.09.27-12.47.22:913][  0]LogInit: WinSock: version 1.1 (2.2), MaxSocks=32767, MaxUdp=65467
[2015.09.27-12.47.24:119][  0]UdpMessaging: Initializing bridge on interface 0.0.0.0:0 to multicast group 230.0.0.1:6666.
[2015.09.27-12.47.24:287][  0]LogAssetRegistry: FAssetRegistry took 0.0114 seconds to start up
[2015.09.27-12.47.24:558][  0]SourceControl: Info Source control is disabled
[2015.09.27-12.47.24:896][  0]SourceControl: Info Source control is disabled
[2015.09.27-12.47.24:932][  0]SourceControl: Info Source control is disabled
[2015.09.27-12.47.24:947][  0]SourceControl: Info Source control is disabled
[2015.09.27-12.47.25:223][  0]LogLinker:Warning: Asset '../../../Engine/Plugins/Runtime/LeapMotionController/Content/LM_PassthroughMaterial.uasset' has been saved with empty engine version. The asset will be loaded but may be incompatible.
[2015.09.27-12.47.25:345][  0]LogObj: 28361 objects as part of root set at end of initial load.
[2015.09.27-12.47.25:345][  0]LogUObjectAllocator: 6038872 out of 0 bytes used by permanent object pool.
[2015.09.27-12.47.25:421][  0]LogEngine: Initializing Engine...
[2015.09.27-12.47.25:423][  0]LogHMD: Can't find Oculus library dev build: is proper Runtime installed? Version: 0.7.0.0
[2015.09.27-12.47.25:423][  0]LogHMD: SteamVR failed to initialize.  Err: 110
[2015.09.27-12.47.25:612][  0]LogAIModule: Creating AISystem for world NewWorld
[2015.09.27-12.47.25:621][  0]LogInit: XAudio2 using 'Динамики (Устройство с поддержкой High Definition Audio)' : 2 channels at 44.1 kHz using 16 bits per sample (channel mask 0x3)
[2015.09.27-12.47.25:648][  0]LogInit: FAudioDevice initialized.
[2015.09.27-12.47.25:687][  0]LogDerivedDataCache: Saved boot cache 0.04s 36MB C:/Users/Dima/AppData/Local/UnrealEngine/4.9/DerivedDataCache/Boot.ddc.
[2015.09.27-12.47.25:715][  0]LogInit: Texture streaming: Enabled
[2015.09.27-12.47.25:723][  0]LogAnalytics: Creating configured Analytics provider AnalyticsET
[2015.09.27-12.47.25:723][  0]LogAnalytics: [UEEditor.Rocket.Release] APIServer = http://et2.epicgames.com/ET2/. AppVersion = 4.9.1-2689999+++depot+UE4-Releases+4.9
[2015.09.27-12.47.25:723][  0]LogAnalytics: [UEEditor.Rocket.Release] SetUserId 43b2b92f40fd89f5f59b00a7dd5b4531|ad35640b2cea4448bd26c779f4aa1f40|c2aa0f81-c9e6-4b47-aeb3-6305f92e1b8c
[2015.09.27-12.47.25:723][  0]LogAnalytics: [UEEditor.Rocket.Release] AnalyticsET::StartSession
[2015.09.27-12.47.25:736][  0]LogWindowsTextInputMethodSystem:Display: IME system now deactivated.
[2015.09.27-12.47.25:762][  0]LogInit: Transaction tracking system initialized
[2015.09.27-12.47.25:819][  0]BlueprintLog: New page: Editor Load
[2015.09.27-12.47.25:941][  0]LocalizationService: Info Localization service is disabled
[2015.09.27-12.47.26:047][  0]LogConsoleResponse:Display: 
[2015.09.27-12.47.26:271][  0]LogCook:Display: Done creating registry. It took  0.00s.
[2015.09.27-12.47.26:345][  0]LogFileCache: Scanning file cache for directory 'D:/Unreal Projects/Mount/Content/' took 0.04s
[2015.09.27-12.47.26:345][  0]SourceControl: Info Source control is disabled
[2015.09.27-12.47.26:345][  0]Cmd: MAP LOAD FILE="D:/Unreal Projects/Mount/Content/StarterContent/Maps/Minimal_Default.umap" TEMPLATE=0 SHOWPROGRESS=1 FEATURELEVEL=2
[2015.09.27-12.47.26:345][  0]LogEditorServer:Warning: Can't find file 'D:/Unreal Projects/Mount/Content/StarterContent/Maps/Minimal_Default.umap'
[2015.09.27-12.47.26:345][  0]Cmd: MAP CHECKDEP NOCLEARLOG
[2015.09.27-12.47.26:408][  0]MapCheck: Info Map check complete: 0 Error(s), 0 Warning(s), took 62.439ms to complete.
[2015.09.27-12.47.26:408][  0]LogFileHelpers: Loading map 'Minimal_Default' took 0.063
[2015.09.27-12.47.26:531][  0]LogCollectionManager: Loaded 0 collections in 0.002751 seconds
[2015.09.27-12.47.26:577][  0]LogFileCache: Scanning file cache for directory 'D:/Unreal Projects/Mount/Saved/Collections/' took 0.01s
[2015.09.27-12.47.26:577][  0]LogFileCache: Scanning file cache for directory 'D:/Unreal Projects/Mount/Content/Developers/Dima/Collections/' took 0.01s
[2015.09.27-12.47.26:577][  0]LogFileCache: Scanning file cache for directory 'D:/Unreal Projects/Mount/Content/Collections/' took 0.01s
[2015.09.27-12.47.26:577][  0]LogContentBrowser: Native class hierarchy populated in 0.0102 seconds. Added 1867 classes and 333 folders.
[2015.09.27-12.47.26:583][  0]LogCollectionManager: Rebuilt the GUID cache for 0 collections in 0.000004 seconds
[2015.09.27-12.47.26:592][  0]LogContentBrowser: Native class hierarchy updated for 'WidgetCarousel' in 0.0004 seconds. Added 0 classes and 0 folders.
[2015.09.27-12.47.26:650][  0]LogContentBrowser: Native class hierarchy updated for 'AddContentDialog' in 0.0004 seconds. Added 0 classes and 0 folders.
[2015.09.27-12.47.26:657][  0]LogContentBrowser: Native class hierarchy updated for 'SceneOutliner' in 0.0004 seconds. Added 1 classes and 2 folders.
[2015.09.27-12.47.26:699][  0]LogCrashTracker: Crashtracker disabled due to settings.
[2015.09.27-12.47.26:707][  0]LogUObjectGlobals:Warning: Failed to find object 'Class None.'
[2015.09.27-12.47.26:731][  0]LogLoad: Full Startup: 9.79 seconds (BP compile: 0.00 seconds)
[2015.09.27-12.47.26:805][  0]LogContentStreaming: Texture pool size now 1000 MB
[2015.09.27-12.47.27:026][  0]LogRenderer: Reallocating scene render targets to support 1208x576 (Frame:2).
[2015.09.27-12.47.27:875][  3]LogAssetRegistry: Asset discovery search completed in 3.6000 seconds
[2015.09.27-12.47.27:875][  3]LogCollectionManager: Rebuilt the object cache for 0 collections in 0.000001 seconds (found 0 objects)
[2015.09.27-12.47.27:875][  3]LogCollectionManager: Fixed up redirectors for 0 collections in 0.000029 seconds (updated 0 objects)
[2015.09.27-12.52.12:555][908]LogAIModule: Creating AISystem for world GameMap
[2015.09.27-12.52.13:065][908]Cmd: MAP LOAD FILE="D:/Unreal Projects/Mount/Content/StarterContent/Maps/GameMap.umap" TEMPLATE=0 SHOWPROGRESS=1 FEATURELEVEL=2
[2015.09.27-12.52.13:065][908]LightingResults: New page: Lighting Build
[2015.09.27-12.52.13:105][908]LogContentBrowser: Native class hierarchy updated for 'StatsViewer' in 0.0364 seconds. Added 5 classes and 0 folders.
[2015.09.27-12.52.13:132][908]LoadErrors: New page: Loading map: GameMap.umap
[2015.09.27-12.52.13:133][908]MapCheck: New page: Map Check
[2015.09.27-12.52.13:133][908]LightingResults: New page: Lighting Build
[2015.09.27-12.52.13:162][908]LogParticles: Destroying 0 GPU particle simulations for FXSystem 0x00000093D5A0F420
[2015.09.27-12.52.47:750][908]LogEditorServer: Finished looking for orphan Actors (0.000 secs)
[2015.09.27-12.52.47:847][908]Cmd: MAP CHECKDEP NOCLEARLOG
[2015.09.27-12.52.47:918][908]MapCheck: Info Map check complete: 0 Error(s), 0 Warning(s), took 70.972ms to complete.
[2015.09.27-12.52.47:918][908]LogFileHelpers: Loading map 'GameMap' took 34.854
[2015.09.27-12.52.48:431][909]Cmd: UpdateLandscapeEditorData -warnings
[2015.09.27-12.52.48:847][909]Cmd: UpdateLandscapeEditorData
[2015.09.27-12.53.22:751][941]LogBlueprintUserMessages: Early PlayInEditor Detection: Level '/Game/StarterContent/Maps/GameMap.GameMap:PersistentLevel' has LevelScriptBlueprint '/Game/StarterContent/Maps/GameMap.GameMap:PersistentLevel.GameMap' with GeneratedClass '/Game/StarterContent/Maps/GameMap.GameMap_C' with ClassGeneratedBy '/Game/StarterContent/Maps/GameMap.GameMap:PersistentLevel.GameMap'
[2015.09.27-12.53.22:754][941]LogPlayLevel: PlayLevel: No blueprints needed recompiling
[2015.09.27-12.53.22:785][941]PIE: New page: PIE session: GameMap (Sep 27, 2015, 8:53:22 PM)
[2015.09.27-12.53.22:811][941]LogPlayLevel: Creating play world package: /Game/StarterContent/Maps/UEDPIE_0_GameMap
[2015.09.27-12.53.23:415][941]LogPlayLevel: PIE: StaticDuplicateObject took: (0.604385s)
[2015.09.27-12.53.23:416][941]LogAIModule: Creating AISystem for world GameMap
[2015.09.27-12.53.23:417][941]LogPlayLevel: PIE: World Init took: (0.001466s)
[2015.09.27-12.53.23:417][941]LogPlayLevel: PIE: Created PIE world by copying editor world from /Game/StarterContent/Maps/GameMap.GameMap to /Game/StarterContent/Maps/UEDPIE_0_GameMap.GameMap (0.606566s)
[2015.09.27-12.53.23:487][941]LogInit: XAudio2 using 'Динамики (Устройство с поддержкой High Definition Audio)' : 2 channels at 44.1 kHz using 16 bits per sample (channel mask 0x3)
[2015.09.27-12.53.23:493][941]LogInit: FAudioDevice initialized.
[2015.09.27-12.53.23:728][941]LogWorld: Game class is 'GameMode'
[2015.09.27-12.53.24:184][941]LogWorld: Bringing World /Game/StarterContent/Maps/UEDPIE_0_GameMap.GameMap up for play (max tick rate 0) at 2015.09.27-16.53.24
[2015.09.27-12.53.24:184][941]LogActor:Warning: GameSession /Game/StarterContent/Maps/UEDPIE_0_GameMap.GameMap:PersistentLevel.GameSession_0 has natively added scene component(s), but none of them were set as the actor's RootComponent - picking one arbitrarily
[2015.09.27-12.53.24:207][941]LogActor:Warning: GameNetworkManager /Game/StarterContent/Maps/UEDPIE_0_GameMap.GameMap:PersistentLevel.GameNetworkManager_0 has natively added scene component(s), but none of them were set as the actor's RootComponent - picking one arbitrarily
[2015.09.27-12.53.24:249][941]LogWorld: Bringing up level for play took: 0.313560
[2015.09.27-12.53.24:571][941]PIE: Info Play in editor start time for /Game/StarterContent/Maps/UEDPIE_0_GameMap 2.537
[2015.09.27-12.53.24:571][941]LogBlueprintUserMessages: Late PlayInEditor Detection: Level '/Game/StarterContent/Maps/GameMap.GameMap:PersistentLevel' has LevelScriptBlueprint '/Game/StarterContent/Maps/GameMap.GameMap:PersistentLevel.GameMap' with GeneratedClass '/Game/StarterContent/Maps/GameMap.GameMap_C' with ClassGeneratedBy '/Game/StarterContent/Maps/GameMap.GameMap:PersistentLevel.GameMap'
[2015.09.27-12.53.24:854][942]LogRenderer: Reallocating scene render targets to support 1280x720 (Frame:15468).
[2015.09.27-12.53.25:873][989]LogBlueprintUserMessages: Early EndPlayMap Detection: Level '/Game/StarterContent/Maps/GameMap.GameMap:PersistentLevel' has LevelScriptBlueprint '/Game/StarterContent/Maps/GameMap.GameMap:PersistentLevel.GameMap' with GeneratedClass '/Game/StarterContent/Maps/GameMap.GameMap_C' with ClassGeneratedBy '/Game/StarterContent/Maps/GameMap.GameMap:PersistentLevel.GameMap'
[2015.09.27-12.53.25:961][989]LogBlueprintUserMessages: Late EndPlayMap Detection: Level '/Game/StarterContent/Maps/GameMap.GameMap:PersistentLevel' has LevelScriptBlueprint '/Game/StarterContent/Maps/GameMap.GameMap:PersistentLevel.GameMap' with GeneratedClass '/Game/StarterContent/Maps/GameMap.GameMap_C' with ClassGeneratedBy '/Game/StarterContent/Maps/GameMap.GameMap:PersistentLevel.GameMap'
[2015.09.27-12.53.26:141][990]LogParticles: Destroying 0 GPU particle simulations for FXSystem 0x00000093F2835940
[2015.09.27-12.53.34:672][448]LogSlate:Warning: Prevented a slow task dialog from being summoned while a context menu was open
[2015.09.27-12.53.34:960][449]Cmd: UpdateLandscapeSetup
[2015.09.27-12.53.43:751][716]LogBlueprintUserMessages: Early PlayInEditor Detection: Level '/Game/StarterContent/Maps/GameMap.GameMap:PersistentLevel' has LevelScriptBlueprint '/Game/StarterContent/Maps/GameMap.GameMap:PersistentLevel.GameMap' with GeneratedClass '/Game/StarterContent/Maps/GameMap.GameMap_C' with ClassGeneratedBy '/Game/StarterContent/Maps/GameMap.GameMap:PersistentLevel.GameMap'
[2015.09.27-12.53.43:751][716]LogPlayLevel: PlayLevel: No blueprints needed recompiling
[2015.09.27-12.53.43:751][716]PIE: New page: PIE session: GameMap (Sep 27, 2015, 8:53:43 PM)
[2015.09.27-12.53.43:751][716]LogPlayLevel: Creating play world package: /Game/StarterContent/Maps/UEDPIE_0_GameMap
[2015.09.27-12.53.44:042][716]LogPlayLevel: PIE: StaticDuplicateObject took: (0.290069s)
[2015.09.27-12.53.44:043][716]LogAIModule: Creating AISystem for world GameMap
[2015.09.27-12.53.44:043][716]LogPlayLevel: PIE: World Init took: (0.001381s)
[2015.09.27-12.53.44:043][716]LogPlayLevel: PIE: Created PIE world by copying editor world from /Game/StarterContent/Maps/GameMap.GameMap to /Game/StarterContent/Maps/UEDPIE_0_GameMap.GameMap (0.291711s)
[2015.09.27-12.53.44:105][716]LogInit: XAudio2 using 'Динамики (Устройство с поддержкой High Definition Audio)' : 2 channels at 44.1 kHz using 16 bits per sample (channel mask 0x3)
[2015.09.27-12.53.44:111][716]LogInit: FAudioDevice initialized.
[2015.09.27-12.53.44:151][716]LogWorld: Game class is 'MM_GameMode_C'
[2015.09.27-12.53.44:424][716]LogWorld: Bringing World /Game/StarterContent/Maps/UEDPIE_0_GameMap.GameMap up for play (max tick rate 0) at 2015.09.27-16.53.44
[2015.09.27-12.53.44:424][716]LogActor:Warning: GameSession /Game/StarterContent/Maps/UEDPIE_0_GameMap.GameMap:PersistentLevel.GameSession_1 has natively added scene component(s), but none of them were set as the actor's RootComponent - picking one arbitrarily
[2015.09.27-12.53.44:424][716]LogActor:Warning: GameNetworkManager /Game/StarterContent/Maps/UEDPIE_0_GameMap.GameMap:PersistentLevel.GameNetworkManager_1 has natively added scene component(s), but none of them were set as the actor's RootComponent - picking one arbitrarily
[2015.09.27-12.53.44:429][716]LogWorld: Bringing up level for play took: 0.276916
[2015.09.27-12.53.44:483][716]PIE: Info Play in editor start time for /Game/StarterContent/Maps/UEDPIE_0_GameMap 0.45
[2015.09.27-12.53.44:484][716]LogBlueprintUserMessages: Late PlayInEditor Detection: Level '/Game/StarterContent/Maps/GameMap.GameMap:PersistentLevel' has LevelScriptBlueprint '/Game/StarterContent/Maps/GameMap.GameMap:PersistentLevel.GameMap' with GeneratedClass '/Game/StarterContent/Maps/GameMap.GameMap_C' with ClassGeneratedBy '/Game/StarterContent/Maps/GameMap.GameMap:PersistentLevel.GameMap'
[2015.09.27-12.53.45:709][776]LogBlueprintUserMessages: Early EndPlayMap Detection: Level '/Game/StarterContent/Maps/GameMap.GameMap:PersistentLevel' has LevelScriptBlueprint '/Game/StarterContent/Maps/GameMap.GameMap:PersistentLevel.GameMap' with GeneratedClass '/Game/StarterContent/Maps/GameMap.GameMap_C' with ClassGeneratedBy '/Game/StarterContent/Maps/GameMap.GameMap:PersistentLevel.GameMap'
[2015.09.27-12.53.45:787][776]LogBlueprintUserMessages: Late EndPlayMap Detection: Level '/Game/StarterContent/Maps/GameMap.GameMap:PersistentLevel' has LevelScriptBlueprint '/Game/StarterContent/Maps/GameMap.GameMap:PersistentLevel.GameMap' with GeneratedClass '/Game/StarterContent/Maps/GameMap.GameMap_C' with ClassGeneratedBy '/Game/StarterContent/Maps/GameMap.GameMap:PersistentLevel.GameMap'
[2015.09.27-12.53.45:854][776]LogParticles: Destroying 0 GPU particle simulations for FXSystem 0x00000093F185FF60
[2015.09.27-12.53.50:508][943]LogAIModule: Creating AISystem for world MM_Map
[2015.09.27-12.53.52:670][943]Cmd: OBJ SAVEPACKAGE PACKAGE="/Game/StarterContent/Maps/GameMap" FILE="D:/Unreal Projects/Mount/Content/StarterContent/Maps/GameMap.umap" SILENT=true AUTOSAVING=false KEEPDIRTY=false
[2015.09.27-12.53.55:534][943]LogSavePackage: Save=2731.550293ms
[2015.09.27-12.53.55:534][943]LogSavePackage: Moving 'D:/Unreal Projects/Mount/Saved/GameMap159938404D9705BA5F20FABAA8B79CF5.tmp' to 'D:/Unreal Projects/Mount/Content/StarterContent/Maps/GameMap.umap'
[2015.09.27-12.53.55:555][943]LogSavePackage: Total save time: 2831.173416ms
[2015.09.27-12.53.55:555][943]LogSavePackage:Warning: Finished SavePackage D:/Unreal Projects/Mount/Content/StarterContent/Maps/GameMap.umap
[2015.09.27-12.53.55:590][943]LogFileHelpers: Saving map 'GameMap' took 3.013
[2015.09.27-12.53.55:591][943]Cmd: MAP LOAD FILE="D:/Unreal Projects/Mount/Content/StarterContent/Maps/MM_Map.umap" TEMPLATE=0 SHOWPROGRESS=1 FEATURELEVEL=2
[2015.09.27-12.53.55:591][943]LightingResults: New page: Lighting Build
[2015.09.27-12.53.55:609][943]LoadErrors: New page: Loading map: MM_Map.umap
[2015.09.27-12.53.55:636][943]MapCheck: New page: Map Check
[2015.09.27-12.53.55:637][943]LightingResults: New page: Lighting Build
[2015.09.27-12.53.55:711][943]LogParticles: Destroying 0 GPU particle simulations for FXSystem 0x00000093D2C81120
[2015.09.27-12.53.55:934][943]LogEditorServer: Finished looking for orphan Actors (0.000 secs)
[2015.09.27-12.53.55:972][943]Cmd: MAP CHECKDEP NOCLEARLOG
[2015.09.27-12.53.56:039][943]MapCheck: Info Map check complete: 0 Error(s), 0 Warning(s), took 66.823ms to complete.
[2015.09.27-12.53.56:039][943]LogFileHelpers: Loading map 'MM_Map' took 0.449
[2015.09.27-12.53.56:223][944]Cmd: UpdateLandscapeEditorData
[2015.09.27-12.54.01:788][320]LogLinker:Warning: Asset '../../../Engine/Content/ArtTools/RenderToTexture/Macros/RenderToTextureMacros.uasset' has been saved with empty engine version. The asset will be loaded but may be incompatible.
[2015.09.27-12.54.03:384][320]LogContentBrowser: Native class hierarchy updated for 'BlueprintGraph' in 0.0014 seconds. Added 107 classes and 0 folders.
[2015.09.27-12.54.06:971][418]LogBlueprintUserMessages: Early PlayInEditor Detection: Level '/Game/StarterContent/Maps/MM_Map.MM_Map:PersistentLevel' has LevelScriptBlueprint '/Game/StarterContent/Maps/MM_Map.MM_Map:PersistentLevel.MM_Map' with GeneratedClass '/Game/StarterContent/Maps/MM_Map.MM_Map_C' with ClassGeneratedBy '/Game/StarterContent/Maps/MM_Map.MM_Map:PersistentLevel.MM_Map'
[2015.09.27-12.54.06:971][418]LogPlayLevel: PlayLevel: No blueprints needed recompiling
[2015.09.27-12.54.06:971][418]PIE: New page: PIE session: MM_Map (Sep 27, 2015, 8:54:06 PM)
[2015.09.27-12.54.06:971][418]LogPlayLevel: Creating play world package: /Game/StarterContent/Maps/UEDPIE_0_MM_Map
[2015.09.27-12.54.06:978][418]LogPlayLevel: PIE: StaticDuplicateObject took: (0.006151s)
[2015.09.27-12.54.06:979][418]LogAIModule: Creating AISystem for world MM_Map
[2015.09.27-12.54.06:979][418]LogPlayLevel: PIE: World Init took: (0.001053s)
[2015.09.27-12.54.06:979][418]LogPlayLevel: PIE: Created PIE world by copying editor world from /Game/StarterContent/Maps/MM_Map.MM_Map to /Game/StarterContent/Maps/UEDPIE_0_MM_Map.MM_Map (0.007430s)
[2015.09.27-12.54.07:047][418]LogInit: XAudio2 using 'Динамики (Устройство с поддержкой High Definition Audio)' : 2 channels at 44.1 kHz using 16 bits per sample (channel mask 0x3)
[2015.09.27-12.54.07:053][418]LogInit: FAudioDevice initialized.
[2015.09.27-12.54.07:092][418]LogWorld: Game class is 'MM_GameMode_C'
[2015.09.27-12.54.07:094][418]LogWorld: Bringing World /Game/StarterContent/Maps/UEDPIE_0_MM_Map.MM_Map up for play (max tick rate 0) at 2015.09.27-16.54.07
[2015.09.27-12.54.07:095][418]LogActor:Warning: GameSession /Game/StarterContent/Maps/UEDPIE_0_MM_Map.MM_Map:PersistentLevel.GameSession_2 has natively added scene component(s), but none of them were set as the actor's RootComponent - picking one arbitrarily
[2015.09.27-12.54.07:095][418]LogActor:Warning: GameNetworkManager /Game/StarterContent/Maps/UEDPIE_0_MM_Map.MM_Map:PersistentLevel.GameNetworkManager_2 has natively added scene component(s), but none of them were set as the actor's RootComponent - picking one arbitrarily
[2015.09.27-12.54.07:095][418]LogWorld: Bringing up level for play took: 0.002049
[2015.09.27-12.54.07:176][418]PIE: Info Play in editor start time for /Game/StarterContent/Maps/UEDPIE_0_MM_Map 1.142
[2015.09.27-12.54.07:176][418]LogBlueprintUserMessages: Late PlayInEditor Detection: Level '/Game/StarterContent/Maps/MM_Map.MM_Map:PersistentLevel' has LevelScriptBlueprint '/Game/StarterContent/Maps/MM_Map.MM_Map:PersistentLevel.MM_Map' with GeneratedClass '/Game/StarterContent/Maps/MM_Map.MM_Map_C' with ClassGeneratedBy '/Game/StarterContent/Maps/MM_Map.MM_Map:PersistentLevel.MM_Map'
[2015.09.27-12.54.09:136][505]LogBlueprintUserMessages: Early EndPlayMap Detection: Level '/Game/StarterContent/Maps/MM_Map.MM_Map:PersistentLevel' has LevelScriptBlueprint '/Game/StarterContent/Maps/MM_Map.MM_Map:PersistentLevel.MM_Map' with GeneratedClass '/Game/StarterContent/Maps/MM_Map.MM_Map_C' with ClassGeneratedBy '/Game/StarterContent/Maps/MM_Map.MM_Map:PersistentLevel.MM_Map'
[2015.09.27-12.54.09:215][505]LogBlueprintUserMessages: Late EndPlayMap Detection: Level '/Game/StarterContent/Maps/MM_Map.MM_Map:PersistentLevel' has LevelScriptBlueprint '/Game/StarterContent/Maps/MM_Map.MM_Map:PersistentLevel.MM_Map' with GeneratedClass '/Game/StarterContent/Maps/MM_Map.MM_Map_C' with ClassGeneratedBy '/Game/StarterContent/Maps/MM_Map.MM_Map:PersistentLevel.MM_Map'
[2015.09.27-12.54.09:262][505]LogParticles: Destroying 0 GPU particle simulations for FXSystem 0x00000093FB123560
[2015.09.27-12.54.12:273][623]LogAIModule: Creating AISystem for world GameMap
[2015.09.27-12.54.12:608][623]Cmd: MAP LOAD FILE="D:/Unreal Projects/Mount/Content/StarterContent/Maps/GameMap.umap" TEMPLATE=0 SHOWPROGRESS=1 FEATURELEVEL=2
[2015.09.27-12.54.12:608][623]LightingResults: New page: Lighting Build
[2015.09.27-12.54.12:627][623]LoadErrors: New page: Loading map: GameMap.umap
[2015.09.27-12.54.12:916][623]MapCheck: New page: Map Check
[2015.09.27-12.54.12:916][623]LightingResults: New page: Lighting Build
[2015.09.27-12.54.12:971][623]LogParticles: Destroying 0 GPU particle simulations for FXSystem 0x00000093D879D620
[2015.09.27-12.54.12:973][623]LogParticles: Destroying 0 GPU particle simulations for FXSystem 0x00000093ECE834C0
[2015.09.27-12.54.14:457][623]LogEditorServer: Finished looking for orphan Actors (0.000 secs)
[2015.09.27-12.54.14:495][623]Cmd: MAP CHECKDEP NOCLEARLOG
[2015.09.27-12.54.14:562][623]MapCheck: Info Map check complete: 0 Error(s), 0 Warning(s), took 66.279ms to complete.
[2015.09.27-12.54.14:562][623]LogFileHelpers: Loading map 'GameMap' took 1.955
[2015.09.27-12.54.14:601][624]Cmd: UpdateLandscapeEditorData -warnings
[2015.09.27-12.54.14:617][624]Cmd: UpdateLandscapeEditorData
[2015.09.27-13.01.21:488][249]LogEditorViewport: Clicking on Actor (LMB): Landscape (Landscape2)
[2015.09.27-13.01.37:257][812]LogEditorViewport: Clicking on Actor (LMB): Landscape (Landscape2)
[2015.09.27-13.01.49:141][208]LogEditorViewport: Clicking on Actor (LMB): Landscape (Landscape2)
[2015.09.27-13.01.57:575][531]LogEditorViewport: Clicking on Actor (LMB): Landscape (Landscape2)
[2015.09.27-13.02.03:855][793]LogEditorViewport: Clicking on Actor (LMB): Landscape (Landscape2)
[2015.09.27-13.02.07:694][898]LogEditorViewport: Clicking on Actor (LMB): Landscape (Landscape2)
[2015.09.27-13.03.35:484][714]Cmd: BRUSH ADD SELECTNEWBRUSH
[2015.09.27-13.03.52:985][432]LogEditorViewport: Clicking on Actor (LMB): Landscape (Landscape2)
[2015.09.27-13.04.07:702][908]LogEditorViewport: Clicking on Actor (context menu): Landscape (Landscape2)
[2015.09.27-13.04.08:430][961]LogEditorViewport: Clicking on Actor (LMB): Landscape (Landscape2)
[2015.09.27-13.05.03:284][784]Cmd: OBJ SAVEPACKAGE PACKAGE="/Game/StarterContent/Maps/GameMap" FILE="D:/Unreal Projects/Mount/Saved/Autosaves/Game/StarterContent/Maps/GameMap_Auto1.umap" SILENT=true AUTOSAVING=true KEEPDIRTY=false
[2015.09.27-13.05.07:366][784]LogSavePackage: Save=4060.408936ms
[2015.09.27-13.05.07:366][784]LogSavePackage: Moving 'D:/Unreal Projects/Mount/Saved/GameMap_Auto18C2961E9458B43FFE7F3B6B93AF7B7AF.tmp' to 'D:/Unreal Projects/Mount/Saved/Autosaves/Game/StarterContent/Maps/GameMap_Auto1.umap'
[2015.09.27-13.05.07:386][784]LogSavePackage: Total save time: 4099.516641ms
[2015.09.27-13.05.07:386][784]LogSavePackage:Warning: Finished SavePackage D:/Unreal Projects/Mount/Saved/Autosaves/Game/StarterContent/Maps/GameMap_Auto1.umap
[2015.09.27-13.05.07:389][784]LogFileHelpers: Editor autosave (incl. sublevels) for '/Game/StarterContent/Maps/GameMap' took 4.190
[2015.09.27-13.05.07:389][784]LogFileHelpers: Editor autosave (incl. sublevels) for all levels took 4.190
[2015.09.27-13.08.11:331][756]LogEditorViewport: Clicking on Actor (LMB): Landscape (Landscape2)
[2015.09.27-13.08.13:791][847]LogEditorViewport: Clicking on Actor (LMB): Landscape (Landscape2)
[2015.09.27-13.08.14:494][872]LogEditorViewport: Clicking on Actor (LMB): BP_Sky_Sphere_C (BP_Sky_Sphere)
[2015.09.27-13.08.31:028][541]Cmd: TRANSACTION UNDO
[2015.09.27-13.08.31:045][541]LogEditorTransaction: Undo Clicking on Actors
[2015.09.27-13.08.33:343][674]Cmd: TRANSACTION UNDO
[2015.09.27-13.08.33:343][674]LogEditorTransaction: Undo Clicking on Actors
[2015.09.27-13.08.34:712][719]Cmd: TRANSACTION UNDO
[2015.09.27-13.08.34:712][719]LogEditorTransaction: Undo Clicking on Actors
[2015.09.27-13.08.35:229][737]Cmd: TRANSACTION UNDO
[2015.09.27-13.08.35:229][737]LogEditorTransaction: Undo Clicking on Actors
[2015.09.27-13.08.35:820][756]Cmd: TRANSACTION UNDO
[2015.09.27-13.08.35:820][756]LogEditorTransaction: Undo Clicking on Actors
[2015.09.27-13.08.36:275][771]Cmd: TRANSACTION UNDO
[2015.09.27-13.08.36:275][771]LogEditorTransaction: Undo Clicking on Actors
[2015.09.27-13.08.36:802][788]Cmd: TRANSACTION UNDO
[2015.09.27-13.08.36:802][788]LogEditorTransaction: Undo Clicking on Actors
[2015.09.27-13.08.37:270][802]Cmd: TRANSACTION UNDO
[2015.09.27-13.08.37:270][802]LogEditorTransaction: Undo Clicking on Actors
[2015.09.27-13.08.37:757][818]Cmd: TRANSACTION UNDO
[2015.09.27-13.08.37:757][818]LogEditorTransaction: Undo Clicking on Actors
[2015.09.27-13.08.38:299][834]Cmd: TRANSACTION UNDO
[2015.09.27-13.08.38:299][834]LogEditorTransaction: Undo Clicking on Actors
[2015.09.27-13.08.39:594][875]Cmd: TRANSACTION UNDO
[2015.09.27-13.08.39:594][875]LogEditorTransaction: Undo Clicking on Actors
[2015.09.27-13.09.32:140][893]LogEditorViewport: Clicking on Actor (LMB): Landscape (Landscape2)
[2015.09.27-13.09.39:248][124]Cmd: TRANSACTION UNDO
[2015.09.27-13.09.39:248][124]LogEditorTransaction: Undo Clicking on Actors
[2015.09.27-13.10.26:653][124]Cmd: TRANSACTION UNDO
[2015.09.27-13.10.26:653][124]LogEditorTransaction: Undo Clicking on Actors
[2015.09.27-13.11.13:936][124]Cmd: TRANSACTION UNDO
[2015.09.27-13.11.13:936][124]LogEditorTransaction: Undo Clicking on Actors
[2015.09.27-13.11.13:952][124]Cmd: TRANSACTION UNDO
[2015.09.27-13.11.13:952][124]LogEditorTransaction: Undo Move Actors
[2015.09.27-13.11.14:021][124]LogActorComponent: ~FComponentReregisterContext: (/Game/StarterContent/Maps/GameMap.GameMap:PersistentLevel.BoxBrush16.BrushComponent0) Component already registered.
[2015.09.27-13.11.14:024][124]LogActorComponent: ~FComponentReregisterContext: (/Game/StarterContent/Maps/GameMap.GameMap:PersistentLevel.BoxBrush7_52.BrushComponent0) Component already registered.
[2015.09.27-13.11.14:056][124]LogActorComponent: ~FComponentReregisterContext: (/Game/StarterContent/Maps/GameMap.GameMap:PersistentLevel.BoxBrush28.BrushComponent0) Component already registered.
[2015.09.27-13.11.14:070][124]LogActorComponent: ~FComponentReregisterContext: (/Game/StarterContent/Maps/GameMap.GameMap:PersistentLevel.BoxBrush80.BrushComponent0) Component already registered.
[2015.09.27-13.11.14:072][124]LogActorComponent: ~FComponentReregisterContext: (/Game/StarterContent/Maps/GameMap.GameMap:PersistentLevel.BoxBrush88.BrushComponent0) Component already registered.
[2015.09.27-13.11.14:076][124]LogActorComponent: ~FComponentReregisterContext: (/Game/StarterContent/Maps/GameMap.GameMap:PersistentLevel.BoxBrush83.BrushComponent0) Component already registered.
[2015.09.27-13.11.14:079][124]LogActorComponent: ~FComponentReregisterContext: (/Game/StarterContent/Maps/GameMap.GameMap:PersistentLevel.BoxBrush85.BrushComponent0) Component already registered.
[2015.09.27-13.11.14:081][124]LogActorComponent: ~FComponentReregisterContext: (/Game/StarterContent/Maps/GameMap.GameMap:PersistentLevel.BoxBrush36.BrushComponent0) Component already registered.
[2015.09.27-13.11.14:082][124]LogActorComponent: ~FComponentReregisterContext: (/Game/StarterContent/Maps/GameMap.GameMap:PersistentLevel.BoxBrush31_60.BrushComponent0) Component already registered.
[2015.09.27-13.11.14:083][124]LogActorComponent: ~FComponentReregisterContext: (/Game/StarterContent/Maps/GameMap.GameMap:PersistentLevel.BoxBrush33.BrushComponent0) Component already registered.
[2015.09.27-13.11.14:085][124]LogActorComponent: ~FComponentReregisterContext: (/Game/StarterContent/Maps/GameMap.GameMap:PersistentLevel.BoxBrush65.BrushComponent0) Component already registered.
[2015.09.27-13.11.14:942][124]Cmd: TRANSACTION UNDO
[2015.09.27-13.11.14:942][124]LogEditorTransaction: Undo Move Actors
[2015.09.27-13.11.14:986][124]LogActorComponent: ~FComponentReregisterContext: (/Game/StarterContent/Maps/GameMap.GameMap:PersistentLevel.BoxBrush16.BrushComponent0) Component already registered.
[2015.09.27-13.11.14:988][124]LogActorComponent: ~FComponentReregisterContext: (/Game/StarterContent/Maps/GameMap.GameMap:PersistentLevel.BoxBrush7_52.BrushComponent0) Component already registered.
[2015.09.27-13.11.15:013][124]LogActorComponent: ~FComponentReregisterContext: (/Game/StarterContent/Maps/GameMap.GameMap:PersistentLevel.BoxBrush28.BrushComponent0) Component already registered.
[2015.09.27-13.11.15:019][124]LogActorComponent: ~FComponentReregisterContext: (/Game/StarterContent/Maps/GameMap.GameMap:PersistentLevel.BoxBrush80.BrushComponent0) Component already registered.
[2015.09.27-13.11.15:020][124]LogActorComponent: ~FComponentReregisterContext: (/Game/StarterContent/Maps/GameMap.GameMap:PersistentLevel.BoxBrush88.BrushComponent0) Component already registered.
[2015.09.27-13.11.15:022][124]LogActorComponent: ~FComponentReregisterContext: (/Game/StarterContent/Maps/GameMap.GameMap:PersistentLevel.BoxBrush83.BrushComponent0) Component already registered.
[2015.09.27-13.11.15:023][124]LogActorComponent: ~FComponentReregisterContext: (/Game/StarterContent/Maps/GameMap.GameMap:PersistentLevel.BoxBrush85.BrushComponent0) Component already registered.
[2015.09.27-13.11.15:023][124]LogActorComponent: ~FComponentReregisterContext: (/Game/StarterContent/Maps/GameMap.GameMap:PersistentLevel.BoxBrush36.BrushComponent0) Component already registered.
[2015.09.27-13.11.15:025][124]LogActorComponent: ~FComponentReregisterContext: (/Game/StarterContent/Maps/GameMap.GameMap:PersistentLevel.BoxBrush31_60.BrushComponent0) Component already registered.
[2015.09.27-13.11.15:026][124]LogActorComponent: ~FComponentReregisterContext: (/Game/StarterContent/Maps/GameMap.GameMap:PersistentLevel.BoxBrush33.BrushComponent0) Component already registered.
[2015.09.27-13.11.15:027][124]LogActorComponent: ~FComponentReregisterContext: (/Game/StarterContent/Maps/GameMap.GameMap:PersistentLevel.BoxBrush65.BrushComponent0) Component already registered.
[2015.09.27-13.11.15:631][124]Cmd: TRANSACTION UNDO
[2015.09.27-13.11.15:631][124]LogEditorTransaction: Undo Move Actors
[2015.09.27-13.11.15:669][124]LogActorComponent: ~FComponentReregisterContext: (/Game/StarterContent/Maps/GameMap.GameMap:PersistentLevel.BoxBrush10.BrushComponent0) Component already registered.
[2015.09.27-13.11.15:669][124]LogActorComponent: ~FComponentReregisterContext: (/Game/StarterContent/Maps/GameMap.GameMap:PersistentLevel.BoxBrush7_52.BrushComponent0) Component already registered.
[2015.09.27-13.11.15:672][124]LogActorComponent: ~FComponentReregisterContext: (/Game/StarterContent/Maps/GameMap.GameMap:PersistentLevel.BoxBrush28.BrushComponent0) Component already registered.
[2015.09.27-13.11.15:696][124]LogActorComponent: ~FComponentReregisterContext: (/Game/StarterContent/Maps/GameMap.GameMap:PersistentLevel.BoxBrush77.BrushComponent0) Component already registered.
[2015.09.27-13.11.15:699][124]LogActorComponent: ~FComponentReregisterContext: (/Game/StarterContent/Maps/GameMap.GameMap:PersistentLevel.BoxBrush80.BrushComponent0) Component already registered.
[2015.09.27-13.11.15:703][124]LogActorComponent: ~FComponentReregisterContext: (/Game/StarterContent/Maps/GameMap.GameMap:PersistentLevel.BoxBrush82.BrushComponent0) Component already registered.
[2015.09.27-13.11.15:704][124]LogActorComponent: ~FComponentReregisterContext: (/Game/StarterContent/Maps/GameMap.GameMap:PersistentLevel.BoxBrush85.BrushComponent0) Component already registered.
[2015.09.27-13.11.15:706][124]LogActorComponent: ~FComponentReregisterContext: (/Game/StarterContent/Maps/GameMap.GameMap:PersistentLevel.BoxBrush30_59.BrushComponent0) Component already registered.
[2015.09.27-13.11.15:707][124]LogActorComponent: ~FComponentReregisterContext: (/Game/StarterContent/Maps/GameMap.GameMap:PersistentLevel.BoxBrush33.BrushComponent0) Component already registered.
[2015.09.27-13.11.16:411][124]Cmd: OBJ SAVEPACKAGE PACKAGE="/Game/StarterContent/Maps/GameMap" FILE="D:/Unreal Projects/Mount/Content/StarterContent/Maps/GameMap.umap" SILENT=true AUTOSAVING=false KEEPDIRTY=false
[2015.09.27-13.11.24:101][124]LogSavePackage: Save=7582.254395ms
[2015.09.27-13.11.24:101][124]LogSavePackage: Moving 'D:/Unreal Projects/Mount/Saved/GameMap8FCDE1AF42C228541A3E3CB30476E5A4.tmp' to 'D:/Unreal Projects/Mount/Content/StarterContent/Maps/GameMap.umap'
[2015.09.27-13.11.24:105][124]LogSavePackage: Total save time: 7609.402169ms
[2015.09.27-13.11.24:105][124]LogSavePackage:Warning: Finished SavePackage D:/Unreal Projects/Mount/Content/StarterContent/Maps/GameMap.umap
[2015.09.27-13.11.24:161][124]LogFileHelpers: Saving map 'GameMap' took 7.845
[2015.09.27-13.11.49:901][202]LogEditorViewport: Clicking on Actor (LMB): Landscape (Landscape2)
[2015.09.27-13.11.52:965][290]LogEditorViewport: Clicking on Actor (LMB): Landscape (Landscape2)
[2015.09.27-13.11.54:006][314]LogEditorViewport: Clicking on Actor (LMB): Landscape (Landscape2)
[2015.09.27-13.12.04:319][648]LogEditorViewport: Clicking on Actor (LMB): Landscape (Landscape2)
[2015.09.27-13.14.20:393][874]LogEditorViewport: Clicking on Actor (LMB): Landscape (Landscape2)
[2015.09.27-13.14.39:106][625]LogEditorViewport: Clicking on Actor (context menu): Landscape (Landscape2)
[2015.09.27-13.14.53:904][216]LogEditorViewport: Clicking on Actor (LMB): Landscape (Landscape2)
[2015.09.27-13.15.09:817][883]LogEditorViewport: Clicking on Actor (LMB): Landscape (Landscape2)
[2015.09.27-13.15.18:176][213]LogEditorViewport: Clicking on Actor (LMB): Landscape (Landscape2)
[2015.09.27-13.15.28:828][559]LogEditorViewport: Clicking on Actor (context menu): Landscape (Landscape2)
[2015.09.27-13.15.29:521][605]LogEditorViewport: Clicking on Actor (LMB): Landscape (Landscape2)
[2015.09.27-13.19.39:887][604]Cmd: OBJ SAVEPACKAGE PACKAGE="/Game/StarterContent/Maps/GameMap" FILE="D:/Unreal Projects/Mount/Saved/Autosaves/Game/StarterContent/Maps/GameMap_Auto2.umap" SILENT=true AUTOSAVING=true KEEPDIRTY=false
[2015.09.27-13.19.46:076][604]LogSavePackage: Save=6148.503906ms
[2015.09.27-13.19.46:076][604]LogSavePackage: Moving 'D:/Unreal Projects/Mount/Saved/GameMap_Auto2D86DD22E4D6EA1FD551DFAB268B29AFB.tmp' to 'D:/Unreal Projects/Mount/Saved/Autosaves/Game/StarterContent/Maps/GameMap_Auto2.umap'
[2015.09.27-13.19.46:078][604]LogSavePackage: Total save time: 6188.175917ms
[2015.09.27-13.19.46:078][604]LogSavePackage:Warning: Finished SavePackage D:/Unreal Projects/Mount/Saved/Autosaves/Game/StarterContent/Maps/GameMap_Auto2.umap
[2015.09.27-13.19.46:080][604]LogFileHelpers: Editor autosave (incl. sublevels) for '/Game/StarterContent/Maps/GameMap' took 6.304
[2015.09.27-13.19.46:080][604]LogFileHelpers: Editor autosave (incl. sublevels) for all levels took 6.304
[2015.09.27-13.20.21:902][712]LogEditorViewport: Clicking on Actor (LMB): Landscape (Landscape2)
[2015.09.27-13.20.32:204][ 56]LogEditorViewport: Clicking on Actor (LMB): Landscape (Landscape2)
[2015.09.27-13.21.01:134][ 64]LogEditorViewport: Clicking on Actor (LMB): Landscape (Landscape2)
[2015.09.27-13.21.07:931][292]LogEditorViewport: Clicking on Actor (LMB): Landscape (Landscape2)
[2015.09.27-13.21.19:730][815]Cmd: BRUSH ADD SELECTNEWBRUSH
[2015.09.27-13.21.42:913][516]LogEditorViewport: Clicking on Actor (LMB): Landscape (Landscape2)
[2015.09.27-13.21.43:610][540]LogEditorViewport: Clicking on Actor (LMB): Landscape (Landscape2)
[2015.09.27-13.21.44:561][574]LogEditorViewport: Clicking on Actor (LMB): Landscape (Landscape2)
[2015.09.27-13.21.45:382][605]LogEditorViewport: Clicking on Actor (LMB): Landscape (Landscape2)
[2015.09.27-13.21.45:952][629]LogEditorViewport: Clicking on Actor (LMB): Landscape (Landscape2)
[2015.09.27-13.21.46:333][643]LogEditorViewport: Clicking on Actor (double click): Landscape (Landscape2)
[2015.09.27-13.22.07:000][467]LogEditorViewport: Clicking on Actor (LMB): Landscape (Landscape2)
[2015.09.27-13.22.26:802][ 77]LogEditorViewport: Clicking on Actor (LMB): Landscape (Landscape2)
[2015.09.27-13.22.26:902][ 77]LogEditorViewport: Clicking on Actor (LMB): Landscape (Landscape2)
[2015.09.27-13.23.15:371][336]LogEditorViewport: Clicking on Actor (LMB): Landscape (Landscape2)
[2015.09.27-13.23.22:736][668]Cmd: EDCALLBACK SURFPROPS
[2015.09.27-13.23.25:043][782]Cmd: EDCALLBACK SURFPROPS
[2015.09.27-13.26.08:196][880]LogWindowsTextInputMethodSystem:Display: IME system now deactivated.
[2015.09.27-13.26.08:196][880]LogWindowsTextInputMethodSystem:Display: IME system now deactivated.
[2015.09.27-13.26.39:430][480]LogUnrealMath: Expression Error : No value recognized
[2015.09.27-13.26.39:431][480]LogUnrealMath: Expression Error : Error in expression
[2015.09.27-13.26.39:453][482]LogEditorViewport: Clicking on Actor (LMB): Landscape (Landscape2)
[2015.09.27-13.27.04:222][708]LogEditorViewport: Clicking on Actor (LMB): TextRenderActor (TextRenderActor)
[2015.09.27-13.28.07:495][517]LogWindowsTextInputMethodSystem:Display: IME system now deactivated.
[2015.09.27-13.28.07:495][517]LogWindowsTextInputMethodSystem:Display: IME system now deactivated.
[2015.09.27-13.28.13:986][862]LogEditorViewport: Clicking on Actor (LMB): Landscape (Landscape2)
[2015.09.27-13.28.37:539][795]LogEditorViewport: Clicking on Actor (LMB): Landscape (Landscape2)
[2015.09.27-13.28.42:630][999]LogEditorViewport: Clicking on Actor (LMB): TextRenderActor (TextRenderActor)
[2015.09.27-13.28.53:226][595]LogEditorViewport: Clicking on Actor (LMB): Landscape (Landscape2)
[2015.09.27-13.28.57:419][732]LogEditorViewport: Clicking on Actor (LMB): TextRenderActor (TextRenderActor)
[2015.09.27-13.29.09:755][185]LogTexture:Display: Building textures: T_Craghead_Oak_LimbTile_02_D_Tex (AutoDXT)
[2015.09.27-13.29.25:155][185]LogTexture:Display: Building textures: T_Craghead_Oak_LimbTile_02_N_Tex (BC5)
[2015.09.27-13.29.26:600][185]LogMaterial: Missing cached shader map for material HillTree_01_Fronds_Mat, compiling. 
[2015.09.27-13.29.26:998][185]LogEditorViewport: Clicking on Actor (LMB): BP_Sky_Sphere_C (BP_Sky_Sphere)
[2015.09.27-13.29.27:065][185]LogEditorViewport: Clicking on Actor (LMB): BP_Sky_Sphere_C (BP_Sky_Sphere)
[2015.09.27-13.29.27:813][204]LogEditorViewport: Clicking on Actor (LMB): BP_Sky_Sphere_C (BP_Sky_Sphere)
[2015.09.27-13.29.38:269][720]Cmd: TRANSACTION UNDO
[2015.09.27-13.29.38:269][720]LogEditorTransaction: Undo Clicking on Actors
[2015.09.27-13.29.40:218][828]Cmd: TRANSACTION UNDO
[2015.09.27-13.29.40:218][828]LogEditorTransaction: Undo Clicking on Actors
[2015.09.27-13.29.41:028][874]Cmd: TRANSACTION UNDO
[2015.09.27-13.29.41:028][874]LogEditorTransaction: Undo Clicking on Actors
[2015.09.27-13.29.41:988][927]Cmd: TRANSACTION UNDO
[2015.09.27-13.29.41:988][927]LogEditorTransaction: Undo Edit Text Material
[2015.09.27-13.30.00:639][233]LogEditorViewport: Clicking on Actor (LMB): Landscape (Landscape2)
[2015.09.27-13.30.02:820][339]LogEditorViewport: Clicking on Actor (LMB): BP_Sky_Sphere_C (BP_Sky_Sphere)
[2015.09.27-13.30.05:793][452]LogEditorViewport: Clicking on Actor (LMB): TextRenderActor (TextRenderActor)
[2015.09.27-13.30.40:103][510]LogEditorViewport: Clicking on Actor (LMB): Landscape (Landscape2)
[2015.09.27-13.30.44:957][688]LogEditorViewport: Clicking on Actor (LMB): Landscape (Landscape2)
[2015.09.27-13.30.45:326][694]LogEditorViewport: Clicking on Actor (LMB): Landscape (Landscape2)
[2015.09.27-13.30.45:865][705]LogEditorViewport: Clicking on Actor (LMB): TextRenderActor (TextRenderActor)
[2015.09.27-13.30.56:104][ 75]LogEditorViewport: Clicking on Actor (LMB): TextRenderActor (TextRenderActor)
[2015.09.27-13.31.17:815][944]LogEditorViewport: Clicking on Actor (LMB): Landscape (Landscape2)
[2015.09.27-13.31.24:017][163]LogEditorViewport: Clicking on Actor (LMB): TextRenderActor (TextRenderActor)
[2015.09.27-13.31.41:855][ 20]LogEditorViewport: Clicking on Actor (LMB): Landscape (Landscape2)
[2015.09.27-13.31.42:359][ 40]LogEditorViewport: Clicking on Actor (LMB): TextRenderActor (TextRenderActor)
[2015.09.27-13.31.48:107][332]LogEditorViewport: Clicking on Actor (LMB): Landscape (Landscape2)
[2015.09.27-13.31.54:538][519]Cmd: OBJ SAVEPACKAGE PACKAGE="/Game/StarterContent/Maps/GameMap" FILE="D:/Unreal Projects/Mount/Content/StarterContent/Maps/GameMap.umap" SILENT=true AUTOSAVING=false KEEPDIRTY=false
[2015.09.27-13.31.54:540][519]LogActorComponent: UnregisterComponent: (/Engine/Transient.MovementComponent0) Not registered. Aborting.
[2015.09.27-13.32.15:572][519]LogSavePackage: Save=20914.138672ms
[2015.09.27-13.32.15:572][519]LogSavePackage: Moving 'D:/Unreal Projects/Mount/Saved/GameMapF6C129C64E5B6D86BC02A2882A7E564D.tmp' to 'D:/Unreal Projects/Mount/Content/StarterContent/Maps/GameMap.umap'
[2015.09.27-13.32.15:579][519]LogSavePackage: Total save time: 20943.788290ms
[2015.09.27-13.32.15:579][519]LogSavePackage:Warning: Finished SavePackage D:/Unreal Projects/Mount/Content/StarterContent/Maps/GameMap.umap
[2015.09.27-13.32.52:790][630]LogSynthBenchmark:Display: FSynthBenchmark (V0.95):  requested WorkScale=1.00
[2015.09.27-13.32.52:790][630]LogSynthBenchmark:Display: ===============
[2015.09.27-13.32.52:790][630]LogSynthBenchmark:Display: Main Processor:
[2015.09.27-13.32.52:839][630]LogSynthBenchmark:Display:          ... 0.025753 s/Run 'RayIntersect'
[2015.09.27-13.32.52:839][630]LogSynthBenchmark:Display:          ... 0.024058 s/Run 'Fractal'
[2015.09.27-13.32.52:839][630]LogSynthBenchmark:Display: 
[2015.09.27-13.32.52:839][630]LogSynthBenchmark:Display:   CompiledTarget_x_Bits: 64
[2015.09.27-13.32.52:839][630]LogSynthBenchmark:Display:   UE_BUILD_SHIPPING: 0
[2015.09.27-13.32.52:839][630]LogSynthBenchmark:Display:   UE_BUILD_TEST: 0
[2015.09.27-13.32.52:839][630]LogSynthBenchmark:Display:   UE_BUILD_DEBUG: 0
[2015.09.27-13.32.52:840][630]LogSynthBenchmark:Display:   TotalPhysicalGBRam: 6
[2015.09.27-13.32.52:840][630]LogSynthBenchmark:Display:   NumberOfCores (physical): 2
[2015.09.27-13.32.52:840][630]LogSynthBenchmark:Display:   NumberOfCores (logical): 2
[2015.09.27-13.32.52:840][630]LogSynthBenchmark:Display:   CPU Perf Index 0: 99.4
[2015.09.27-13.32.52:840][630]LogSynthBenchmark:Display:   CPU Perf Index 1: 118.9
[2015.09.27-13.32.52:840][630]LogSynthBenchmark:Display:  
[2015.09.27-13.32.52:840][630]LogSynthBenchmark:Display: Graphics:
[2015.09.27-13.32.52:840][630]LogSynthBenchmark:Display:   Adapter Name: 'ATI Radeon HD 4800 Series (Engineering Sample - WDDM v1.1)'
[2015.09.27-13.32.52:840][630]LogSynthBenchmark:Display:   (On Optimus the name might be wrong, memory should be ok)
[2015.09.27-13.32.52:840][630]LogSynthBenchmark:Display:   Vendor Id: 0x1002
[2015.09.27-13.32.52:840][630]LogSynthBenchmark:Display:   GPU Memory: 1015/0/2816 MB
[2015.09.27-13.32.52:932][630]LogSynthBenchmark:Display:   GPU first test: 0.02s
[2015.09.27-13.32.52:932][630]LogSynthBenchmark:Display:          ... 0.858 GigaPix/s, Confidence=100% 'ALUHeavyNoise' (likely to be very inaccurate)
[2015.09.27-13.32.52:932][630]LogSynthBenchmark:Display:          ... 0.817 GigaPix/s, Confidence=100% 'TexHeavy' (likely to be very inaccurate)
[2015.09.27-13.32.52:932][630]LogSynthBenchmark:Display:          ... 0.606 GigaPix/s, Confidence=100% 'DepTexHeavy' (likely to be very inaccurate)
[2015.09.27-13.32.52:932][630]LogSynthBenchmark:Display:          ... 1.396 GigaPix/s, Confidence=100% 'FillOnly' (likely to be very inaccurate)
[2015.09.27-13.32.52:932][630]LogSynthBenchmark:Display:          ... 0.271 GigaPix/s, Confidence=89% 'Bandwidth' (likely to be very inaccurate)
[2015.09.27-13.32.52:990][630]LogSynthBenchmark:Display:   GPU second test: 0.05s
[2015.09.27-13.32.52:990][630]LogSynthBenchmark:Display:          ... 2.178 GigaPix/s, Confidence=100% 'ALUHeavyNoise' (likely to be inaccurate)
[2015.09.27-13.32.52:990][630]LogSynthBenchmark:Display:          ... 1.834 GigaPix/s, Confidence=89% 'TexHeavy' (likely to be inaccurate)
[2015.09.27-13.32.52:990][630]LogSynthBenchmark:Display:          ... 1.186 GigaPix/s, Confidence=100% 'DepTexHeavy' (likely to be inaccurate)
[2015.09.27-13.32.52:990][630]LogSynthBenchmark:Display:          ... 7.409 GigaPix/s, Confidence=100% 'FillOnly' (likely to be inaccurate)
[2015.09.27-13.32.52:990][630]LogSynthBenchmark:Display:          ... 0.340 GigaPix/s, Confidence=89% 'Bandwidth' (likely to be inaccurate)
[2015.09.27-13.32.53:408][630]LogSynthBenchmark:Disp