[2015.09.27-14.45.53:045][  0]Log file open, 09/27/15 18:45:53
[2015.09.27-14.45.53:045][  0]LogInit:Display: Running engine for game: Mount
[2015.09.27-14.45.53:045][  0]LogInit:Display: RandInit(351528457) SRandInit(351528457).
[2015.09.27-14.45.53:045][  0]LogTaskGraph: Started task graph with 4 named threads and 5 total threads.
[2015.09.27-14.45.53:045][  0]LogStats: Stats thread started at 0.289854
[2015.09.27-14.45.53:045][  0]LogInit: Version: 4.9.1-2689999+++depot+UE4-Releases+4.9
[2015.09.27-14.45.53:045][  0]LogInit: API Version: 2672455
[2015.09.27-14.45.53:045][  0]LogInit: Compiled (64-bit): Sep 14 2015 04:12:03
[2015.09.27-14.45.53:045][  0]LogInit: Compiled with Visual C++: 18.00.21005.01
[2015.09.27-14.45.53:045][  0]LogInit: Build Configuration: Development
[2015.09.27-14.45.53:045][  0]LogInit: Branch Name: ++depot+UE4-Releases+4.9
[2015.09.27-14.45.53:045][  0]LogInit: Command line:  
[2015.09.27-14.45.53:045][  0]LogInit: Base directory: E:/Epic Games/4.9/Engine/Binaries/Win64/
[2015.09.27-14.45.53:045][  0]LogInit: Rocket: 1
[2015.09.27-14.45.53:468][  0]LogInit: Using libcurl 7.41.0
[2015.09.27-14.45.53:468][  0]LogInit:  - built for x86_64-pc-win32
[2015.09.27-14.45.53:468][  0]LogInit:  - supports SSL with WinSSL
[2015.09.27-14.45.53:468][  0]LogInit:  - other features:
[2015.09.27-14.45.53:468][  0]LogInit:      CURL_VERSION_SSL
[2015.09.27-14.45.53:468][  0]LogInit:      CURL_VERSION_IPV6
[2015.09.27-14.45.53:468][  0]LogInit:      CURL_VERSION_ASYNCHDNS
[2015.09.27-14.45.53:468][  0]LogInit:      CURL_VERSION_LARGEFILE
[2015.09.27-14.45.53:468][  0]LogInit:      CURL_VERSION_IDN
[2015.09.27-14.45.53:468][  0]LogInit:  CurlRequestOptions (configurable via config and command line):
[2015.09.27-14.45.53:468][  0]LogInit:  - bVerifyPeer = true  - Libcurl will verify peer certificate
[2015.09.27-14.45.53:468][  0]LogInit:  - bUseHttpProxy = false  - Libcurl will NOT use HTTP proxy
[2015.09.27-14.45.53:468][  0]LogInit:  - bDontReuseConnections = false  - Libcurl will reuse connections
[2015.09.27-14.45.53:468][  0]LogInit:  - CertBundlePath = nullptr  - Libcurl will use whatever was configured at build time.
[2015.09.27-14.45.53:832][  0]LogInit: Presizing for 0 objects not considered by GC, pre-allocating 0 bytes.
[2015.09.27-14.45.53:846][  0]LogInit: Object subsystem initialized
[2015.09.27-14.45.53:887][  0]LogInit: Selected Device Profile: [Windows]
[2015.09.27-14.45.53:887][  0]LogInit: Applying CVar settings loaded from the selected device profile: [Windows]
[2015.09.27-14.45.53:954][  0]LogInit: Computer: HOME-PC
[2015.09.27-14.45.53:954][  0]LogInit: User: Dima
[2015.09.27-14.45.53:954][  0]LogInit: CPU Page size=4096, Cores=2
[2015.09.27-14.45.53:954][  0]LogInit: High frequency timer resolution =3.092096 MHz
[2015.09.27-14.45.53:954][  0]LogMemory: Memory total: Physical=6.0GB (6GB approx)
[2015.09.27-14.45.53:954][  0]LogMemory: Platform Memory Stats for Windows
[2015.09.27-14.45.53:954][  0]LogMemory: Process Physical Memory: 52.05 MB used, 52.05 MB peak
[2015.09.27-14.45.53:954][  0]LogMemory: Process Virtual Memory: 56.66 MB used, 56.66 MB peak
[2015.09.27-14.45.53:954][  0]LogMemory: Physical Memory: 1122.46 MB used, 6142.05 MB total
[2015.09.27-14.45.53:954][  0]LogMemory: Virtual Memory: 343.60 MB used, 134217728.00 MB total
[2015.09.27-14.45.54:769][  0]LogTextLocalizationManager: No translations for ('ru-RU') exist, falling back to 'en' for localization and internationalization data.
[2015.09.27-14.45.56:867][  0]LogD3D11RHI: Found D3D11 adapter 0: ATI Radeon HD 4800 Series (Engineering Sample - WDDM v1.1) (Feature Level 10_0)
[2015.09.27-14.45.56:867][  0]LogD3D11RHI: Adapter has 1014MB of dedicated video memory, 0MB of dedicated system memory, and 2816MB of shared system memory, 1 output[s]
[2015.09.27-14.45.56:912][  0]LogD3D11RHI: Found D3D11 adapter 1: Microsoft Basic Render Driver (Feature Level 11_0)
[2015.09.27-14.45.56:912][  0]LogD3D11RHI: Adapter has 0MB of dedicated video memory, 0MB of dedicated system memory, and 256MB of shared system memory, 0 output[s]
[2015.09.27-14.45.56:913][  0]LogD3D11RHI: Chosen D3D11 Adapter Id = 0
[2015.09.27-14.45.56:917][  0]LogD3D11RHI: !Direct3DDevice
[2015.09.27-14.45.56:917][  0]LogRHI: Texture pool is 710 MB (70% of 1014 MB)
[2015.09.27-14.45.56:936][  0]LogD3D11RHI: Async texture creation disabled: no driver support
[2015.09.27-14.45.56:958][  0]LogShaderCompilers: Guid format shader working directory is 15 characters bigger than the processId version (D:/Unreal Projects/Mount/Intermediate/Shaders/WorkingDirectory/8372/).
[2015.09.27-14.45.56:958][  0]LogShaderCompilers: Cleaned the shader compiler working directory 'D:/Unreal Projects/Mount/Intermediate/Shaders/tmp/B2504D9B41C4F0FDAE252881743E07E7/'.
[2015.09.27-14.45.56:958][  0]LogShaderCompilers:Display: Using Local Shader Compiler.
[2015.09.27-14.46.04:523][  0]LogTemp:Display: Loaded TP AllDesktopTargetPlatform
[2015.09.27-14.46.04:530][  0]LogTemp:Display: Loaded TP WindowsClientTargetPlatform
[2015.09.27-14.46.04:538][  0]LogTemp:Display: Loaded TP WindowsNoEditorTargetPlatform
[2015.09.27-14.46.04:545][  0]LogTemp:Display: Loaded TP WindowsServerTargetPlatform
[2015.09.27-14.46.04:552][  0]LogTemp:Display: Loaded TP WindowsTargetPlatform
[2015.09.27-14.46.04:584][  0]LogTemp:Display: Loaded TP AndroidTargetPlatform
[2015.09.27-14.46.04:589][  0]LogTemp:Display: Loaded TP Android_ASTCTargetPlatform
[2015.09.27-14.46.04:594][  0]LogTemp:Display: Loaded TP Android_ATCTargetPlatform
[2015.09.27-14.46.04:599][  0]LogTemp:Display: Loaded TP Android_DXTTargetPlatform
[2015.09.27-14.46.04:604][  0]LogTemp:Display: Loaded TP Android_ETC1TargetPlatform
[2015.09.27-14.46.04:609][  0]LogTemp:Display: Loaded TP Android_ETC2TargetPlatform
[2015.09.27-14.46.04:615][  0]LogTemp:Display: Loaded TP Android_PVRTCTargetPlatform
[2015.09.27-14.46.04:661][  0]LogTemp:Display: Loaded TP HTML5TargetPlatform
[2015.09.27-14.46.04:858][  0]LogTemp:Display: Loaded TP IOSTargetPlatform
[2015.09.27-14.46.04:863][  0]LogTemp:Display: Loaded TP LinuxNoEditorTargetPlatform
[2015.09.27-14.46.04:868][  0]LogTemp:Display: Loaded TP LinuxServerTargetPlatform
[2015.09.27-14.46.04:876][  0]LogTemp:Display: Loaded TP LinuxTargetPlatform
[2015.09.27-14.46.04:876][  0]LogTargetPlatformManager:Display: Building Assets For Windows
[2015.09.27-14.46.06:243][  0]LogDerivedDataCache:Display: Max Cache Size: 512 MB
[2015.09.27-14.46.06:881][  0]LogDerivedDataCache: Loaded boot cache 0.63s 36MB C:/Users/Dima/AppData/Local/UnrealEngine/4.9/DerivedDataCache/Boot.ddc.
[2015.09.27-14.46.06:881][  0]LogDerivedDataCache:Display: Loaded Boot cache: C:/Users/Dima/AppData/Local/UnrealEngine/4.9/DerivedDataCache/Boot.ddc
[2015.09.27-14.46.06:881][  0]LogDerivedDataCache: FDerivedDataBackendGraph:  Pak pak cache file D:/Unreal Projects/Mount/DerivedDataCache/DDC.ddp not found, will not use a pak cache.
[2015.09.27-14.46.06:881][  0]LogDerivedDataCache: Unable to find inner node Pak for hierarchical cache Hierarchy.
[2015.09.27-14.46.06:881][  0]LogDerivedDataCache: FDerivedDataBackendGraph:  CompressedPak pak cache file D:/Unreal Projects/Mount/DerivedDataCache/Compressed.ddp not found, will not use a pak cache.
[2015.09.27-14.46.06:881][  0]LogDerivedDataCache: Unable to find inner node CompressedPak for hierarchical cache Hierarchy.
[2015.09.27-14.46.07:202][  0]LogDerivedDataCache:Display: Pak cache opened for reading ../../../Engine/DerivedDataCache/Compressed.ddp.
[2015.09.27-14.46.07:214][  0]LogDerivedDataCache: Using Local data cache path C:/Users/Dima/AppData/Local/UnrealEngine/Common/DerivedDataCache: Writable
[2015.09.27-14.46.24:113][  0]LogInit: Selected Device Profile: [Windows]
[2015.09.27-14.46.24:268][  0]LogContentStreaming: Texture pool size is 0.000000MB
[2015.09.27-14.46.26:052][  0]LogMeshUtilities: No automatic mesh reduction module available
[2015.09.27-14.46.26:052][  0]LogMeshUtilities: No automatic mesh merging module available
[2015.09.27-14.46.30:851][  0]LogInit: WinSock: version 1.1 (2.2), MaxSocks=32767, MaxUdp=65467
[2015.09.27-14.46.40:080][  0]UdpMessaging: Initializing bridge on interface 0.0.0.0:0 to multicast group 230.0.0.1:6666.
[2015.09.27-14.46.40:641][  0]LogAssetRegistry: FAssetRegistry took 0.0384 seconds to start up
[2015.09.27-14.46.44:046][  0]SourceControl: Info Source control is disabled
[2015.09.27-14.46.45:990][  0]SourceControl: Info Source control is disabled
[2015.09.27-14.46.46:041][  0]SourceControl: Info Source control is disabled
[2015.09.27-14.46.46:085][  0]SourceControl: Info Source control is disabled
[2015.09.27-14.46.46:799][  0]LogLinker:Warning: Asset '../../../Engine/Plugins/Runtime/LeapMotionController/Content/LM_PassthroughMaterial.uasset' has been saved with empty engine version. The asset will be loaded but may be incompatible.
[2015.09.27-14.46.47:384][  0]LogObj: 28361 objects as part of root set at end of initial load.
[2015.09.27-14.46.47:384][  0]LogUObjectAllocator: 6038872 out of 0 bytes used by permanent object pool.
[2015.09.27-14.46.48:416][  0]LogEngine: Initializing Engine...
[2015.09.27-14.46.48:480][  0]LogHMD: Can't find Oculus library dev build: is proper Runtime installed? Version: 0.7.0.0
[2015.09.27-14.46.48:577][  0]LogHMD: SteamVR failed to initialize.  Err: 110
[2015.09.27-14.46.50:016][  0]LogAIModule: Creating AISystem for world NewWorld
[2015.09.27-14.46.50:406][  0]LogInit: XAudio2 using 'Динамики (Устройство с поддержкой High Definition Audio)' : 2 channels at 44.1 kHz using 16 bits per sample (channel mask 0x3)
[2015.09.27-14.46.50:722][  0]LogInit: FAudioDevice initialized.
[2015.09.27-14.46.50:779][  0]LogDerivedDataCache: Saved boot cache 0.06s 36MB C:/Users/Dima/AppData/Local/UnrealEngine/4.9/DerivedDataCache/Boot.ddc.
[2015.09.27-14.46.50:871][  0]LogInit: Texture streaming: Enabled
[2015.09.27-14.46.50:944][  0]LogAnalytics: Creating configured Analytics provider AnalyticsET
[2015.09.27-14.46.50:972][  0]LogAnalytics: [UEEditor.Rocket.Release] APIServer = http://et2.epicgames.com/ET2/. AppVersion = 4.9.1-2689999+++depot+UE4-Releases+4.9
[2015.09.27-14.46.50:992][  0]LogAnalytics: [UEEditor.Rocket.Release] SetUserId 43b2b92f40fd89f5f59b00a7dd5b4531|ad35640b2cea4448bd26c779f4aa1f40|c2aa0f81-c9e6-4b47-aeb3-6305f92e1b8c
[2015.09.27-14.46.50:997][  0]LogAnalytics: [UEEditor.Rocket.Release] AnalyticsET::StartSession
[2015.09.27-14.46.51:374][  0]LogWindowsTextInputMethodSystem:Display: IME system now deactivated.
[2015.09.27-14.46.53:032][  0]LogInit: Transaction tracking system initialized
[2015.09.27-14.46.55:762][  0]BlueprintLog: New page: Editor Load
[2015.09.27-14.46.58:084][  0]LocalizationService: Info Localization service is disabled
[2015.09.27-14.46.59:881][  0]LogConsoleResponse:Display: 
[2015.09.27-14.47.02:645][  0]LogFileCache: Scanning file cache for directory 'D:/Unreal Projects/Mount/Content/' took 0.06s
[2015.09.27-14.47.02:645][  0]LogCook:Display: Done creating registry. It took  0.00s.
[2015.09.27-14.47.04:238][  0]SourceControl: Info Source control is disabled
[2015.09.27-14.47.04:379][  0]Cmd: MAP LOAD FILE="D:/Unreal Projects/Mount/Content/StarterContent/Maps/Minimal_Default.umap" TEMPLATE=0 SHOWPROGRESS=1 FEATURELEVEL=2
[2015.09.27-14.47.04:380][  0]LogEditorServer:Warning: Can't find file 'D:/Unreal Projects/Mount/Content/StarterContent/Maps/Minimal_Default.umap'
[2015.09.27-14.47.04:386][  0]Cmd: MAP CHECKDEP NOCLEARLOG
[2015.09.27-14.47.04:444][  0]MapCheck: Info Map check complete: 0 Error(s), 0 Warning(s), took 57.616ms to complete.
[2015.09.27-14.47.04:475][  0]LogFileHelpers: Loading map 'Minimal_Default' took 0.162
[2015.09.27-14.47.07:216][  0]LogCollectionManager: Loaded 0 collections in 0.012746 seconds
[2015.09.27-14.47.07:379][  0]LogFileCache: Scanning file cache for directory 'D:/Unreal Projects/Mount/Saved/Collections/' took 0.01s
[2015.09.27-14.47.07:379][  0]LogFileCache: Scanning file cache for directory 'D:/Unreal Projects/Mount/Content/Developers/Dima/Collections/' took 0.01s
[2015.09.27-14.47.07:379][  0]LogFileCache: Scanning file cache for directory 'D:/Unreal Projects/Mount/Content/Collections/' took 0.01s
[2015.09.27-14.47.07:379][  0]LogContentBrowser: Native class hierarchy populated in 0.0279 seconds. Added 1867 classes and 333 folders.
[2015.09.27-14.47.07:494][  0]LogCollectionManager: Rebuilt the GUID cache for 0 collections in 0.000005 seconds
[2015.09.27-14.47.07:608][  0]LogContentBrowser: Native class hierarchy updated for 'WidgetCarousel' in 0.0004 seconds. Added 0 classes and 0 folders.
[2015.09.27-14.47.09:016][  0]LogContentBrowser: Native class hierarchy updated for 'AddContentDialog' in 0.0006 seconds. Added 0 classes and 0 folders.
[2015.09.27-14.47.09:083][  0]LogContentBrowser: Native class hierarchy updated for 'SceneOutliner' in 0.0006 seconds. Added 1 classes and 2 folders.
[2015.09.27-14.47.09:614][  0]LogCrashTracker: Crashtracker disabled due to settings.
[2015.09.27-14.47.09:767][  0]LogUObjectGlobals:Warning: Failed to find object 'Class None.'
[2015.09.27-14.47.09:870][  0]LogLoad: Full Startup: 80.15 seconds (BP compile: 0.62 seconds)
[2015.09.27-14.47.10:997][  0]LogContentStreaming: Texture pool size now 1000 MB
[2015.09.27-14.47.11:924][  0]LogRenderer: Reallocating scene render targets to support 1208x576 (Frame:2).
[2015.09.27-14.47.13:209][  2]LogCollectionManager: Rebuilt the object cache for 0 collections in 0.000001 seconds (found 0 objects)
[2015.09.27-14.47.13:429][  5]LogAssetRegistry: Asset discovery search completed in 32.8003 seconds
[2015.09.27-14.47.13:446][  5]LogCollectionManager: Fixed up redirectors for 0 collections in 0.000011 seconds (updated 0 objects)
[2015.09.27-14.48.10:411][561]LogSlate:Warning: Prevented a slow task dialog from being summoned while a context menu was open
[2015.09.27-14.48.20:252][561]LogTexture:Display: Building textures: T_Cliff01_D_CC_R (AutoDXT)
[2015.09.27-14.51.58:058][561]LogTexture:Display: Building textures: T_Cliff01_N (BC5)
[2015.09.27-14.52.21:791][561]LogTexture:Display: Building textures: T_CliffRock_03_N (BC5)
[2015.09.27-14.52.28:176][561]LogTexture:Display: Building textures: T_CliffRockTile_03_D (AutoDXT)
[2015.09.27-14.52.44:002][561]LogMaterial: Missing cached shader map for material M_Photoscan_Master, compiling. 
[2015.09.27-14.52.44:503][561]LogMaterial: Missing cached shader map for material M_Photoscan_Master, compiling. 
[2015.09.27-14.52.45:666][561]LogStaticMesh: Building static mesh SM_Cliff01...
[2015.09.27-14.52.47:173][561]LogStaticMesh: Built static mesh [1.602135.2s] /Game/KiteDemo/Environments/Cliffs/Cliff01/SM_Cliff01.SM_Cliff01
[2015.09.27-14.52.49:952][561]LogTexture:Display: Building textures: BogMyrtle_01_Atlas_Tex (AutoDXT)
[2015.09.27-14.53.04:952][561]LogTexture:Display: Building textures: BogMyrtle_01_Atlas_Normal_Tex (BC5)
[2015.09.27-14.53.10:009][561]LogTexture:Display: Building textures: T_BogMyrtleBtm_01_D (AutoDXT)
[2015.09.27-14.53.22:509][561]LogTexture:Display: Building textures: T_BogMyrtleBtm_01_N (BC5)
[2015.09.27-14.53.26:950][561]LogMaterial: Missing cached shader map for material BogMyrtle_01_Fronds_Mat, compiling. 
[2015.09.27-14.53.27:456][561]LogTexture:Display: Building textures: BogMyrtle_01_Atlas_Billboards_Normal_Tex (BC5)
[2015.09.27-14.53.29:013][561]LogTexture:Display: Building textures: BogMyrtleBush_01_Atlas_Billboards_Tex (AutoDXT)
[2015.09.27-14.53.36:160][561]LogTexture:Display: Building textures: BogMyrtleBush_01_Atlas_Billboards_Normal_Tex (BC5)
[2015.09.27-14.53.37:565][561]LogTexture:Display: Building textures: BogMyrtle_01_Atlas_Billboards_Tex (AutoDXT)
[2015.09.27-14.53.43:301][561]LogMaterial: Missing cached shader map for material BogMyrtle_01_Billboard_Mat, compiling. 
[2015.09.27-14.53.43:769][561]LogTexture:Display: Building textures: BogMyrtleBush_02_Atlas_Billboards_Tex (AutoDXT)
[2015.09.27-14.53.50:974][561]LogTexture:Display: Building textures: BogMyrtleBush_02_Atlas_Billboards_Normal_Tex (BC5)
[2015.09.27-14.53.53:083][561]LogTexture:Display: Building textures: T_Water_Screen_Noise_Soft2 (AutoDXT)
[2015.09.27-14.53.54:512][561]LogTexture:Display: Building textures: T_TilingNo