[2015.09.26-11.16.14:990][  0]Log file open, 09/26/15 15:16:14
[2015.09.26-11.16.14:990][  0]LogInit:Display: Running engine for game: Mount
[2015.09.26-11.16.14:990][  0]LogInit:Display: RandInit(-703165733) SRandInit(-703165732).
[2015.09.26-11.16.14:990][  0]LogTaskGraph: Started task graph with 4 named threads and 5 total threads.
[2015.09.26-11.16.14:990][  0]LogStats: Stats thread started at 0.066616
[2015.09.26-11.16.14:990][  0]LogInit: Version: 4.9.1-2689999+++depot+UE4-Releases+4.9
[2015.09.26-11.16.14:990][  0]LogInit: API Version: 2672455
[2015.09.26-11.16.14:990][  0]LogInit: Compiled (64-bit): Sep 14 2015 04:12:03
[2015.09.26-11.16.14:990][  0]LogInit: Compiled with Visual C++: 18.00.21005.01
[2015.09.26-11.16.14:990][  0]LogInit: Build Configuration: Development
[2015.09.26-11.16.14:990][  0]LogInit: Branch Name: ++depot+UE4-Releases+4.9
[2015.09.26-11.16.14:990][  0]LogInit: Command line: 
[2015.09.26-11.16.14:990][  0]LogInit: Base directory: E:/Epic Games/4.9/Engine/Binaries/Win64/
[2015.09.26-11.16.14:990][  0]LogInit: Rocket: 1
[2015.09.26-11.16.15:002][  0]LogInit: Using libcurl 7.41.0
[2015.09.26-11.16.15:002][  0]LogInit:  - built for x86_64-pc-win32
[2015.09.26-11.16.15:002][  0]LogInit:  - supports SSL with WinSSL
[2015.09.26-11.16.15:002][  0]LogInit:  - other features:
[2015.09.26-11.16.15:002][  0]LogInit:      CURL_VERSION_SSL
[2015.09.26-11.16.15:002][  0]LogInit:      CURL_VERSION_IPV6
[2015.09.26-11.16.15:002][  0]LogInit:      CURL_VERSION_ASYNCHDNS
[2015.09.26-11.16.15:002][  0]LogInit:      CURL_VERSION_LARGEFILE
[2015.09.26-11.16.15:002][  0]LogInit:      CURL_VERSION_IDN
[2015.09.26-11.16.15:002][  0]LogInit:  CurlRequestOptions (configurable via config and command line):
[2015.09.26-11.16.15:002][  0]LogInit:  - bVerifyPeer = true  - Libcurl will verify peer certificate
[2015.09.26-11.16.15:002][  0]LogInit:  - bUseHttpProxy = false  - Libcurl will NOT use HTTP proxy
[2015.09.26-11.16.15:002][  0]LogInit:  - bDontReuseConnections = false  - Libcurl will reuse connections
[2015.09.26-11.16.15:002][  0]LogInit:  - CertBundlePath = nullptr  - Libcurl will use whatever was configured at build time.
[2015.09.26-11.16.15:015][  0]LogInit: Presizing for 0 objects not considered by GC, pre-allocating 0 bytes.
[2015.09.26-11.16.15:025][  0]LogInit: Object subsystem initialized
[2015.09.26-11.16.15:027][  0]LogInit: Selected Device Profile: [Windows]
[2015.09.26-11.16.15:027][  0]LogInit: Applying CVar settings loaded from the selected device profile: [Windows]
[2015.09.26-11.16.15:039][  0]LogInit: Computer: HOME-PC
[2015.09.26-11.16.15:039][  0]LogInit: User: Dima
[2015.09.26-11.16.15:039][  0]LogInit: CPU Page size=4096, Cores=2
[2015.09.26-11.16.15:039][  0]LogInit: High frequency timer resolution =3.092093 MHz
[2015.09.26-11.16.15:040][  0]LogMemory: Memory total: Physical=6.0GB (6GB approx)
[2015.09.26-11.16.15:040][  0]LogMemory: Platform Memory Stats for Windows
[2015.09.26-11.16.15:040][  0]LogMemory: Process Physical Memory: 52.06 MB used, 52.06 MB peak
[2015.09.26-11.16.15:040][  0]LogMemory: Process Virtual Memory: 56.70 MB used, 56.70 MB peak
[2015.09.26-11.16.15:040][  0]LogMemory: Physical Memory: 3190.88 MB used, 6142.05 MB total
[2015.09.26-11.16.15:040][  0]LogMemory: Virtual Memory: 343.61 MB used, 134217728.00 MB total
[2015.09.26-11.16.15:069][  0]LogTextLocalizationManager: No translations for ('ru-RU') exist, falling back to 'en' for localization and internationalization data.
[2015.09.26-11.16.16:046][  0]LogD3D11RHI: Found D3D11 adapter 0: ATI Radeon HD 4800 Series (Engineering Sample - WDDM v1.1) (Feature Level 10_0)
[2015.09.26-11.16.16:046][  0]LogD3D11RHI: Adapter has 1014MB of dedicated video memory, 0MB of dedicated system memory, and 2816MB of shared system memory, 1 output[s]
[2015.09.26-11.16.16:047][  0]LogD3D11RHI: Found D3D11 adapter 1: Microsoft Basic Render Driver (Feature Level 11_0)
[2015.09.26-11.16.16:047][  0]LogD3D11RHI: Adapter has 0MB of dedicated video memory, 0MB of dedicated system memory, and 256MB of shared system memory, 0 output[s]
[2015.09.26-11.16.16:047][  0]LogD3D11RHI: Chosen D3D11 Adapter Id = 0
[2015.09.26-11.16.16:051][  0]LogD3D11RHI: !Direct3DDevice
[2015.09.26-11.16.16:051][  0]LogRHI: Texture pool is 710 MB (70% of 1014 MB)
[2015.09.26-11.16.16:069][  0]LogD3D11RHI: Async texture creation disabled: no driver support
[2015.09.26-11.16.16:075][  0]LogShaderCompilers: Guid format shader working directory is 15 characters bigger than the processId version (D:/Unreal Projects/Mount/Intermediate/Shaders/WorkingDirectory/1620/).
[2015.09.26-11.16.16:075][  0]LogShaderCompilers: Cleaned the shader compiler working directory 'D:/Unreal Projects/Mount/Intermediate/Shaders/tmp/7B691AC54ED68825FC1B76839EBBC051/'.
[2015.09.26-11.16.16:075][  0]LogShaderCompilers:Display: Using Local Shader Compiler.
[2015.09.26-11.16.17:447][  0]LogTemp:Display: Loaded TP AllDesktopTargetPlatform
[2015.09.26-11.16.17:454][  0]LogTemp:Display: Loaded TP WindowsClientTargetPlatform
[2015.09.26-11.16.17:461][  0]LogTemp:Display: Loaded TP WindowsNoEditorTargetPlatform
[2015.09.26-11.16.17:469][  0]LogTemp:Display: Loaded TP WindowsServerTargetPlatform
[2015.09.26-11.16.17:475][  0]LogTemp:Display: Loaded TP WindowsTargetPlatform
[2015.09.26-11.16.17:480][  0]LogTemp:Display: Loaded TP AndroidTargetPlatform
[2015.09.26-11.16.17:484][  0]LogTemp:Display: Loaded TP Android_ASTCTargetPlatform
[2015.09.26-11.16.17:489][  0]LogTemp:Display: Loaded TP Android_ATCTargetPlatform
[2015.09.26-11.16.17:493][  0]LogTemp:Display: Loaded TP Android_DXTTargetPlatform
[2015.09.26-11.16.17:497][  0]LogTemp:Display: Loaded TP Android_ETC1TargetPlatform
[2015.09.26-11.16.17:502][  0]LogTemp:Display: Loaded TP Android_ETC2TargetPlatform
[2015.09.26-11.16.17:506][  0]LogTemp:Display: Loaded TP Android_PVRTCTargetPlatform
[2015.09.26-11.16.17:507][  0]LogTemp:Display: Loaded TP HTML5TargetPlatform
[2015.09.26-11.16.17:526][  0]LogTemp:Display: Loaded TP IOSTargetPlatform
[2015.09.26-11.16.17:530][  0]LogTemp:Display: Loaded TP LinuxNoEditorTargetPlatform
[2015.09.26-11.16.17:534][  0]LogTemp:Display: Loaded TP LinuxServerTargetPlatform
[2015.09.26-11.16.17:539][  0]LogTemp:Display: Loaded TP LinuxTargetPlatform
[2015.09.26-11.16.17:539][  0]LogTargetPlatformManager:Display: Building Assets For Windows
[2015.09.26-11.16.17:641][  0]LogDerivedDataCache:Display: Max Cache Size: 512 MB
[2015.09.26-11.16.17:729][  0]LogDerivedDataCache: Loaded boot cache 0.09s 36MB C:/Users/Dima/AppData/Local/UnrealEngine/4.9/DerivedDataCache/Boot.ddc.
[2015.09.26-11.16.17:730][  0]LogDerivedDataCache:Display: Loaded Boot cache: C:/Users/Dima/AppData/Local/UnrealEngine/4.9/DerivedDataCache/Boot.ddc
[2015.09.26-11.16.17:730][  0]LogDerivedDataCache: FDerivedDataBackendGraph:  Pak pak cache file D:/Unreal Projects/Mount/DerivedDataCache/DDC.ddp not found, will not use a pak cache.
[2015.09.26-11.16.17:730][  0]LogDerivedDataCache: Unable to find inner node Pak for hierarchical cache Hierarchy.
[2015.09.26-11.16.17:730][  0]LogDerivedDataCache: FDerivedDataBackendGraph:  CompressedPak pak cache file D:/Unreal Projects/Mount/DerivedDataCache/Compressed.ddp not found, will not use a pak cache.
[2015.09.26-11.16.17:730][  0]LogDerivedDataCache: Unable to find inner node CompressedPak for hierarchical cache Hierarchy.
[2015.09.26-11.16.17:897][  0]LogDerivedDataCache:Display: Pak cache opened for reading ../../../Engine/DerivedDataCache/Compressed.ddp.
[2015.09.26-11.16.17:909][  0]LogDerivedDataCache: Using Local data cache path C:/Users/Dima/AppData/Local/UnrealEngine/Common/DerivedDataCache: Writable
[2015.09.26-11.16.18:145][  0]LogInit: Selected Device Profile: [Windows]
[2015.09.26-11.16.18:149][  0]LogContentStreaming: Texture pool size is 0.000000MB
[2015.09.26-11.16.18:285][  0]LogMeshUtilities: No automatic mesh reduction module available
[2015.09.26-11.16.18:285][  0]LogMeshUtilities: No automatic mesh merging module available
[2015.09.26-11.16.18:647][  0]LogInit: WinSock: version 1.1 (2.2), MaxSocks=32767, MaxUdp=65467
[2015.09.26-11.16.19:542][  0]UdpMessaging: Initializing bridge on interface 0.0.0.0:0 to multicast group 230.0.0.1:6666.
[2015.09.26-11.16.19:661][  0]LogAssetRegistry: FAssetRegistry took 0.0111 seconds to start up
[2015.09.26-11.16.19:857][  0]SourceControl: Info Source control is disabled
[2015.09.26-11.16.19:866][  0]SourceControl: Info Source control is disabled
[2015.09.26-11.16.19:879][  0]SourceControl: Info Source control is disabled
[2015.09.26-11.16.19:894][  0]SourceControl: Info Source control is disabled
[2015.09.26-11.16.20:079][  0]LogLinker:Warning: Asset '../../../Engine/Plugins/Runtime/LeapMotionController/Content/LM_PassthroughMaterial.uasset' has been saved with empty engine version. The asset will be loaded but may be incompatible.
[2015.09.26-11.16.20:174][  0]LogObj: 28361 objects as part of root set at end of initial load.
[2015.09.26-11.16.20:174][  0]LogUObjectAllocator: 6038864 out of 0 bytes used by permanent object pool.
[2015.09.26-11.16.20:243][  0]LogEngine: Initializing Engine...
[2015.09.26-11.16.20:245][  0]LogHMD: Can't find Oculus library dev build: is proper Runtime installed? Version: 0.7.0.0
[2015.09.26-11.16.20:245][  0]LogHMD: SteamVR failed to initialize.  Err: 110
[2015.09.26-11.16.20:393][  0]LogAIModule: Creating AISystem for world NewWorld
[2015.09.26-11.16.20:400][  0]LogInit: XAudio2 using 'Динамики (Устройство с поддержкой High Definition Audio)' : 2 channels at 44.1 kHz using 16 bits per sample (channel mask 0x3)
[2015.09.26-11.16.20:417][  0]LogInit: FAudioDevice initialized.
[2015.09.26-11.16.20:451][  0]LogDerivedDataCache: Saved boot cache 0.03s 36MB C:/Users/Dima/AppData/Local/UnrealEngine/4.9/DerivedDataCache/Boot.ddc.
[2015.09.26-11.16.20:468][  0]LogInit: Texture streaming: Enabled
[2015.09.26-11.16.20:475][  0]LogAnalytics: Creating configured Analytics provider AnalyticsET
[2015.09.26-11.16.20:475][  0]LogAnalytics: [UEEditor.Rocket.Release] APIServer = http://et2.epicgames.com/ET2/. AppVersion = 4.9.1-2689999+++depot+UE4-Releases+4.9
[2015.09.26-11.16.20:475][  0]LogAnalytics: [UEEditor.Rocket.Release] SetUserId 43b2b92f40fd89f5f59b00a7dd5b4531|ad35640b2cea4448bd26c779f4aa1f40|c2aa0f81-c9e6-4b47-aeb3-6305f92e1b8c
[2015.09.26-11.16.20:475][  0]LogAnalytics: [UEEditor.Rocket.Release] AnalyticsET::StartSession
[2015.09.26-11.16.20:485][  0]LogWindowsTextInputMethodSystem:Display: IME system now deactivated.
[2015.09.26-11.16.20:499][  0]LogInit: Transaction tracking system initialized
[2015.09.26-11.16.20:541][  0]BlueprintLog: New page: Editor Load
[2015.09.26-11.16.20:647][  0]LocalizationService: Info Localization service is disabled
[2015.09.26-11.16.20:738][  0]LogConsoleResponse:Display: 
[2015.09.26-11.16.20:913][  0]LogCook:Display: Done creating registry. It took  0.00s.
[2015.09.26-11.16.21:000][  0]LogFileCache: Scanning file cache for directory 'D:/Unreal Projects/Mount/Content/' took 0.02s
[2015.09.26-11.16.21:000][  0]SourceControl: Info Source control is disabled
[2015.09.26-11.16.21:000][  0]Cmd: MAP LOAD FILE="D:/Unreal Projects/Mount/Content/StarterContent/Maps/Minimal_Default.umap" TEMPLATE=0 SHOWPROGRESS=1 FEATURELEVEL=2
[2015.09.26-11.16.21:001][  0]LightingResults: New page: Lighting Build
[2015.09.26-11.16.21:005][  0]MapCheck: New page: Map Check
[2015.09.26-11.16.21:005][  0]LightingResults: New page: Lighting Build
[2015.09.26-11.16.21:029][  0]LogParticles: Destroying 0 GPU particle simulations for FXSystem 0x0000004844997420
[2015.09.26-11.16.21:394][  0]LogMaterial: Missing cached shader map for material M_StatueGlass, compiling. 
[2015.09.26-11.16.21:635][  0]LogAIModule: Creating AISystem for world Minimal_Default
[2015.09.26-11.16.21:645][  0]LogStaticMesh:Warning: Cached component instance data transform did not match!  Discarding cached lighting data which will cause lighting to be unbuilt.
/Game/StarterContent/Maps/Minimal_Default.Minimal_Default:PersistentLevel.BP_Sky_Sphere_C_2.Sky Sphere mesh
Current X=0.000000 Y=0.000000 Z=0.000000 Cached X=0.000000 Y=0.000000 Z=0.000000
[2015.09.26-11.16.21:645][  0]LogEditorServer: Finished looking for orphan Actors (0.000 secs)
[2015.09.26-11.16.21:646][  0]Cmd: MAP CHECKDEP NOCLEARLOG
[2015.09.26-11.16.21:739][  0]MapCheck: Info Map check complete: 0 Error(s), 0 Warning(s), took 92.776ms to complete.
[2015.09.26-11.16.21:739][  0]LogFileHelpers: Loading map 'Minimal_Default' took 0.739
[2015.09.26-11.16.21:992][  0]LogCollectionManager: Loaded 0 collections in 0.002756 seconds
[2015.09.26-11.16.22:090][  0]LogFileCache: Scanning file cache for directory 'D:/Unreal Projects/Mount/Saved/Collections/' took 0.03s
[2015.09.26-11.16.22:090][  0]LogFileCache: Scanning file cache for directory 'D:/Unreal Projects/Mount/Content/Developers/Dima/Collections/' took 0.02s
[2015.09.26-11.16.22:090][  0]LogFileCache: Scanning file cache for directory 'D:/Unreal Projects/Mount/Content/Collections/' took 0.04s
[2015.09.26-11.16.22:090][  0]LogContentBrowser: Native class hierarchy populated in 0.0105 seconds. Added 1867 classes and 333 folders.
[2015.09.26-11.16.22:108][  0]LogCollectionManager: Rebuilt the GUID cache for 0 collections in 0.000003 seconds
[2015.09.26-11.16.22:162][  0]LogContentBrowser: Native class hierarchy updated for 'WidgetCarousel' in 0.0006 seconds. Added 0 classes and 0 folders.
[2015.09.26-11.16.22:259][  0]LogContentBrowser: Native class hierarchy updated for 'AddContentDialog' in 0.0004 seconds. Added 0 classes and 0 folders.
[2015.09.26-11.16.22:268][  0]LogContentBrowser: Native class hierarchy updated for 'SceneOutliner' in 0.0004 seconds. Added 1 classes and 2 folders.
[2015.09.26-11.16.22:368][  0]LogCrashTracker: Crashtracker disabled due to settings.
[2015.09.26-11.16.22:443][  0]LogUObjectGlobals:Warning: Failed to find object 'Class None.'
[2015.09.26-11.16.22:489][  0]LogLoad: Full Startup: 8.08 seconds (BP compile: 0.06 seconds)
[2015.09.26-11.16.22:576][  0]LogContentStreaming: Texture pool size now 1000 MB
[2015.09.26-11.16.22:851][  0]LogRenderer: Reallocating scene render targets to support 1208x576 (Frame:2).
[2015.09.26-11.16.23:321][  1]LogEditorViewport: Clicking on Actor (LMB): BP_Sky_Sphere_C (BP_Sky_Sphere)
[2015.09.26-11.16.23:684][  4]LogAssetRegistry: Asset discovery search completed in 4.0344 seconds
[2015.09.26-11.16.23:684][  4]LogCollectionManager: Rebuilt the object cache for 0 collections in 0.000001 seconds (found 0 objects)
[2015.09.26-11.16.23:684][  4]LogCollectionManager: Fixed up redirectors for 0 collections in 0.000026 seconds (updated 0 objects)
[2015.09.26-11.16.52:181][525]Cmd: MAP LOAD FILE="D:/Unreal Projects/Mount/Content/StarterContent/Maps/StarterMap.umap" TEMPLATE=0 SHOWPROGRESS=1 FEATURELEVEL=2
[2015.09.26-11.16.52:199][525]LightingResults: New page: Lighting Build
[2015.09.26-11.16.52:217][525]LoadErrors: New page: Loading map: StarterMap.umap
[2015.09.26-11.16.52:218][525]MapCheck: New page: Map Check
[2015.09.26-11.16.52:218][525]LightingResults: New page: Lighting Build
[2015.09.26-11.16.52:249][525]LogParticles: Destroying 0 GPU particle simulations for FXSystem 0x0000004836D665C0
[2015.09.26-11.16.55:278][525]LogAIModule: Creating AISystem for world StarterMap
[2015.09.26-11.16.55:639][525]LogEditorServer: Finished looking for orphan Actors (0.000 secs)
[2015.09.26-11.16.55:724][525]Cmd: MAP CHECKDEP NOCLEARLOG
[2015.09.26-11.16.55:875][525]MapCheck: Info Map check complete: 0 Error(s), 0 Warning(s), took 150.818ms to complete.
[2015.09.26-11.16.55:875][525]LogFileHelpers: Loading map 'StarterMap' took 3.696
[2015.09.26-11.17.09:493][  3]Cmd: MAP LOAD FILE="D:/Unreal Projects/Mount/Content/StarterContent/Maps/Advanced_Lighting.umap" TEMPLATE=0 SHOWPROGRESS=1 FEATURELEVEL=2
[2015.09.26-11.17.09:516][  3]LightingResults: New page: Lighting Build
[2015.09.26-11.17.09:535][  3]LoadErrors: New page: Loading map: Advanced_Lighting.umap
[2015.09.26-11.17.09:537][  3]MapCheck: New page: Map Check
[2015.09.26-11.17.09:537][  3]LightingResults: New page: Lighting Build
[2015.09.26-11.17.09:572][  3]LogParticles: Destroying 0 GPU particle simulations for FXSystem 0x00000048571D9800
[2015.09.26-11.17.10:742][  3]LogAIModule: Creating AISystem for world Advanced_Lighting
[2015.09.26-11.17.10:778][  3]LogStaticMesh:Warning: Cached component instance data transform did not match!  Discarding cached lighting data which will cause lighting to be unbuilt.
/Game/StarterContent/Maps/Advanced_Lighting.Advanced_Lighting:PersistentLevel.BP_LightStudio_C_0.Skybox
Current X=0.000000 Y=0.000000 Z=1500.000000 Cached X=0.000000 Y=0.000000 Z=1500.000000
[2015.09.26-11.17.11:017][  3]LogEditorServer: Finished looking for orphan Actors (0.000 secs)
[2015.09.26-11.17.11:057][  3]Cmd: MAP CHECKDEP NOCLEARLOG
[2015.09.26-11.17.11:167][  3]MapCheck: Info Map check complete: 0 Error(s), 0 Warning(s), took 109.834ms to complete.
[2015.09.26-11.17.11:167][  3]LogFileHelpers: Loading map 'Advanced_Lighting' took 1.676
[2015.09.26-11.17.16:918][351]Cmd: MAP LOAD FILE="D:/Unreal Projects/Mount/Content/StarterContent/Maps/Minimal_Default.umap" TEMPLATE=0 SHOWPROGRESS=1 FEATURELEVEL=2
[2015.09.26-11.17.16:939][351]LightingResults: New page: Lighting Build
[2015.09.26-11.17.16:958][351]LoadErrors: New page: Loading map: Minimal_Default.umap
[2015.09.26-11.17.16:959][351]MapCheck: New page: Map Check
[2015.09.26-11.17.16:959][351]LightingResults: New page: Lighting Build
[2015.09.26-11.17.16:988][351]LogParticles: Destroying 0 GPU particle simulations for FXSystem 0x000000486D856F20
[2015.09.26-11.17.17:016][351]LogAIModule: Creating AISystem for world Minimal_Default
[2015.09.26-11.17.17:021][351]LogStaticMesh:Warning: Cached component instance data transform did not match!  Discarding cached lighting data which will cause lighting to be unbuilt.
/Game/StarterContent/Maps/Minimal_Default.Minimal_Default:PersistentLevel.BP_Sky_Sphere_C_2.Sky Sphere mesh
Current X=0.000000 Y=0.000000 Z=0.000000 Cached X=0.000000 Y=0.000000 Z=0.000000
[2015.09.26-11.17.17:072][351]LogEditorServer: Finished looking for orphan Actors (0.000 secs)
[2015.09.26-11.17.17:118][351]Cmd: MAP CHECKDEP NOCLEARLOG
[2015.09.26-11.17.17:230][351]MapCheck: Info Map check complete: 0 Error(s), 0 Warning(s), took 111.904ms to complete.
[2015.09.26-11.17.17:230][351]LogFileHelpers: Loading map 'Minimal_Default' took 0.314
[2015.09.26-11.17.37:594][410]LogShaderCompilers:Warning: Failed to compile Material /Game/StarterContent/Props/Materials/M_StatueGlass.M_StatueGlass for platform PCD3D_SM4, Default Material will be used in game.
[2015.09.26-11.19.14:105][ 72]LogUProjectInfo: Found projects:
[2015.09.26-11.19.21:789][345]Cmd: CLOSE_SLATE_MAINFRAME
[2015.09.26-11.19.21:922][345]LogWindowsTextInputMethodSystem:Display: IME system now deactivated.
[2015.09.26-11.19.22:254][346]Cmd: QUIT_EDITOR
[2015.09.26-11.19.22:603][346]LogExit: Preparing to exit.
[2015.09.26-11.19.23:824][346]LogExit: Editor shut down
[2015.09.26-11.19.23:825][346]LogExit: Transaction tracking system shut down
[2015.09.26-11.19.23:832][346]LogParticles: Destroying 0 GPU particle simulations for FXSystem 0x00000048493DE660
[2015.09.26-11.19.24:088][346]LogParticles: Destroying 0 GPU particle simulations for FXSystem 0x0000004849E8C9A0
[2015.09.26-11.19.24:089][346]LogExit: Object subsystem successfully closed.
[2015.09.26-11.19.24:108][346]LogD3D11RHI: Shutdown
[2015.09.26-11.19.24:108][346]LogD3D11RHI: CleanupD3DDevice
[2015.09.26-11.19.24:244][346]LogD3D11RHI: ~FD3D11DynamicRHI
[2015.09.26-11.19.24:264][346]LogModuleManager: Shutting down and abandoning module CrashTracker (197)
[2015.09.26-11.19.24:264][346]LogModuleManager: Shutting down and abandoning module SceneOutliner (196)
[2015.09.26-11.19.24:264][346]LogModuleManager: Shutting down and abandoning module SuperSearch (195)
[2015.09.26-11.19.24:264][346]LogModuleManager: Shutting down and abandoning module WidgetCarousel (194)
[2015.09.26-11.19.24:264][346]LogModuleManager: Shutting down and abandoning module AddContentDialog (193)
[2015.09.26-11.19.24:267][346]LogModuleManager: Shutting down and abandoning module EditorWidgets (192)
[2015.09.26-11.19.24:267][346]LogModuleManager: Shutting down and abandoning module CollectionManager (191)
[2015.09.26-11.19.24:267][346]LogModuleManager: Shutting down and abandoning module StatsViewer (190)
[2015.09.26-11.19.24:267][346]LogModuleManager: Shutting down and abandoning module FoliageEdit (189)
[2015.09.26-11.19.24:267][346]LogModuleManager: Shutting down and abandoning module LandscapeEditor (188)
[2015.09.26-11.19.24:267][346]LogModuleManager: Shutting down and abandoning module ActorPickerMode (187)
[2015.09.26-11.19.24:267][346]LogModuleManager: Shutting down and abandoning module GeometryMode (186)
[2015.09.26-11.19.24:267][346]LogModuleManager: Shutting down and abandoning module TextureAlignMode (185)
[2015.09.26-11.19.24:267][346]LogModuleManager: Shutting down and abandoning module BspMode (184)
[2015.09.26-11.19.24:267][346]LogModuleManager: Shutting down and abandoning module PlacementMode (183)
[2015.09.26-11.19.24:267][346]LogModuleManager: Shutting down and abandoning module AutomationWorker (182)
[2015.09.26-11.19.24:267][346]LogModuleManager: Shutting down and abandoning module CharacterAI (181)
[2015.09.26-11.19.24:267][346]LogModuleManager: Shutting down and abandoning module SmartSnapping (180)
[2015.09.26-11.19.24:267][346]LogModuleManager: Shutting down and abandoning module ViewportSnapping (179)
[2015.09.26-11.19.24:267][346]LogModuleManager: Shutting down and abandoning module LogVisualizer (178)
[2015.09.26-11.19.24:268][346]LogModuleManager: Shutting down and abandoning module GameProjectGeneration (177)
[2015.09.26-11.19.24:268][346]LogModuleManager: Shutting down and abandoning module IntroTutorials (176)
[2015.09.26-11.19.24:268][346]LogModuleManager: Shutting down and abandoning module EditorLiveStreaming (175)
[2015.09.26-11.19.24:268][346]LogModuleManager: Shutting down and abandoning module IOSPlatformEditor (174)
[2015.09.26-11.19.24:268][346]LogModuleManager: Shutting down and abandoning module HTML5PlatformEditor (173)
[2015.09.26-11.19.24:268][346]LogModuleManager: Shutting down and abandoning module AndroidDeviceDetection (172)
[2015.09.26-11.19.24:970][346]LogModuleManager: Shutting down and abandoning module AndroidPlatformEditor (171)
[2015.09.26-11.19.24:970][346]LogModuleManager: Shutting down and abandoning module IOSRuntimeSettings (170)
[2015.09.26-11.19.24:970][346]LogModuleManager: Shutting down and abandoning module AndroidRuntimeSettings (169)
[2015.09.26-11.19.24:970][346]LogModuleManager: Shutting down and abandoning module MergeActors (168)
[2015.09.26-11.19.24:970][346]LogModuleManager: Shutting down and abandoning module SizeMap (167)
[2015.09.26-11.19.24:970][346]LogModuleManager: Shutting down and abandoning module TreeMap (166)
[2015.09.26-11.19.24:970][346]LogModuleManager: Shutting down and abandoning module ReferenceViewer (165)
[2015.09.26-11.19.24:970][346]LogModuleManager: Shutting down and abandoning module LocalizationService (164)
[2015.09.26-11.19.24:970][346]LogModuleManager: Shutting down and abandoning module LocalizationDashboard (163)
[2015.09.26-11.19.24:970][346]LogModuleManager: Shutting down and abandoning module HardwareTargeting (162)
[2015.09.26-11.19.24:970][346]LogModuleManager: Shutting down and abandoning module DeviceProfileEditor (161)
[2015.09.26-11.19.24:970][346]LogModuleManager: Shutting down and abandoning module UndoHistory (160)
[2015.09.26-11.19.24:970][346]LogModuleManager: Shutting down and abandoning module GameplayTagsEditor (159)
[2015.09.26-11.19.24:970][346]LogModuleManager: Shutting down and abandoning module UserFeedback (158)
[2015.09.26-11.19.24:970][346]LogModuleManager: Shutting down and abandoning module XmlParser (157)
[2015.09.26-11.19.24:970][346]LogModuleManager: Shutting down and abandoning module Blutility (156)
[2015.09.26-11.19.24:970][346]LogModuleManager: Shutting down and abandoning module ProjectTargetPlatformEditor (155)
[2015.09.26-11.19.24:970][346]LogModuleManager: Shutting down and abandoning module ProjectSettingsViewer (154)
[2015.09.26-11.19.24:970][346]LogModuleManager: Shutting down and abandoning module InputBindingEditor (153)
[2015.09.26-11.19.24:970][346]LogModuleManager: Shutting down and abandoning module EditorSettingsViewer (152)
[2015.09.26-11.19.24:970][346]LogModuleManager: Shutting down and abandoning module SettingsEditor (151)
[2015.09.26-11.19.24:970][346]LogModuleManager: Shutting down and abandoning module ProjectLauncher (150)
[2015.09.26-11.19.24:970][346]LogModuleManager: Shutting down and abandoning module SessionFrontend (149)
[2015.09.26-11.19.24:970][346]LogModuleManager: Shutting down and abandoning module ProfilerClient (148)
[2015.09.26-11.19.24:970][346]LogModuleManager: Shutting down and abandoning module TargetDeviceServices (147)
[2015.09.26-11.19.24:971][346]LogModuleManager: Shutting down and abandoning module DeviceManager (146)
[2015.09.26-11.19.24:971][346]LogModuleManager: Shutting down and abandoning module AutomationController (145)
[2015.09.26-11.19.24:971][346]LogModuleManager: Shutting down and abandoning module AutomationWindow (144)
[2015.09.26-11.19.24:971][346]LogModuleManager: Shutting down and abandoning module Layers (143)
[2015.09.26-11.19.24:971][346]LogModuleManager: Shutting down and abandoning module ComponentVisualizers (142)
[2015.09.26-11.19.24:971][346]LogModuleManager: Shutting down and abandoning module DetailCustomizations (141)
[2015.09.26-11.19.24:971][346]LogModuleManager: Shutting down and abandoning module PackagesDialog (140)
[2015.09.26-11.19.24:971][346]LogModuleManager: Shutting down and abandoning module Persona (139)
[2015.09.26-11.19.24:971][346]LogModuleManager: Shutting down and abandoning module Kismet (138)
[2015.09.26-11.19.24:971][346]LogModuleManager: Shutting down and abandoning module GraphEditor (137)
[2015.09.26-11.19.24:971][346]LogModuleManager: Shutting down and abandoning module ClassViewer (136)
[2015.09.26-11.19.24:971][346]LogModuleManager: Shutting down and abandoning module Toolbox (135)
[2015.09.26-11.19.24:971][346]LogModuleManager: Shutting down and abandoning module ModuleUI (134)
[2015.09.26-11.19.24:971][346]LogModuleManager: Shutting down and abandoning module MovieSceneTools (133)
[2015.09.26-11.19.24:971][346]LogModuleManager: Shutting down and abandoning module OutputLog (132)
[2015.09.26-11.19.24:971][346]LogModuleManager: Shutting down and abandoning module GammaUI (131)
[2015.09.26-11.19.24:971][346]LogModuleManager: Shutting down and abandoning module Documentation (130)
[2015.09.26-11.19.24:971][346]LogModuleManager: Shutting down and abandoning module GameLiveStreaming (129)
[2015.09.26-11.19.24:971][346]LogModuleManager: Shutting down and abandoning module StreamingPauseRendering (128)
[2015.09.26-11.19.24:971][346]LogModuleManager: Shutting down and abandoning module AnalyticsET (127)
[2015.09.26-11.19.24:971][346]LogModuleManager: Shutting down and abandoning module Analytics (126)
[2015.09.26-11.19.24:971][346]LogModuleManager: Shutting down and abandoning module AITestSuite (125)
[2015.09.26-11.19.24:971][346]LogModuleManager: Shutting down and abandoning module GameplayDebugger (124)
[2015.09.26-11.19.24:971][346]LogModuleManager: Shutting down and abandoning module AIModule (123)
[2015.09.26-11.19.24:971][346]LogModuleManager: Shutting down and abandoning module ProfilerService (122)
[2015.09.26-11.19.25:014][346]LogModuleManager: Shutting down and abandoning module TaskGraph (121)
[2015.09.26-11.19.25:014][346]LogModuleManager: Shutting down and abandoning module SlateRemote (120)
[2015.09.26-11.19.25:014][346]LogModuleManager: Shutting down and abandoning module SteamVRController (119)
[2015.09.26-11.19.25:014][346]LogModuleManager: Shutting down and abandoning module SteamVR (118)
[2015.09.26-11.19.25:014][346]LogModuleManager: Shutting down and abandoning module ProceduralMeshComponent (117)
[2015.09.26-11.19.25:014][346]LogModuleManager: Shutting down and abandoning module OculusRift (116)
[2015.09.26-11.19.25:014][346]LogModuleManager: Shutting down and abandoning module OculusLibrary (115)
[2015.09.26-11.19.25:014][346]LogModuleManager: Shutting down and abandoning module LeapMotionController (114)
[2015.09.26-11.19.25:023][346]LogModuleManager: Shutting down and abandoning module CustomMeshComponent (113)
[2015.09.26-11.19.25:023][346]LogModuleManager: Shutting down and abandoning module CableComponent (112)
[2015.09.26-11.19.25:023][346]LogModuleManager: Shutting down and abandoning module ArchVisCharacter (111)
[2015.09.26-11.19.25:023][346]LogModuleManager: Shutting down and abandoning module MessagingDebugger (110)
[2015.09.26-11.19.25:023][346]LogModuleManager: Shutting down and abandoning module MediaPlayerEditor (109)
[2015.09.26-11.19.25:023][346]LogModuleManager: Shutting down and abandoning module HTML5Networking (108)
[2015.09.26-11.19.25:023][346]LogModuleManager: Shutting down and abandoning module SpeedTreeImporter (107)
[2015.09.26-11.19.25:023][346]LogModuleManager: Shutting down and abandoning module PluginBrowser (106)
[2015.09.26-11.19.25:023][346]LogModuleManager: Shutting down and abandoning module EpicSurvey (105)
[2015.09.26-11.19.25:023][346]LogModuleManager: Shutting down and abandoning module DesktopPlatform (104)
[2015.09.26-11.19.25:023][346]LogModuleManager: Shutting down and abandoning module VisualStudioSourceCodeAccess (103)
[2015.09.26-11.19.25:023][346]LogModuleManager: Shutting down and abandoning module UObjectPlugin (102)
[2015.09.26-11.19.25:023][346]LogModuleManager: Shutting down and abandoning module SubversionSourceControl (101)
[2015.09.26-11.19.25:023][346]LogModuleManager: Shutting down and abandoning module PerforceSourceControl (100)
[2015.09.26-11.19.25:023][346]LogModuleManager: Shutting down and abandoning module SourceControl (99)
[2015.09.26-11.19.25:023][346]LogModuleManager: Shutting down and abandoning module GitSourceControl (98)
[2015.09.26-11.19.25:023][346]LogModuleManager: Shutting down and abandoning module LightPropagationVolumeEditor (97)
[2015.09.26-11.19.25:023][346]LogModuleManager: Shutting down and abandoning module PaperTiledImporter (96)
[2015.09.26-11.19.25:023][346]LogModuleManager: Shutting down and abandoning module PaperSpriteSheetImporter (95)
[2015.09.26-11.19.25:023][346]LogModuleManager: Shutting down and abandoning module MeshPaint (94)
[2015.09.26-11.19.25:023][346]LogModuleManager: Shutting down and abandoning module SlateReflector (93)
[2015.09.26-11.19.25:023][346]LogModuleManager: Shutting down and abandoning module HotReload (92)
[2015.09.26-11.19.25:023][346]LogModuleManager: Shutting down and abandoning module MainFrame (91)
[2015.09.26-11.19.25:023][346]LogModuleManager: Shutting down and abandoning module LevelEditor (90)
[2015.09.26-11.19.25:024][346]LogModuleManager: Shutting down and abandoning module DirectoryWatcher (89)
[2015.09.26-11.19.25:026][346]LogModuleManager: Shutting down and abandoning module AssetRegistry (88)
[2015.09.26-11.19.25:088][346]LogModuleManager: Shutting down and abandoning module ContentBrowser (87)
[2015.09.26-11.19.25:089][346]LogModuleManager: Shutting down and abandoning module Paper2DEditor (86)
[2015.09.26-11.19.25:089][346]LogModuleManager: Shutting down and abandoning module UdpMessaging (85)
[2015.09.26-11.19.25:190][346]LogModuleManager: Shutting down and abandoning module LightPropagationVolumeRuntime (84)
[2015.09.26-11.19.25:190][346]LogModuleManager: Shutting down and abandoning module Paper2D (83)
[2015.09.26-11.19.25:190][346]LogModuleManager: Shutting down and abandoning module WindowsMoviePlayer (82)
[2015.09.26-11.19.25:197][346]LogModuleManager: Shutting down and abandoning module Media (81)
[2015.09.26-11.19.25:197][346]LogModuleManager: Shutting down and abandoning module WmfMedia (80)
[2015.09.26-11.19.25:197][346]LogModuleManager: Shutting down and abandoning module OnlineBlueprintSupport (79)
[2015.09.26-11.19.25:197][346]LogModuleManager: Shutting down and abandoning module GameplayTasksEditor (78)
[2015.09.26-11.19.25:197][346]LogModuleManager: Shutting down and abandoning module PropertyEditor (77)
[2015.09.26-11.19.25:197][346]LogModuleManager: Shutting down and abandoning module BehaviorTreeEditor (76)
[2015.09.26-11.19.25:197][346]LogModuleManager: Shutting down and abandoning module FunctionalTesting (75)
[2015.09.26-11.19.25:197][346]LogModuleManager: Shutting down and abandoning module CollisionAnalyzer (74)
[2015.09.26-11.19.25:197][346]LogModuleManager: Shutting down and abandoning module WorkspaceMenuStructure (73)
[2015.09.26-11.19.25:198][346]LogModuleManager: Shutting down and abandoning module MessageLog (72)
[2015.09.26-11.19.25:198][346]LogModuleManager: Shutting down and abandoning module Sequencer (71)
[2015.09.26-11.19.25:198][346]LogModuleManager: Shutting down and abandoning module AssetTools (70)
[2015.09.26-11.19.25:198][346]LogModuleManager: Shutting down and abandoning module UMGEditor (69)
[2015.09.26-11.19.25:198][346]LogModuleManager: Shutting down and abandoning module UMG (68)
[2015.09.26-11.19.25:198][346]LogModuleManager: Shutting down and abandoning module Slate (67)
[2015.09.26-11.19.25:198][346]LogModuleManager: Shutting down and abandoning module EditorStyle (66)
[2015.09.26-11.19.25:201][346]LogModuleManager: Shutting down and abandoning module SessionServices (65)
[2015.09.26-11.19.25:201][346]LogModuleManager: Shutting down and abandoning module SourceCodeAccess (64)
[2015.09.26-11.19.25:201][346]LogModuleManager: Shutting down and abandoning module HeadMountedDisplay (63)
[2015.09.26-11.19.25:201][346]LogModuleManager: Shutting down and abandoning module XAudio2 (62)
[2015.09.26-11.19.25:201][346]LogModuleManager: Shutting down and abandoning module Networking (60)
[2015.09.26-11.19.25:201][346]LogModuleManager: Shutting down and abandoning module Core (59)
[2015.09.26-11.19.25:201][346]LogModuleManager: Shutting down and abandoning module KismetCompiler (58)
[2015.09.26-11.19.25:201][346]LogModuleManager: Shutting down and abandoning module PhysXFormats (57)
[2015.09.26-11.19.25:201][346]LogModuleManager: Shutting down and abandoning module MeshUtilities (56)
[2015.09.26-11.19.25:201][346]LogModuleManager: Shutting down and abandoning module CookingStats (55)
[2015.09.26-11.19.25:204][346]LogModuleManager: Shutting down and abandoning module DerivedDataCache (54)
[2015.09.26-11.19.25:237][346]LogDerivedDataCache: Shutdown
[2015.09.26-11.19.25:237][346]LogModuleManager: Shutting down and abandoning module ShaderFormatOpenGL (53)
[2015.09.26-11.19.25:237][346]LogModuleManager: Shutting down and abandoning module ShaderFormatD3D (52)
[2015.09.26-11.19.25:237][346]LogModuleManager: Shutting down and abandoning module MetalShaderFormat (51)
[2015.09.26-11.19.25:237][346]LogModuleManager: Shutting down and abandoning module TextureFormatUncompressed (50)
[2015.09.26-11.19.25:237][346]LogModuleManager: Shutting down and abandoning module TextureFormatPVR (49)
[2015.09.26-11.19.25:237][346]LogModuleManager: Shutting down and abandoning module TextureFormatIntelISPCTexComp (48)
[2015.09.26-11.19.25:237][346]LogModuleManager: Shutting down and abandoning module TextureFormatDXT (47)
[2015.09.26-11.19.25:237][346]LogModuleManager: Shutting down and abandoning module ImageWrapper (46)
[2015.09.26-11.19.25:237][346]LogModuleManager: Shutting down and abandoning module TextureFormatASTC (45)
[2015.09.26-11.19.25:237][346]LogModuleManager: Shutting down and abandoning module TextureFormatAndroid (44)
[2015.09.26-11.19.25:237][346]LogModuleManager: Shutting down and abandoning module AudioFormatOpus (43)
[2015.09.26-11.19.25:237][346]LogModuleManager: Shutting down and abandoning module AudioFormatOgg (42)
[2015.09.26-11.19.25:237][346]LogModuleManager: Shutting down and abandoning module AudioFormatADPCM (41)
[2015.09.26-11.19.25:237][346]LogModuleManager: Shutting down and abandoning module LinuxTargetPlatform (40)
[2015.09.26-11.19.25:237][346]LogModuleManager: Shutting down and abandoning module LinuxServerTargetPlatform (39)
[2015.09.26-11.19.25:237][346]LogModuleManager: Shutting down and abandoning module LinuxNoEditorTargetPlatform (38)
[2015.09.26-11.19.25:237][346]LogModuleManager: Shutting down and abandoning module Messaging (37)
[2015.09.26-11.19.25:237][346]LogModuleManager: Shutting down and abandoning module IOSTargetPlatform (36)
[2015.09.26-11.19.25:237][346]LogModuleManager: Shutting down and abandoning module HTML5TargetPlatform (35)
[2015.09.26-11.19.25:237][346]LogModuleManager: Shutting down and abandoning module Android_PVRTCTargetPlatform (34)
[2015.09.26-11.19.25:237][346]LogModuleManager: Shutting down and abandoning module Android_ETC2TargetPlatform (33)
[2015.09.26-11.19.25:237][346]LogModuleManager: Shutting down and abandoning module Android_ETC1TargetPlatform (32)
[2015.09.26-11.19.25:237][346]LogModuleManager: Shutting down and abandoning module Android_DXTTargetPlatform (31)
[2015.09.26-11.19.25:237][346]LogModuleManager: Shutting down and abandoning module Android_ATCTargetPlatform (30)
[2015.09.26-11.19.25:237][346]LogModuleManager: Shutting down and abandoning module Android_ASTCTargetPlatform (29)
[2015.09.26-11.19.25:237][346]LogModuleManager: Shutting down and abandoning module AndroidTargetPlatform (28)
[2015.09.26-11.19.25:237][346]LogModuleManager: Shutting down and abandoning module WindowsTargetPlatform (27)
[2015.09.26-11.19.25:237][346]LogModuleManager: Shutting down and abandoning module WindowsServerTargetPlatform (26)
[2015.09.26-11.19.25:237][346]LogModuleManager: Shutting down and abandoning module WindowsNoEditorTargetPlatform (25)
[2015.09.26-11.19.25:237][346]LogModuleManager: Shutting down and abandoning module WindowsClientTargetPlatform (24)
[2015.09.26-11.19.25:237][346]LogModuleManager: Shutting down and abandoning module AllDesktopTargetPlatform (23)
[2015.09.26-11.19.25:237][346]LogModuleManager: Shutting down and abandoning module TargetPlatform (22)
[2015.09.26-11.19.25:237][346]LogModuleManager: Shutting down and abandoning module InputCore (21)
[2015.09.26-11.19.25:237][346]LogModuleManager: Shutting down and abandoning module Settings (20)
[2015.09.26-11.19.25:237][346]LogModuleManager: Shutting down and abandoning module OnlineSubsystem (18)
[2015.09.26-11.19.25:237][346]LogModuleManager: Shutting down and abandoning module HTTP (17)
[2015.09.26-11.19.27:247][346]LogModuleManager: Shutting down and abandoning module XMPP (16)
[2015.09.26-11.19.27:247][346]LogModuleManager: Shutting down and abandoning module ExampleDeviceProfileSelector (15)
[2015.09.26-11.19.27:247][346]LogModuleManager: Shutting down and abandoning module TextureCompressor (14)
[2015.09.26-11.19.27:247][346]LogModuleManager: Shutting down and abandoning module ShaderCore (13)
[2015.09.26-11.19.27:247][346]LogModuleManager: Shutting down and abandoning module Landscape (12)
[2015.09.26-11.19.27:247][346]LogModuleManager: Shutting down and abandoning module SlateRHIRenderer (11)
[2015.09.26-11.19.27:249][346]LogModuleManager: Shutting down and abandoning module OpenGLDrv (10)
[2015.09.26-11.19.27:250][346]LogModuleManager: Shutting down and abandoning module D3D11RHI (9)
[2015.09.26-11.19.27:250][346]LogModuleManager: Shutting down and abandoning module AnimGraphRuntime (8)
[2015.09.26-11.19.27:250][346]LogModuleManager: Shutting down and abandoning module Renderer (7)
[2015.09.26-11.19.27:250][346]LogModuleManager: Shutting down and abandoning module Engine (6)
[2015.09.26-11.19.27:250][346]LogModuleManager: Shutting down and abandoning module CoreUObject (5)
[2015.09.26-11.19.27:250][346]LogModuleManager: Shutting down and abandoning module NetworkFile (4)
[2015.09.26-11.19.27:250][346]LogModuleManager: Shutting down and abandoning module StreamingFile (3)
[2015.09.26-11.19.27:250][346]LogModuleManager: Shutting down and abandoning module SandboxFile (2)
[2015.09.26-11.19.27:250][346]LogModuleManager: Shutting down and abandoning module PakFile (1)
[2015.09.26-11.19.27:250][346]LogExit: Exiting.
[2015.09.26-11.19.27:270][346]Log file closed, 09/26/15 15:19:27
